ARM GAS  C:\Users\AHMADN~1\AppData\Local\Temp\ccDxZ3lX.s 			page 1


   1              		.syntax unified
   2              		.cpu cortex-m3
   3              		.fpu softvfp
   4              		.eabi_attribute 20, 1
   5              		.eabi_attribute 21, 1
   6              		.eabi_attribute 23, 3
   7              		.eabi_attribute 24, 1
   8              		.eabi_attribute 25, 1
   9              		.eabi_attribute 26, 1
  10              		.eabi_attribute 30, 6
  11              		.eabi_attribute 34, 1
  12              		.eabi_attribute 18, 4
  13              		.thumb
  14              		.syntax unified
  15              		.file	"CapSense_Controller_IdacCH0.c"
  16              		.text
  17              	.Ltext0:
  18              		.cfi_sections	.debug_frame
  19              		.global	CapSense_Controller_IdacCH0_initVar
  20              		.bss
  21              		.type	CapSense_Controller_IdacCH0_initVar, %object
  22              		.size	CapSense_Controller_IdacCH0_initVar, 1
  23              	CapSense_Controller_IdacCH0_initVar:
  24 0000 00       		.space	1
  25              		.section	.text.CapSense_Controller_IdacCH0_Init,"ax",%progbits
  26              		.align	2
  27              		.global	CapSense_Controller_IdacCH0_Init
  28              		.thumb
  29              		.thumb_func
  30              		.type	CapSense_Controller_IdacCH0_Init, %function
  31              	CapSense_Controller_IdacCH0_Init:
  32              	.LFB0:
  33              		.file 1 "Generated_Source\\PSoC5\\CapSense_Controller_IdacCH0.c"
   1:Generated_Source\PSoC5/CapSense_Controller_IdacCH0.c **** /*******************************************************************************
   2:Generated_Source\PSoC5/CapSense_Controller_IdacCH0.c **** * File Name: CapSense_Controller_IdacCH0.c
   3:Generated_Source\PSoC5/CapSense_Controller_IdacCH0.c **** * Version 2.0
   4:Generated_Source\PSoC5/CapSense_Controller_IdacCH0.c **** *
   5:Generated_Source\PSoC5/CapSense_Controller_IdacCH0.c **** * Description:
   6:Generated_Source\PSoC5/CapSense_Controller_IdacCH0.c **** *  This file provides the source code to the API for the 8-bit Current 
   7:Generated_Source\PSoC5/CapSense_Controller_IdacCH0.c **** *  DAC (IDAC8) User Module.
   8:Generated_Source\PSoC5/CapSense_Controller_IdacCH0.c **** *
   9:Generated_Source\PSoC5/CapSense_Controller_IdacCH0.c **** * Note:
  10:Generated_Source\PSoC5/CapSense_Controller_IdacCH0.c **** *  None
  11:Generated_Source\PSoC5/CapSense_Controller_IdacCH0.c **** *
  12:Generated_Source\PSoC5/CapSense_Controller_IdacCH0.c **** ********************************************************************************
  13:Generated_Source\PSoC5/CapSense_Controller_IdacCH0.c **** * Copyright 2008-2012, Cypress Semiconductor Corporation.  All rights reserved.
  14:Generated_Source\PSoC5/CapSense_Controller_IdacCH0.c **** * You may use this file only in accordance with the license, terms, conditions, 
  15:Generated_Source\PSoC5/CapSense_Controller_IdacCH0.c **** * disclaimers, and limitations in the end user license agreement accompanying 
  16:Generated_Source\PSoC5/CapSense_Controller_IdacCH0.c **** * the software package with which this file was provided.
  17:Generated_Source\PSoC5/CapSense_Controller_IdacCH0.c **** *******************************************************************************/
  18:Generated_Source\PSoC5/CapSense_Controller_IdacCH0.c **** 
  19:Generated_Source\PSoC5/CapSense_Controller_IdacCH0.c **** #include "cytypes.h"
  20:Generated_Source\PSoC5/CapSense_Controller_IdacCH0.c **** #include "CapSense_Controller_IdacCH0.h"   
  21:Generated_Source\PSoC5/CapSense_Controller_IdacCH0.c **** 
  22:Generated_Source\PSoC5/CapSense_Controller_IdacCH0.c **** #if (CY_PSOC5A)
  23:Generated_Source\PSoC5/CapSense_Controller_IdacCH0.c ****     #include <CyLib.h>
  24:Generated_Source\PSoC5/CapSense_Controller_IdacCH0.c **** #endif /* CY_PSOC5A */
ARM GAS  C:\Users\AHMADN~1\AppData\Local\Temp\ccDxZ3lX.s 			page 2


  25:Generated_Source\PSoC5/CapSense_Controller_IdacCH0.c **** 
  26:Generated_Source\PSoC5/CapSense_Controller_IdacCH0.c **** 
  27:Generated_Source\PSoC5/CapSense_Controller_IdacCH0.c **** uint8 CapSense_Controller_IdacCH0_initVar = 0u;
  28:Generated_Source\PSoC5/CapSense_Controller_IdacCH0.c **** 
  29:Generated_Source\PSoC5/CapSense_Controller_IdacCH0.c **** 
  30:Generated_Source\PSoC5/CapSense_Controller_IdacCH0.c **** #if (CY_PSOC5A)
  31:Generated_Source\PSoC5/CapSense_Controller_IdacCH0.c ****     static CapSense_Controller_IdacCH0_LOWPOWER_BACKUP_STRUCT  CapSense_Controller_IdacCH0_lowPower
  32:Generated_Source\PSoC5/CapSense_Controller_IdacCH0.c **** #endif /* CY_PSOC5A */
  33:Generated_Source\PSoC5/CapSense_Controller_IdacCH0.c **** 
  34:Generated_Source\PSoC5/CapSense_Controller_IdacCH0.c **** /* Variable to decide whether or not to restore control register in Enable()
  35:Generated_Source\PSoC5/CapSense_Controller_IdacCH0.c ****    API. This valid only for PSoC5A */
  36:Generated_Source\PSoC5/CapSense_Controller_IdacCH0.c **** #if (CY_PSOC5A)
  37:Generated_Source\PSoC5/CapSense_Controller_IdacCH0.c ****     static uint8 CapSense_Controller_IdacCH0_restoreReg = 0u;
  38:Generated_Source\PSoC5/CapSense_Controller_IdacCH0.c **** #endif /* CY_PSOC5A */
  39:Generated_Source\PSoC5/CapSense_Controller_IdacCH0.c **** 
  40:Generated_Source\PSoC5/CapSense_Controller_IdacCH0.c **** 
  41:Generated_Source\PSoC5/CapSense_Controller_IdacCH0.c **** /*******************************************************************************
  42:Generated_Source\PSoC5/CapSense_Controller_IdacCH0.c **** * Function Name: CapSense_Controller_IdacCH0_Init
  43:Generated_Source\PSoC5/CapSense_Controller_IdacCH0.c **** ********************************************************************************
  44:Generated_Source\PSoC5/CapSense_Controller_IdacCH0.c **** * Summary:
  45:Generated_Source\PSoC5/CapSense_Controller_IdacCH0.c **** *  Initialize to the schematic state.
  46:Generated_Source\PSoC5/CapSense_Controller_IdacCH0.c **** * 
  47:Generated_Source\PSoC5/CapSense_Controller_IdacCH0.c **** * Parameters:
  48:Generated_Source\PSoC5/CapSense_Controller_IdacCH0.c **** *  void:
  49:Generated_Source\PSoC5/CapSense_Controller_IdacCH0.c **** *
  50:Generated_Source\PSoC5/CapSense_Controller_IdacCH0.c **** * Return:
  51:Generated_Source\PSoC5/CapSense_Controller_IdacCH0.c **** *  (void)
  52:Generated_Source\PSoC5/CapSense_Controller_IdacCH0.c **** *
  53:Generated_Source\PSoC5/CapSense_Controller_IdacCH0.c **** * Theory:
  54:Generated_Source\PSoC5/CapSense_Controller_IdacCH0.c **** *
  55:Generated_Source\PSoC5/CapSense_Controller_IdacCH0.c **** * Side Effects:
  56:Generated_Source\PSoC5/CapSense_Controller_IdacCH0.c **** *
  57:Generated_Source\PSoC5/CapSense_Controller_IdacCH0.c **** *******************************************************************************/
  58:Generated_Source\PSoC5/CapSense_Controller_IdacCH0.c **** void CapSense_Controller_IdacCH0_Init(void) 
  59:Generated_Source\PSoC5/CapSense_Controller_IdacCH0.c **** {
  34              		.loc 1 59 0
  35              		.cfi_startproc
  36              		@ args = 0, pretend = 0, frame = 0
  37              		@ frame_needed = 1, uses_anonymous_args = 0
  38 0000 80B5     		push	{r7, lr}
  39              		.cfi_def_cfa_offset 8
  40              		.cfi_offset 7, -8
  41              		.cfi_offset 14, -4
  42 0002 00AF     		add	r7, sp, #0
  43              		.cfi_def_cfa_register 7
  60:Generated_Source\PSoC5/CapSense_Controller_IdacCH0.c ****     CapSense_Controller_IdacCH0_CR0 = (CapSense_Controller_IdacCH0_MODE_I | CapSense_Controller_Ida
  44              		.loc 1 60 0
  45 0004 0E4B     		ldr	r3, .L2
  46 0006 1422     		movs	r2, #20
  47 0008 1A70     		strb	r2, [r3]
  61:Generated_Source\PSoC5/CapSense_Controller_IdacCH0.c **** 
  62:Generated_Source\PSoC5/CapSense_Controller_IdacCH0.c ****     /* Set default data source */
  63:Generated_Source\PSoC5/CapSense_Controller_IdacCH0.c ****     #if(CapSense_Controller_IdacCH0_DEFAULT_DATA_SRC != 0u )    
  64:Generated_Source\PSoC5/CapSense_Controller_IdacCH0.c ****         CapSense_Controller_IdacCH0_CR1 = (CapSense_Controller_IdacCH0_DEFAULT_CNTL | CapSense_Cont
  65:Generated_Source\PSoC5/CapSense_Controller_IdacCH0.c ****     #else
  66:Generated_Source\PSoC5/CapSense_Controller_IdacCH0.c ****         CapSense_Controller_IdacCH0_CR1 = (CapSense_Controller_IdacCH0_DEFAULT_CNTL | CapSense_Cont
  48              		.loc 1 66 0
ARM GAS  C:\Users\AHMADN~1\AppData\Local\Temp\ccDxZ3lX.s 			page 3


  49 000a 0E4B     		ldr	r3, .L2+4
  50 000c 0022     		movs	r2, #0
  51 000e 1A70     		strb	r2, [r3]
  67:Generated_Source\PSoC5/CapSense_Controller_IdacCH0.c ****     #endif /* (CapSense_Controller_IdacCH0_DEFAULT_DATA_SRC != 0u ) */
  68:Generated_Source\PSoC5/CapSense_Controller_IdacCH0.c ****     
  69:Generated_Source\PSoC5/CapSense_Controller_IdacCH0.c ****     /*Controls polarity from UDB Control*/
  70:Generated_Source\PSoC5/CapSense_Controller_IdacCH0.c ****     #if(CapSense_Controller_IdacCH0_DEFAULT_POLARITY == CapSense_Controller_IdacCH0_HARDWARE_CONTRO
  71:Generated_Source\PSoC5/CapSense_Controller_IdacCH0.c ****         CapSense_Controller_IdacCH0_CR1 |= CapSense_Controller_IdacCH0_IDIR_SRC_UDB;
  72:Generated_Source\PSoC5/CapSense_Controller_IdacCH0.c ****     #else
  73:Generated_Source\PSoC5/CapSense_Controller_IdacCH0.c ****         CapSense_Controller_IdacCH0_CR1 |= CapSense_Controller_IdacCH0_DEFAULT_POLARITY;
  52              		.loc 1 73 0
  53 0010 0C4A     		ldr	r2, .L2+4
  54 0012 0C4B     		ldr	r3, .L2+4
  55 0014 1B78     		ldrb	r3, [r3]
  56 0016 DBB2     		uxtb	r3, r3
  57 0018 43F00403 		orr	r3, r3, #4
  58 001c DBB2     		uxtb	r3, r3
  59 001e 1370     		strb	r3, [r2]
  74:Generated_Source\PSoC5/CapSense_Controller_IdacCH0.c ****     #endif/* (CapSense_Controller_IdacCH0_DEFAULT_POLARITY == CapSense_Controller_IdacCH0_HARDWARE_
  75:Generated_Source\PSoC5/CapSense_Controller_IdacCH0.c ****     /*Controls Current Source from UDB Control*/
  76:Generated_Source\PSoC5/CapSense_Controller_IdacCH0.c ****     #if(CapSense_Controller_IdacCH0_HARDWARE_ENABLE != 0u ) 
  77:Generated_Source\PSoC5/CapSense_Controller_IdacCH0.c ****         CapSense_Controller_IdacCH0_CR1 |= CapSense_Controller_IdacCH0_IDIR_CTL_UDB;
  60              		.loc 1 77 0
  61 0020 084A     		ldr	r2, .L2+4
  62 0022 084B     		ldr	r3, .L2+4
  63 0024 1B78     		ldrb	r3, [r3]
  64 0026 DBB2     		uxtb	r3, r3
  65 0028 43F00203 		orr	r3, r3, #2
  66 002c DBB2     		uxtb	r3, r3
  67 002e 1370     		strb	r3, [r2]
  78:Generated_Source\PSoC5/CapSense_Controller_IdacCH0.c ****     #endif /* (CapSense_Controller_IdacCH0_HARDWARE_ENABLE != 0u ) */ 
  79:Generated_Source\PSoC5/CapSense_Controller_IdacCH0.c ****     
  80:Generated_Source\PSoC5/CapSense_Controller_IdacCH0.c ****     /* Set default strobe mode */
  81:Generated_Source\PSoC5/CapSense_Controller_IdacCH0.c ****     #if(CapSense_Controller_IdacCH0_DEFAULT_STRB != 0u)
  82:Generated_Source\PSoC5/CapSense_Controller_IdacCH0.c ****         CapSense_Controller_IdacCH0_Strobe |= CapSense_Controller_IdacCH0_STRB_EN;
  83:Generated_Source\PSoC5/CapSense_Controller_IdacCH0.c ****     #endif /* (CapSense_Controller_IdacCH0_DEFAULT_STRB != 0u) */
  84:Generated_Source\PSoC5/CapSense_Controller_IdacCH0.c ****     
  85:Generated_Source\PSoC5/CapSense_Controller_IdacCH0.c ****     /* Set default speed */
  86:Generated_Source\PSoC5/CapSense_Controller_IdacCH0.c ****     CapSense_Controller_IdacCH0_SetSpeed(CapSense_Controller_IdacCH0_DEFAULT_SPEED);
  68              		.loc 1 86 0
  69 0030 0020     		movs	r0, #0
  70 0032 FFF7FEFF 		bl	CapSense_Controller_IdacCH0_SetSpeed
  87:Generated_Source\PSoC5/CapSense_Controller_IdacCH0.c ****     
  88:Generated_Source\PSoC5/CapSense_Controller_IdacCH0.c ****     /* Set proper DAC trim */
  89:Generated_Source\PSoC5/CapSense_Controller_IdacCH0.c ****     CapSense_Controller_IdacCH0_DacTrim();
  71              		.loc 1 89 0
  72 0036 FFF7FEFF 		bl	CapSense_Controller_IdacCH0_DacTrim
  90:Generated_Source\PSoC5/CapSense_Controller_IdacCH0.c ****     
  91:Generated_Source\PSoC5/CapSense_Controller_IdacCH0.c **** }
  73              		.loc 1 91 0
  74 003a 00BF     		nop
  75 003c 80BD     		pop	{r7, pc}
  76              	.L3:
  77 003e 00BF     		.align	2
  78              	.L2:
  79 0040 2C580040 		.word	1073764396
  80 0044 2D580040 		.word	1073764397
ARM GAS  C:\Users\AHMADN~1\AppData\Local\Temp\ccDxZ3lX.s 			page 4


  81              		.cfi_endproc
  82              	.LFE0:
  83              		.size	CapSense_Controller_IdacCH0_Init, .-CapSense_Controller_IdacCH0_Init
  84              		.section	.text.CapSense_Controller_IdacCH0_Enable,"ax",%progbits
  85              		.align	2
  86              		.global	CapSense_Controller_IdacCH0_Enable
  87              		.thumb
  88              		.thumb_func
  89              		.type	CapSense_Controller_IdacCH0_Enable, %function
  90              	CapSense_Controller_IdacCH0_Enable:
  91              	.LFB1:
  92:Generated_Source\PSoC5/CapSense_Controller_IdacCH0.c **** 
  93:Generated_Source\PSoC5/CapSense_Controller_IdacCH0.c **** 
  94:Generated_Source\PSoC5/CapSense_Controller_IdacCH0.c **** /*******************************************************************************
  95:Generated_Source\PSoC5/CapSense_Controller_IdacCH0.c **** * Function Name: CapSense_Controller_IdacCH0_Enable
  96:Generated_Source\PSoC5/CapSense_Controller_IdacCH0.c **** ********************************************************************************
  97:Generated_Source\PSoC5/CapSense_Controller_IdacCH0.c **** * Summary:
  98:Generated_Source\PSoC5/CapSense_Controller_IdacCH0.c **** *  Enable the IDAC8
  99:Generated_Source\PSoC5/CapSense_Controller_IdacCH0.c **** * 
 100:Generated_Source\PSoC5/CapSense_Controller_IdacCH0.c **** * Parameters:
 101:Generated_Source\PSoC5/CapSense_Controller_IdacCH0.c **** *  void:
 102:Generated_Source\PSoC5/CapSense_Controller_IdacCH0.c **** *
 103:Generated_Source\PSoC5/CapSense_Controller_IdacCH0.c **** * Return:
 104:Generated_Source\PSoC5/CapSense_Controller_IdacCH0.c **** *  (void)
 105:Generated_Source\PSoC5/CapSense_Controller_IdacCH0.c **** *
 106:Generated_Source\PSoC5/CapSense_Controller_IdacCH0.c **** * Theory:
 107:Generated_Source\PSoC5/CapSense_Controller_IdacCH0.c **** *
 108:Generated_Source\PSoC5/CapSense_Controller_IdacCH0.c **** * Side Effects:
 109:Generated_Source\PSoC5/CapSense_Controller_IdacCH0.c **** *
 110:Generated_Source\PSoC5/CapSense_Controller_IdacCH0.c **** *******************************************************************************/
 111:Generated_Source\PSoC5/CapSense_Controller_IdacCH0.c **** void CapSense_Controller_IdacCH0_Enable(void) 
 112:Generated_Source\PSoC5/CapSense_Controller_IdacCH0.c **** {
  92              		.loc 1 112 0
  93              		.cfi_startproc
  94              		@ args = 0, pretend = 0, frame = 0
  95              		@ frame_needed = 1, uses_anonymous_args = 0
  96              		@ link register save eliminated.
  97 0000 80B4     		push	{r7}
  98              		.cfi_def_cfa_offset 4
  99              		.cfi_offset 7, -4
 100 0002 00AF     		add	r7, sp, #0
 101              		.cfi_def_cfa_register 7
 113:Generated_Source\PSoC5/CapSense_Controller_IdacCH0.c ****     CapSense_Controller_IdacCH0_PWRMGR |= CapSense_Controller_IdacCH0_ACT_PWR_EN;
 102              		.loc 1 113 0
 103 0004 094A     		ldr	r2, .L5
 104 0006 094B     		ldr	r3, .L5
 105 0008 1B78     		ldrb	r3, [r3]
 106 000a DBB2     		uxtb	r3, r3
 107 000c 43F00803 		orr	r3, r3, #8
 108 0010 DBB2     		uxtb	r3, r3
 109 0012 1370     		strb	r3, [r2]
 114:Generated_Source\PSoC5/CapSense_Controller_IdacCH0.c ****     CapSense_Controller_IdacCH0_STBY_PWRMGR |= CapSense_Controller_IdacCH0_STBY_PWR_EN;
 110              		.loc 1 114 0
 111 0014 064A     		ldr	r2, .L5+4
 112 0016 064B     		ldr	r3, .L5+4
 113 0018 1B78     		ldrb	r3, [r3]
 114 001a DBB2     		uxtb	r3, r3
ARM GAS  C:\Users\AHMADN~1\AppData\Local\Temp\ccDxZ3lX.s 			page 5


 115 001c 43F00803 		orr	r3, r3, #8
 116 0020 DBB2     		uxtb	r3, r3
 117 0022 1370     		strb	r3, [r2]
 115:Generated_Source\PSoC5/CapSense_Controller_IdacCH0.c **** 
 116:Generated_Source\PSoC5/CapSense_Controller_IdacCH0.c ****     /* This is to restore the value of register CR0 which is saved 
 117:Generated_Source\PSoC5/CapSense_Controller_IdacCH0.c ****       in prior to the modification in stop() API */
 118:Generated_Source\PSoC5/CapSense_Controller_IdacCH0.c ****     #if (CY_PSOC5A)
 119:Generated_Source\PSoC5/CapSense_Controller_IdacCH0.c ****         if(CapSense_Controller_IdacCH0_restoreReg == 1u)
 120:Generated_Source\PSoC5/CapSense_Controller_IdacCH0.c ****         {
 121:Generated_Source\PSoC5/CapSense_Controller_IdacCH0.c ****             CapSense_Controller_IdacCH0_CR0 = CapSense_Controller_IdacCH0_lowPowerBackup.DACCR0Reg;
 122:Generated_Source\PSoC5/CapSense_Controller_IdacCH0.c **** 
 123:Generated_Source\PSoC5/CapSense_Controller_IdacCH0.c ****             /* Clear the flag */
 124:Generated_Source\PSoC5/CapSense_Controller_IdacCH0.c ****             CapSense_Controller_IdacCH0_restoreReg = 0u;
 125:Generated_Source\PSoC5/CapSense_Controller_IdacCH0.c ****         }
 126:Generated_Source\PSoC5/CapSense_Controller_IdacCH0.c ****     #endif /* CY_PSOC5A */
 127:Generated_Source\PSoC5/CapSense_Controller_IdacCH0.c **** }
 118              		.loc 1 127 0
 119 0024 00BF     		nop
 120 0026 BD46     		mov	sp, r7
 121              		.cfi_def_cfa_register 13
 122              		@ sp needed
 123 0028 80BC     		pop	{r7}
 124              		.cfi_restore 7
 125              		.cfi_def_cfa_offset 0
 126 002a 7047     		bx	lr
 127              	.L6:
 128              		.align	2
 129              	.L5:
 130 002c A8430040 		.word	1073759144
 131 0030 B8430040 		.word	1073759160
 132              		.cfi_endproc
 133              	.LFE1:
 134              		.size	CapSense_Controller_IdacCH0_Enable, .-CapSense_Controller_IdacCH0_Enable
 135              		.section	.text.CapSense_Controller_IdacCH0_Start,"ax",%progbits
 136              		.align	2
 137              		.global	CapSense_Controller_IdacCH0_Start
 138              		.thumb
 139              		.thumb_func
 140              		.type	CapSense_Controller_IdacCH0_Start, %function
 141              	CapSense_Controller_IdacCH0_Start:
 142              	.LFB2:
 128:Generated_Source\PSoC5/CapSense_Controller_IdacCH0.c **** 
 129:Generated_Source\PSoC5/CapSense_Controller_IdacCH0.c **** 
 130:Generated_Source\PSoC5/CapSense_Controller_IdacCH0.c **** /*******************************************************************************
 131:Generated_Source\PSoC5/CapSense_Controller_IdacCH0.c **** * Function Name: CapSense_Controller_IdacCH0_Start
 132:Generated_Source\PSoC5/CapSense_Controller_IdacCH0.c **** ********************************************************************************
 133:Generated_Source\PSoC5/CapSense_Controller_IdacCH0.c **** * Summary:
 134:Generated_Source\PSoC5/CapSense_Controller_IdacCH0.c **** *  Set power level then turn on IDAC8.
 135:Generated_Source\PSoC5/CapSense_Controller_IdacCH0.c **** *
 136:Generated_Source\PSoC5/CapSense_Controller_IdacCH0.c **** * Parameters:  
 137:Generated_Source\PSoC5/CapSense_Controller_IdacCH0.c **** *  power: Sets power level between off (0) and (3) high power
 138:Generated_Source\PSoC5/CapSense_Controller_IdacCH0.c **** *
 139:Generated_Source\PSoC5/CapSense_Controller_IdacCH0.c **** * Return:
 140:Generated_Source\PSoC5/CapSense_Controller_IdacCH0.c **** *  (void)
 141:Generated_Source\PSoC5/CapSense_Controller_IdacCH0.c **** *
 142:Generated_Source\PSoC5/CapSense_Controller_IdacCH0.c **** * Global variables:
 143:Generated_Source\PSoC5/CapSense_Controller_IdacCH0.c **** *  CapSense_Controller_IdacCH0_initVar: Is modified when this function is called for 
ARM GAS  C:\Users\AHMADN~1\AppData\Local\Temp\ccDxZ3lX.s 			page 6


 144:Generated_Source\PSoC5/CapSense_Controller_IdacCH0.c **** *   the first time. Is used to ensure that initialization happens only once.
 145:Generated_Source\PSoC5/CapSense_Controller_IdacCH0.c **** *
 146:Generated_Source\PSoC5/CapSense_Controller_IdacCH0.c **** *******************************************************************************/
 147:Generated_Source\PSoC5/CapSense_Controller_IdacCH0.c **** void CapSense_Controller_IdacCH0_Start(void) 
 148:Generated_Source\PSoC5/CapSense_Controller_IdacCH0.c **** {
 143              		.loc 1 148 0
 144              		.cfi_startproc
 145              		@ args = 0, pretend = 0, frame = 0
 146              		@ frame_needed = 1, uses_anonymous_args = 0
 147 0000 80B5     		push	{r7, lr}
 148              		.cfi_def_cfa_offset 8
 149              		.cfi_offset 7, -8
 150              		.cfi_offset 14, -4
 151 0002 00AF     		add	r7, sp, #0
 152              		.cfi_def_cfa_register 7
 149:Generated_Source\PSoC5/CapSense_Controller_IdacCH0.c ****     /* Hardware initiazation only needs to occur the first time */
 150:Generated_Source\PSoC5/CapSense_Controller_IdacCH0.c ****     if ( CapSense_Controller_IdacCH0_initVar == 0u)  
 153              		.loc 1 150 0
 154 0004 074B     		ldr	r3, .L9
 155 0006 1B78     		ldrb	r3, [r3]	@ zero_extendqisi2
 156 0008 002B     		cmp	r3, #0
 157 000a 04D1     		bne	.L8
 151:Generated_Source\PSoC5/CapSense_Controller_IdacCH0.c ****     {
 152:Generated_Source\PSoC5/CapSense_Controller_IdacCH0.c ****         CapSense_Controller_IdacCH0_Init();
 158              		.loc 1 152 0
 159 000c FFF7FEFF 		bl	CapSense_Controller_IdacCH0_Init
 153:Generated_Source\PSoC5/CapSense_Controller_IdacCH0.c ****         
 154:Generated_Source\PSoC5/CapSense_Controller_IdacCH0.c ****         CapSense_Controller_IdacCH0_initVar = 1u;
 160              		.loc 1 154 0
 161 0010 044B     		ldr	r3, .L9
 162 0012 0122     		movs	r2, #1
 163 0014 1A70     		strb	r2, [r3]
 164              	.L8:
 155:Generated_Source\PSoC5/CapSense_Controller_IdacCH0.c ****     }
 156:Generated_Source\PSoC5/CapSense_Controller_IdacCH0.c ****    
 157:Generated_Source\PSoC5/CapSense_Controller_IdacCH0.c ****     /* Enable power to DAC */
 158:Generated_Source\PSoC5/CapSense_Controller_IdacCH0.c ****     CapSense_Controller_IdacCH0_Enable();
 165              		.loc 1 158 0
 166 0016 FFF7FEFF 		bl	CapSense_Controller_IdacCH0_Enable
 159:Generated_Source\PSoC5/CapSense_Controller_IdacCH0.c **** 
 160:Generated_Source\PSoC5/CapSense_Controller_IdacCH0.c ****     /* Set default value */
 161:Generated_Source\PSoC5/CapSense_Controller_IdacCH0.c ****     CapSense_Controller_IdacCH0_SetValue(CapSense_Controller_IdacCH0_DEFAULT_DATA);
 167              		.loc 1 161 0
 168 001a 0020     		movs	r0, #0
 169 001c FFF7FEFF 		bl	CapSense_Controller_IdacCH0_SetValue
 162:Generated_Source\PSoC5/CapSense_Controller_IdacCH0.c **** 
 163:Generated_Source\PSoC5/CapSense_Controller_IdacCH0.c **** }
 170              		.loc 1 163 0
 171 0020 00BF     		nop
 172 0022 80BD     		pop	{r7, pc}
 173              	.L10:
 174              		.align	2
 175              	.L9:
 176 0024 00000000 		.word	CapSense_Controller_IdacCH0_initVar
 177              		.cfi_endproc
 178              	.LFE2:
 179              		.size	CapSense_Controller_IdacCH0_Start, .-CapSense_Controller_IdacCH0_Start
ARM GAS  C:\Users\AHMADN~1\AppData\Local\Temp\ccDxZ3lX.s 			page 7


 180              		.section	.text.CapSense_Controller_IdacCH0_Stop,"ax",%progbits
 181              		.align	2
 182              		.global	CapSense_Controller_IdacCH0_Stop
 183              		.thumb
 184              		.thumb_func
 185              		.type	CapSense_Controller_IdacCH0_Stop, %function
 186              	CapSense_Controller_IdacCH0_Stop:
 187              	.LFB3:
 164:Generated_Source\PSoC5/CapSense_Controller_IdacCH0.c **** 
 165:Generated_Source\PSoC5/CapSense_Controller_IdacCH0.c **** 
 166:Generated_Source\PSoC5/CapSense_Controller_IdacCH0.c **** /*******************************************************************************
 167:Generated_Source\PSoC5/CapSense_Controller_IdacCH0.c **** * Function Name: CapSense_Controller_IdacCH0_Stop
 168:Generated_Source\PSoC5/CapSense_Controller_IdacCH0.c **** ********************************************************************************
 169:Generated_Source\PSoC5/CapSense_Controller_IdacCH0.c **** * Summary:
 170:Generated_Source\PSoC5/CapSense_Controller_IdacCH0.c **** *  Powers down IDAC8 to lowest power state.
 171:Generated_Source\PSoC5/CapSense_Controller_IdacCH0.c **** *
 172:Generated_Source\PSoC5/CapSense_Controller_IdacCH0.c **** * Parameters:
 173:Generated_Source\PSoC5/CapSense_Controller_IdacCH0.c **** *  (void)
 174:Generated_Source\PSoC5/CapSense_Controller_IdacCH0.c **** *
 175:Generated_Source\PSoC5/CapSense_Controller_IdacCH0.c **** * Return:
 176:Generated_Source\PSoC5/CapSense_Controller_IdacCH0.c **** *  (void)
 177:Generated_Source\PSoC5/CapSense_Controller_IdacCH0.c **** *
 178:Generated_Source\PSoC5/CapSense_Controller_IdacCH0.c **** * Theory:
 179:Generated_Source\PSoC5/CapSense_Controller_IdacCH0.c **** *
 180:Generated_Source\PSoC5/CapSense_Controller_IdacCH0.c **** * Side Effects:
 181:Generated_Source\PSoC5/CapSense_Controller_IdacCH0.c **** *
 182:Generated_Source\PSoC5/CapSense_Controller_IdacCH0.c **** *******************************************************************************/
 183:Generated_Source\PSoC5/CapSense_Controller_IdacCH0.c **** void CapSense_Controller_IdacCH0_Stop(void) 
 184:Generated_Source\PSoC5/CapSense_Controller_IdacCH0.c **** {
 188              		.loc 1 184 0
 189              		.cfi_startproc
 190              		@ args = 0, pretend = 0, frame = 0
 191              		@ frame_needed = 1, uses_anonymous_args = 0
 192              		@ link register save eliminated.
 193 0000 80B4     		push	{r7}
 194              		.cfi_def_cfa_offset 4
 195              		.cfi_offset 7, -4
 196 0002 00AF     		add	r7, sp, #0
 197              		.cfi_def_cfa_register 7
 185:Generated_Source\PSoC5/CapSense_Controller_IdacCH0.c ****     /* Disble power to DAC */
 186:Generated_Source\PSoC5/CapSense_Controller_IdacCH0.c ****     CapSense_Controller_IdacCH0_PWRMGR &= (uint8)(~CapSense_Controller_IdacCH0_ACT_PWR_EN);
 198              		.loc 1 186 0
 199 0004 094A     		ldr	r2, .L12
 200 0006 094B     		ldr	r3, .L12
 201 0008 1B78     		ldrb	r3, [r3]
 202 000a DBB2     		uxtb	r3, r3
 203 000c 23F00803 		bic	r3, r3, #8
 204 0010 DBB2     		uxtb	r3, r3
 205 0012 1370     		strb	r3, [r2]
 187:Generated_Source\PSoC5/CapSense_Controller_IdacCH0.c ****     CapSense_Controller_IdacCH0_STBY_PWRMGR &= (uint8)(~CapSense_Controller_IdacCH0_STBY_PWR_EN);
 206              		.loc 1 187 0
 207 0014 064A     		ldr	r2, .L12+4
 208 0016 064B     		ldr	r3, .L12+4
 209 0018 1B78     		ldrb	r3, [r3]
 210 001a DBB2     		uxtb	r3, r3
 211 001c 23F00803 		bic	r3, r3, #8
 212 0020 DBB2     		uxtb	r3, r3
ARM GAS  C:\Users\AHMADN~1\AppData\Local\Temp\ccDxZ3lX.s 			page 8


 213 0022 1370     		strb	r3, [r2]
 188:Generated_Source\PSoC5/CapSense_Controller_IdacCH0.c ****     
 189:Generated_Source\PSoC5/CapSense_Controller_IdacCH0.c ****     #if (CY_PSOC5A)
 190:Generated_Source\PSoC5/CapSense_Controller_IdacCH0.c ****     
 191:Generated_Source\PSoC5/CapSense_Controller_IdacCH0.c ****         /* Set the global variable  */
 192:Generated_Source\PSoC5/CapSense_Controller_IdacCH0.c ****         CapSense_Controller_IdacCH0_restoreReg = 1u;
 193:Generated_Source\PSoC5/CapSense_Controller_IdacCH0.c **** 
 194:Generated_Source\PSoC5/CapSense_Controller_IdacCH0.c ****         /* Save the control register and then Clear it. */
 195:Generated_Source\PSoC5/CapSense_Controller_IdacCH0.c ****         CapSense_Controller_IdacCH0_lowPowerBackup.DACCR0Reg = CapSense_Controller_IdacCH0_CR0;
 196:Generated_Source\PSoC5/CapSense_Controller_IdacCH0.c ****         CapSense_Controller_IdacCH0_CR0 = (CapSense_Controller_IdacCH0_MODE_I | CapSense_Controller
 197:Generated_Source\PSoC5/CapSense_Controller_IdacCH0.c ****     #endif /* CY_PSOC5A */
 198:Generated_Source\PSoC5/CapSense_Controller_IdacCH0.c **** }
 214              		.loc 1 198 0
 215 0024 00BF     		nop
 216 0026 BD46     		mov	sp, r7
 217              		.cfi_def_cfa_register 13
 218              		@ sp needed
 219 0028 80BC     		pop	{r7}
 220              		.cfi_restore 7
 221              		.cfi_def_cfa_offset 0
 222 002a 7047     		bx	lr
 223              	.L13:
 224              		.align	2
 225              	.L12:
 226 002c A8430040 		.word	1073759144
 227 0030 B8430040 		.word	1073759160
 228              		.cfi_endproc
 229              	.LFE3:
 230              		.size	CapSense_Controller_IdacCH0_Stop, .-CapSense_Controller_IdacCH0_Stop
 231              		.section	.text.CapSense_Controller_IdacCH0_SetSpeed,"ax",%progbits
 232              		.align	2
 233              		.global	CapSense_Controller_IdacCH0_SetSpeed
 234              		.thumb
 235              		.thumb_func
 236              		.type	CapSense_Controller_IdacCH0_SetSpeed, %function
 237              	CapSense_Controller_IdacCH0_SetSpeed:
 238              	.LFB4:
 199:Generated_Source\PSoC5/CapSense_Controller_IdacCH0.c **** 
 200:Generated_Source\PSoC5/CapSense_Controller_IdacCH0.c **** 
 201:Generated_Source\PSoC5/CapSense_Controller_IdacCH0.c **** /*******************************************************************************
 202:Generated_Source\PSoC5/CapSense_Controller_IdacCH0.c **** * Function Name: CapSense_Controller_IdacCH0_SetSpeed
 203:Generated_Source\PSoC5/CapSense_Controller_IdacCH0.c **** ********************************************************************************
 204:Generated_Source\PSoC5/CapSense_Controller_IdacCH0.c **** * Summary:
 205:Generated_Source\PSoC5/CapSense_Controller_IdacCH0.c **** *  Set DAC speed
 206:Generated_Source\PSoC5/CapSense_Controller_IdacCH0.c **** *
 207:Generated_Source\PSoC5/CapSense_Controller_IdacCH0.c **** * Parameters:
 208:Generated_Source\PSoC5/CapSense_Controller_IdacCH0.c **** *  power: Sets speed value
 209:Generated_Source\PSoC5/CapSense_Controller_IdacCH0.c **** *
 210:Generated_Source\PSoC5/CapSense_Controller_IdacCH0.c **** * Return:
 211:Generated_Source\PSoC5/CapSense_Controller_IdacCH0.c **** *  (void)
 212:Generated_Source\PSoC5/CapSense_Controller_IdacCH0.c **** *
 213:Generated_Source\PSoC5/CapSense_Controller_IdacCH0.c **** * Theory:
 214:Generated_Source\PSoC5/CapSense_Controller_IdacCH0.c **** *
 215:Generated_Source\PSoC5/CapSense_Controller_IdacCH0.c **** * Side Effects:
 216:Generated_Source\PSoC5/CapSense_Controller_IdacCH0.c **** *
 217:Generated_Source\PSoC5/CapSense_Controller_IdacCH0.c **** *******************************************************************************/
 218:Generated_Source\PSoC5/CapSense_Controller_IdacCH0.c **** void CapSense_Controller_IdacCH0_SetSpeed(uint8 speed) 
ARM GAS  C:\Users\AHMADN~1\AppData\Local\Temp\ccDxZ3lX.s 			page 9


 219:Generated_Source\PSoC5/CapSense_Controller_IdacCH0.c **** {
 239              		.loc 1 219 0
 240              		.cfi_startproc
 241              		@ args = 0, pretend = 0, frame = 8
 242              		@ frame_needed = 1, uses_anonymous_args = 0
 243              		@ link register save eliminated.
 244 0000 80B4     		push	{r7}
 245              		.cfi_def_cfa_offset 4
 246              		.cfi_offset 7, -4
 247 0002 83B0     		sub	sp, sp, #12
 248              		.cfi_def_cfa_offset 16
 249 0004 00AF     		add	r7, sp, #0
 250              		.cfi_def_cfa_register 7
 251 0006 0346     		mov	r3, r0
 252 0008 FB71     		strb	r3, [r7, #7]
 220:Generated_Source\PSoC5/CapSense_Controller_IdacCH0.c ****     /* Clear power mask then write in new value */
 221:Generated_Source\PSoC5/CapSense_Controller_IdacCH0.c ****     CapSense_Controller_IdacCH0_CR0 &= (uint8)(~CapSense_Controller_IdacCH0_HS_MASK);
 253              		.loc 1 221 0
 254 000a 0C4A     		ldr	r2, .L15
 255 000c 0B4B     		ldr	r3, .L15
 256 000e 1B78     		ldrb	r3, [r3]
 257 0010 DBB2     		uxtb	r3, r3
 258 0012 23F00203 		bic	r3, r3, #2
 259 0016 DBB2     		uxtb	r3, r3
 260 0018 1370     		strb	r3, [r2]
 222:Generated_Source\PSoC5/CapSense_Controller_IdacCH0.c ****     CapSense_Controller_IdacCH0_CR0 |=  ( speed & CapSense_Controller_IdacCH0_HS_MASK);
 261              		.loc 1 222 0
 262 001a 0849     		ldr	r1, .L15
 263 001c 074B     		ldr	r3, .L15
 264 001e 1B78     		ldrb	r3, [r3]
 265 0020 DAB2     		uxtb	r2, r3
 266 0022 FB79     		ldrb	r3, [r7, #7]
 267 0024 03F00203 		and	r3, r3, #2
 268 0028 DBB2     		uxtb	r3, r3
 269 002a 1343     		orrs	r3, r3, r2
 270 002c DBB2     		uxtb	r3, r3
 271 002e 0B70     		strb	r3, [r1]
 223:Generated_Source\PSoC5/CapSense_Controller_IdacCH0.c **** }
 272              		.loc 1 223 0
 273 0030 00BF     		nop
 274 0032 0C37     		adds	r7, r7, #12
 275              		.cfi_def_cfa_offset 4
 276 0034 BD46     		mov	sp, r7
 277              		.cfi_def_cfa_register 13
 278              		@ sp needed
 279 0036 80BC     		pop	{r7}
 280              		.cfi_restore 7
 281              		.cfi_def_cfa_offset 0
 282 0038 7047     		bx	lr
 283              	.L16:
 284 003a 00BF     		.align	2
 285              	.L15:
 286 003c 2C580040 		.word	1073764396
 287              		.cfi_endproc
 288              	.LFE4:
 289              		.size	CapSense_Controller_IdacCH0_SetSpeed, .-CapSense_Controller_IdacCH0_SetSpeed
 290              		.section	.text.CapSense_Controller_IdacCH0_SetPolarity,"ax",%progbits
ARM GAS  C:\Users\AHMADN~1\AppData\Local\Temp\ccDxZ3lX.s 			page 10


 291              		.align	2
 292              		.global	CapSense_Controller_IdacCH0_SetPolarity
 293              		.thumb
 294              		.thumb_func
 295              		.type	CapSense_Controller_IdacCH0_SetPolarity, %function
 296              	CapSense_Controller_IdacCH0_SetPolarity:
 297              	.LFB5:
 224:Generated_Source\PSoC5/CapSense_Controller_IdacCH0.c **** 
 225:Generated_Source\PSoC5/CapSense_Controller_IdacCH0.c **** 
 226:Generated_Source\PSoC5/CapSense_Controller_IdacCH0.c **** /*******************************************************************************
 227:Generated_Source\PSoC5/CapSense_Controller_IdacCH0.c **** * Function Name: CapSense_Controller_IdacCH0_SetPolarity
 228:Generated_Source\PSoC5/CapSense_Controller_IdacCH0.c **** ********************************************************************************
 229:Generated_Source\PSoC5/CapSense_Controller_IdacCH0.c **** * Summary:
 230:Generated_Source\PSoC5/CapSense_Controller_IdacCH0.c **** *  Sets IDAC to Sink or Source current.
 231:Generated_Source\PSoC5/CapSense_Controller_IdacCH0.c **** *  
 232:Generated_Source\PSoC5/CapSense_Controller_IdacCH0.c **** * Parameters:
 233:Generated_Source\PSoC5/CapSense_Controller_IdacCH0.c **** *  Polarity: Sets the IDAC to Sink or Source 
 234:Generated_Source\PSoC5/CapSense_Controller_IdacCH0.c **** *  0x00 - Source
 235:Generated_Source\PSoC5/CapSense_Controller_IdacCH0.c **** *  0x04 - Sink
 236:Generated_Source\PSoC5/CapSense_Controller_IdacCH0.c **** *
 237:Generated_Source\PSoC5/CapSense_Controller_IdacCH0.c **** * Return:
 238:Generated_Source\PSoC5/CapSense_Controller_IdacCH0.c **** *  (void)
 239:Generated_Source\PSoC5/CapSense_Controller_IdacCH0.c **** *
 240:Generated_Source\PSoC5/CapSense_Controller_IdacCH0.c **** * Theory:
 241:Generated_Source\PSoC5/CapSense_Controller_IdacCH0.c **** *
 242:Generated_Source\PSoC5/CapSense_Controller_IdacCH0.c **** * Side Effects:
 243:Generated_Source\PSoC5/CapSense_Controller_IdacCH0.c **** *
 244:Generated_Source\PSoC5/CapSense_Controller_IdacCH0.c **** *******************************************************************************/
 245:Generated_Source\PSoC5/CapSense_Controller_IdacCH0.c **** #if(CapSense_Controller_IdacCH0_DEFAULT_POLARITY != CapSense_Controller_IdacCH0_HARDWARE_CONTROLLED
 246:Generated_Source\PSoC5/CapSense_Controller_IdacCH0.c ****     void CapSense_Controller_IdacCH0_SetPolarity(uint8 polarity) 
 247:Generated_Source\PSoC5/CapSense_Controller_IdacCH0.c ****     {
 298              		.loc 1 247 0
 299              		.cfi_startproc
 300              		@ args = 0, pretend = 0, frame = 8
 301              		@ frame_needed = 1, uses_anonymous_args = 0
 302 0000 80B5     		push	{r7, lr}
 303              		.cfi_def_cfa_offset 8
 304              		.cfi_offset 7, -8
 305              		.cfi_offset 14, -4
 306 0002 82B0     		sub	sp, sp, #8
 307              		.cfi_def_cfa_offset 16
 308 0004 00AF     		add	r7, sp, #0
 309              		.cfi_def_cfa_register 7
 310 0006 0346     		mov	r3, r0
 311 0008 FB71     		strb	r3, [r7, #7]
 248:Generated_Source\PSoC5/CapSense_Controller_IdacCH0.c ****         CapSense_Controller_IdacCH0_CR1 &= (uint8)(~CapSense_Controller_IdacCH0_IDIR_MASK);        
 312              		.loc 1 248 0
 313 000a 0C4A     		ldr	r2, .L18
 314 000c 0B4B     		ldr	r3, .L18
 315 000e 1B78     		ldrb	r3, [r3]
 316 0010 DBB2     		uxtb	r3, r3
 317 0012 23F00403 		bic	r3, r3, #4
 318 0016 DBB2     		uxtb	r3, r3
 319 0018 1370     		strb	r3, [r2]
 249:Generated_Source\PSoC5/CapSense_Controller_IdacCH0.c ****         CapSense_Controller_IdacCH0_CR1 |= (polarity & CapSense_Controller_IdacCH0_IDIR_MASK);     
 320              		.loc 1 249 0
 321 001a 0849     		ldr	r1, .L18
ARM GAS  C:\Users\AHMADN~1\AppData\Local\Temp\ccDxZ3lX.s 			page 11


 322 001c 074B     		ldr	r3, .L18
 323 001e 1B78     		ldrb	r3, [r3]
 324 0020 DAB2     		uxtb	r2, r3
 325 0022 FB79     		ldrb	r3, [r7, #7]
 326 0024 03F00403 		and	r3, r3, #4
 327 0028 DBB2     		uxtb	r3, r3
 328 002a 1343     		orrs	r3, r3, r2
 329 002c DBB2     		uxtb	r3, r3
 330 002e 0B70     		strb	r3, [r1]
 250:Generated_Source\PSoC5/CapSense_Controller_IdacCH0.c ****     
 251:Generated_Source\PSoC5/CapSense_Controller_IdacCH0.c ****         CapSense_Controller_IdacCH0_DacTrim();
 331              		.loc 1 251 0
 332 0030 FFF7FEFF 		bl	CapSense_Controller_IdacCH0_DacTrim
 252:Generated_Source\PSoC5/CapSense_Controller_IdacCH0.c ****     }
 333              		.loc 1 252 0
 334 0034 00BF     		nop
 335 0036 0837     		adds	r7, r7, #8
 336              		.cfi_def_cfa_offset 8
 337 0038 BD46     		mov	sp, r7
 338              		.cfi_def_cfa_register 13
 339              		@ sp needed
 340 003a 80BD     		pop	{r7, pc}
 341              	.L19:
 342              		.align	2
 343              	.L18:
 344 003c 2D580040 		.word	1073764397
 345              		.cfi_endproc
 346              	.LFE5:
 347              		.size	CapSense_Controller_IdacCH0_SetPolarity, .-CapSense_Controller_IdacCH0_SetPolarity
 348              		.section	.text.CapSense_Controller_IdacCH0_SetRange,"ax",%progbits
 349              		.align	2
 350              		.global	CapSense_Controller_IdacCH0_SetRange
 351              		.thumb
 352              		.thumb_func
 353              		.type	CapSense_Controller_IdacCH0_SetRange, %function
 354              	CapSense_Controller_IdacCH0_SetRange:
 355              	.LFB6:
 253:Generated_Source\PSoC5/CapSense_Controller_IdacCH0.c **** #endif/*(CapSense_Controller_IdacCH0_DEFAULT_POLARITY != CapSense_Controller_IdacCH0_HARDWARE_CONTR
 254:Generated_Source\PSoC5/CapSense_Controller_IdacCH0.c **** 
 255:Generated_Source\PSoC5/CapSense_Controller_IdacCH0.c **** 
 256:Generated_Source\PSoC5/CapSense_Controller_IdacCH0.c **** /*******************************************************************************
 257:Generated_Source\PSoC5/CapSense_Controller_IdacCH0.c **** * Function Name: CapSense_Controller_IdacCH0_SetRange
 258:Generated_Source\PSoC5/CapSense_Controller_IdacCH0.c **** ********************************************************************************
 259:Generated_Source\PSoC5/CapSense_Controller_IdacCH0.c **** * Summary:
 260:Generated_Source\PSoC5/CapSense_Controller_IdacCH0.c **** *  Set current range
 261:Generated_Source\PSoC5/CapSense_Controller_IdacCH0.c **** *
 262:Generated_Source\PSoC5/CapSense_Controller_IdacCH0.c **** * Parameters:
 263:Generated_Source\PSoC5/CapSense_Controller_IdacCH0.c **** *  Range: Sets on of four valid ranges.
 264:Generated_Source\PSoC5/CapSense_Controller_IdacCH0.c **** *
 265:Generated_Source\PSoC5/CapSense_Controller_IdacCH0.c **** * Return:
 266:Generated_Source\PSoC5/CapSense_Controller_IdacCH0.c **** *  (void)
 267:Generated_Source\PSoC5/CapSense_Controller_IdacCH0.c **** *
 268:Generated_Source\PSoC5/CapSense_Controller_IdacCH0.c **** * Theory:
 269:Generated_Source\PSoC5/CapSense_Controller_IdacCH0.c **** *
 270:Generated_Source\PSoC5/CapSense_Controller_IdacCH0.c **** * Side Effects:
 271:Generated_Source\PSoC5/CapSense_Controller_IdacCH0.c **** *
 272:Generated_Source\PSoC5/CapSense_Controller_IdacCH0.c **** *******************************************************************************/
ARM GAS  C:\Users\AHMADN~1\AppData\Local\Temp\ccDxZ3lX.s 			page 12


 273:Generated_Source\PSoC5/CapSense_Controller_IdacCH0.c **** void CapSense_Controller_IdacCH0_SetRange(uint8 range) 
 274:Generated_Source\PSoC5/CapSense_Controller_IdacCH0.c **** {
 356              		.loc 1 274 0
 357              		.cfi_startproc
 358              		@ args = 0, pretend = 0, frame = 8
 359              		@ frame_needed = 1, uses_anonymous_args = 0
 360 0000 80B5     		push	{r7, lr}
 361              		.cfi_def_cfa_offset 8
 362              		.cfi_offset 7, -8
 363              		.cfi_offset 14, -4
 364 0002 82B0     		sub	sp, sp, #8
 365              		.cfi_def_cfa_offset 16
 366 0004 00AF     		add	r7, sp, #0
 367              		.cfi_def_cfa_register 7
 368 0006 0346     		mov	r3, r0
 369 0008 FB71     		strb	r3, [r7, #7]
 275:Generated_Source\PSoC5/CapSense_Controller_IdacCH0.c ****     CapSense_Controller_IdacCH0_CR0 &= (uint8)(~CapSense_Controller_IdacCH0_RANGE_MASK);       /* C
 370              		.loc 1 275 0
 371 000a 0C4A     		ldr	r2, .L21
 372 000c 0B4B     		ldr	r3, .L21
 373 000e 1B78     		ldrb	r3, [r3]
 374 0010 DBB2     		uxtb	r3, r3
 375 0012 23F00C03 		bic	r3, r3, #12
 376 0016 DBB2     		uxtb	r3, r3
 377 0018 1370     		strb	r3, [r2]
 276:Generated_Source\PSoC5/CapSense_Controller_IdacCH0.c ****     CapSense_Controller_IdacCH0_CR0 |= ( range & CapSense_Controller_IdacCH0_RANGE_MASK );     /*  
 378              		.loc 1 276 0
 379 001a 0849     		ldr	r1, .L21
 380 001c 074B     		ldr	r3, .L21
 381 001e 1B78     		ldrb	r3, [r3]
 382 0020 DAB2     		uxtb	r2, r3
 383 0022 FB79     		ldrb	r3, [r7, #7]
 384 0024 03F00C03 		and	r3, r3, #12
 385 0028 DBB2     		uxtb	r3, r3
 386 002a 1343     		orrs	r3, r3, r2
 387 002c DBB2     		uxtb	r3, r3
 388 002e 0B70     		strb	r3, [r1]
 277:Generated_Source\PSoC5/CapSense_Controller_IdacCH0.c ****     CapSense_Controller_IdacCH0_DacTrim();
 389              		.loc 1 277 0
 390 0030 FFF7FEFF 		bl	CapSense_Controller_IdacCH0_DacTrim
 278:Generated_Source\PSoC5/CapSense_Controller_IdacCH0.c **** }
 391              		.loc 1 278 0
 392 0034 00BF     		nop
 393 0036 0837     		adds	r7, r7, #8
 394              		.cfi_def_cfa_offset 8
 395 0038 BD46     		mov	sp, r7
 396              		.cfi_def_cfa_register 13
 397              		@ sp needed
 398 003a 80BD     		pop	{r7, pc}
 399              	.L22:
 400              		.align	2
 401              	.L21:
 402 003c 2C580040 		.word	1073764396
 403              		.cfi_endproc
 404              	.LFE6:
 405              		.size	CapSense_Controller_IdacCH0_SetRange, .-CapSense_Controller_IdacCH0_SetRange
 406              		.section	.text.CapSense_Controller_IdacCH0_SetValue,"ax",%progbits
ARM GAS  C:\Users\AHMADN~1\AppData\Local\Temp\ccDxZ3lX.s 			page 13


 407              		.align	2
 408              		.global	CapSense_Controller_IdacCH0_SetValue
 409              		.thumb
 410              		.thumb_func
 411              		.type	CapSense_Controller_IdacCH0_SetValue, %function
 412              	CapSense_Controller_IdacCH0_SetValue:
 413              	.LFB7:
 279:Generated_Source\PSoC5/CapSense_Controller_IdacCH0.c **** 
 280:Generated_Source\PSoC5/CapSense_Controller_IdacCH0.c **** 
 281:Generated_Source\PSoC5/CapSense_Controller_IdacCH0.c **** /*******************************************************************************
 282:Generated_Source\PSoC5/CapSense_Controller_IdacCH0.c **** * Function Name: CapSense_Controller_IdacCH0_SetValue
 283:Generated_Source\PSoC5/CapSense_Controller_IdacCH0.c **** ********************************************************************************
 284:Generated_Source\PSoC5/CapSense_Controller_IdacCH0.c **** * Summary:
 285:Generated_Source\PSoC5/CapSense_Controller_IdacCH0.c **** *  Set DAC value
 286:Generated_Source\PSoC5/CapSense_Controller_IdacCH0.c **** *
 287:Generated_Source\PSoC5/CapSense_Controller_IdacCH0.c **** * Parameters:
 288:Generated_Source\PSoC5/CapSense_Controller_IdacCH0.c **** *  value: Sets DAC value between 0 and 255.
 289:Generated_Source\PSoC5/CapSense_Controller_IdacCH0.c **** *
 290:Generated_Source\PSoC5/CapSense_Controller_IdacCH0.c **** * Return:
 291:Generated_Source\PSoC5/CapSense_Controller_IdacCH0.c **** *  (void)
 292:Generated_Source\PSoC5/CapSense_Controller_IdacCH0.c **** *
 293:Generated_Source\PSoC5/CapSense_Controller_IdacCH0.c **** * Theory:
 294:Generated_Source\PSoC5/CapSense_Controller_IdacCH0.c **** *
 295:Generated_Source\PSoC5/CapSense_Controller_IdacCH0.c **** * Side Effects:
 296:Generated_Source\PSoC5/CapSense_Controller_IdacCH0.c **** *
 297:Generated_Source\PSoC5/CapSense_Controller_IdacCH0.c **** *******************************************************************************/
 298:Generated_Source\PSoC5/CapSense_Controller_IdacCH0.c **** void CapSense_Controller_IdacCH0_SetValue(uint8 value) 
 299:Generated_Source\PSoC5/CapSense_Controller_IdacCH0.c **** {
 414              		.loc 1 299 0
 415              		.cfi_startproc
 416              		@ args = 0, pretend = 0, frame = 8
 417              		@ frame_needed = 1, uses_anonymous_args = 0
 418              		@ link register save eliminated.
 419 0000 80B4     		push	{r7}
 420              		.cfi_def_cfa_offset 4
 421              		.cfi_offset 7, -4
 422 0002 83B0     		sub	sp, sp, #12
 423              		.cfi_def_cfa_offset 16
 424 0004 00AF     		add	r7, sp, #0
 425              		.cfi_def_cfa_register 7
 426 0006 0346     		mov	r3, r0
 427 0008 FB71     		strb	r3, [r7, #7]
 300:Generated_Source\PSoC5/CapSense_Controller_IdacCH0.c **** 
 301:Generated_Source\PSoC5/CapSense_Controller_IdacCH0.c ****     #if (CY_PSOC5A)
 302:Generated_Source\PSoC5/CapSense_Controller_IdacCH0.c ****         uint8 CapSense_Controller_IdacCH0_intrStatus = CyEnterCriticalSection();
 303:Generated_Source\PSoC5/CapSense_Controller_IdacCH0.c ****     #endif /* CY_PSOC5A */
 304:Generated_Source\PSoC5/CapSense_Controller_IdacCH0.c **** 
 305:Generated_Source\PSoC5/CapSense_Controller_IdacCH0.c ****     CapSense_Controller_IdacCH0_Data = value;         /*  Set Value  */
 428              		.loc 1 305 0
 429 000a 044A     		ldr	r2, .L24
 430 000c FB79     		ldrb	r3, [r7, #7]
 431 000e 1370     		strb	r3, [r2]
 306:Generated_Source\PSoC5/CapSense_Controller_IdacCH0.c ****     
 307:Generated_Source\PSoC5/CapSense_Controller_IdacCH0.c ****     /* PSOC5A silicons require a double write */
 308:Generated_Source\PSoC5/CapSense_Controller_IdacCH0.c ****     #if (CY_PSOC5A)
 309:Generated_Source\PSoC5/CapSense_Controller_IdacCH0.c ****         CapSense_Controller_IdacCH0_Data = value;
 310:Generated_Source\PSoC5/CapSense_Controller_IdacCH0.c ****         CyExitCriticalSection(CapSense_Controller_IdacCH0_intrStatus);
ARM GAS  C:\Users\AHMADN~1\AppData\Local\Temp\ccDxZ3lX.s 			page 14


 311:Generated_Source\PSoC5/CapSense_Controller_IdacCH0.c ****     #endif /* CY_PSOC5A */
 312:Generated_Source\PSoC5/CapSense_Controller_IdacCH0.c **** }
 432              		.loc 1 312 0
 433 0010 00BF     		nop
 434 0012 0C37     		adds	r7, r7, #12
 435              		.cfi_def_cfa_offset 4
 436 0014 BD46     		mov	sp, r7
 437              		.cfi_def_cfa_register 13
 438              		@ sp needed
 439 0016 80BC     		pop	{r7}
 440              		.cfi_restore 7
 441              		.cfi_def_cfa_offset 0
 442 0018 7047     		bx	lr
 443              	.L25:
 444 001a 00BF     		.align	2
 445              	.L24:
 446 001c 835B0040 		.word	1073765251
 447              		.cfi_endproc
 448              	.LFE7:
 449              		.size	CapSense_Controller_IdacCH0_SetValue, .-CapSense_Controller_IdacCH0_SetValue
 450              		.section	.text.CapSense_Controller_IdacCH0_DacTrim,"ax",%progbits
 451              		.align	2
 452              		.global	CapSense_Controller_IdacCH0_DacTrim
 453              		.thumb
 454              		.thumb_func
 455              		.type	CapSense_Controller_IdacCH0_DacTrim, %function
 456              	CapSense_Controller_IdacCH0_DacTrim:
 457              	.LFB8:
 313:Generated_Source\PSoC5/CapSense_Controller_IdacCH0.c **** 
 314:Generated_Source\PSoC5/CapSense_Controller_IdacCH0.c **** 
 315:Generated_Source\PSoC5/CapSense_Controller_IdacCH0.c **** /*******************************************************************************
 316:Generated_Source\PSoC5/CapSense_Controller_IdacCH0.c **** * Function Name: CapSense_Controller_IdacCH0_DacTrim
 317:Generated_Source\PSoC5/CapSense_Controller_IdacCH0.c **** ********************************************************************************
 318:Generated_Source\PSoC5/CapSense_Controller_IdacCH0.c **** * Summary:
 319:Generated_Source\PSoC5/CapSense_Controller_IdacCH0.c **** *  Set the trim value for the given range.
 320:Generated_Source\PSoC5/CapSense_Controller_IdacCH0.c **** *
 321:Generated_Source\PSoC5/CapSense_Controller_IdacCH0.c **** * Parameters:
 322:Generated_Source\PSoC5/CapSense_Controller_IdacCH0.c **** *  None
 323:Generated_Source\PSoC5/CapSense_Controller_IdacCH0.c **** *
 324:Generated_Source\PSoC5/CapSense_Controller_IdacCH0.c **** * Return:
 325:Generated_Source\PSoC5/CapSense_Controller_IdacCH0.c **** *  (void) 
 326:Generated_Source\PSoC5/CapSense_Controller_IdacCH0.c **** *
 327:Generated_Source\PSoC5/CapSense_Controller_IdacCH0.c **** * Theory:
 328:Generated_Source\PSoC5/CapSense_Controller_IdacCH0.c **** *  Trim values for the IDAC blocks are stored in the "Customer Table" area in 
 329:Generated_Source\PSoC5/CapSense_Controller_IdacCH0.c **** *  Row 1 of the Hidden Flash.  There are 8 bytes of trim data for each 
 330:Generated_Source\PSoC5/CapSense_Controller_IdacCH0.c **** *  IDAC block.
 331:Generated_Source\PSoC5/CapSense_Controller_IdacCH0.c **** *  The values are:
 332:Generated_Source\PSoC5/CapSense_Controller_IdacCH0.c **** *       I Gain offset, min range, Sourcing
 333:Generated_Source\PSoC5/CapSense_Controller_IdacCH0.c **** *       I Gain offset, min range, Sinking
 334:Generated_Source\PSoC5/CapSense_Controller_IdacCH0.c **** *       I Gain offset, med range, Sourcing
 335:Generated_Source\PSoC5/CapSense_Controller_IdacCH0.c **** *       I Gain offset, med range, Sinking
 336:Generated_Source\PSoC5/CapSense_Controller_IdacCH0.c **** *       I Gain offset, max range, Sourcing
 337:Generated_Source\PSoC5/CapSense_Controller_IdacCH0.c **** *       I Gain offset, max range, Sinking
 338:Generated_Source\PSoC5/CapSense_Controller_IdacCH0.c **** *       V Gain offset, 1V range
 339:Generated_Source\PSoC5/CapSense_Controller_IdacCH0.c **** *       V Gain offset, 4V range
 340:Generated_Source\PSoC5/CapSense_Controller_IdacCH0.c **** *
 341:Generated_Source\PSoC5/CapSense_Controller_IdacCH0.c **** * Side Effects:
ARM GAS  C:\Users\AHMADN~1\AppData\Local\Temp\ccDxZ3lX.s 			page 15


 342:Generated_Source\PSoC5/CapSense_Controller_IdacCH0.c **** *
 343:Generated_Source\PSoC5/CapSense_Controller_IdacCH0.c **** *******************************************************************************/
 344:Generated_Source\PSoC5/CapSense_Controller_IdacCH0.c **** void CapSense_Controller_IdacCH0_DacTrim(void) 
 345:Generated_Source\PSoC5/CapSense_Controller_IdacCH0.c **** {
 458              		.loc 1 345 0
 459              		.cfi_startproc
 460              		@ args = 0, pretend = 0, frame = 8
 461              		@ frame_needed = 1, uses_anonymous_args = 0
 462              		@ link register save eliminated.
 463 0000 80B4     		push	{r7}
 464              		.cfi_def_cfa_offset 4
 465              		.cfi_offset 7, -4
 466 0002 83B0     		sub	sp, sp, #12
 467              		.cfi_def_cfa_offset 16
 468 0004 00AF     		add	r7, sp, #0
 469              		.cfi_def_cfa_register 7
 346:Generated_Source\PSoC5/CapSense_Controller_IdacCH0.c ****     uint8 mode;
 347:Generated_Source\PSoC5/CapSense_Controller_IdacCH0.c **** 
 348:Generated_Source\PSoC5/CapSense_Controller_IdacCH0.c ****     mode = ((CapSense_Controller_IdacCH0_CR0 & CapSense_Controller_IdacCH0_RANGE_MASK) >> 1u);
 470              		.loc 1 348 0
 471 0006 104B     		ldr	r3, .L28
 472 0008 1B78     		ldrb	r3, [r3]
 473 000a DBB2     		uxtb	r3, r3
 474 000c 03F00C03 		and	r3, r3, #12
 475 0010 5B08     		lsrs	r3, r3, #1
 476 0012 FB71     		strb	r3, [r7, #7]
 349:Generated_Source\PSoC5/CapSense_Controller_IdacCH0.c ****     
 350:Generated_Source\PSoC5/CapSense_Controller_IdacCH0.c ****     if((CapSense_Controller_IdacCH0_IDIR_MASK & CapSense_Controller_IdacCH0_CR1) == CapSense_Contro
 477              		.loc 1 350 0
 478 0014 0D4B     		ldr	r3, .L28+4
 479 0016 1B78     		ldrb	r3, [r3]
 480 0018 DBB2     		uxtb	r3, r3
 481 001a 03F00403 		and	r3, r3, #4
 482 001e DBB2     		uxtb	r3, r3
 483 0020 002B     		cmp	r3, #0
 484 0022 02D0     		beq	.L27
 351:Generated_Source\PSoC5/CapSense_Controller_IdacCH0.c ****     {
 352:Generated_Source\PSoC5/CapSense_Controller_IdacCH0.c ****         mode++;
 485              		.loc 1 352 0
 486 0024 FB79     		ldrb	r3, [r7, #7]	@ zero_extendqisi2
 487 0026 0133     		adds	r3, r3, #1
 488 0028 FB71     		strb	r3, [r7, #7]
 489              	.L27:
 353:Generated_Source\PSoC5/CapSense_Controller_IdacCH0.c ****     }
 354:Generated_Source\PSoC5/CapSense_Controller_IdacCH0.c **** 
 355:Generated_Source\PSoC5/CapSense_Controller_IdacCH0.c ****     CapSense_Controller_IdacCH0_TR = CY_GET_XTND_REG8((uint8 *)(CapSense_Controller_IdacCH0_DAC_TRI
 490              		.loc 1 355 0
 491 002a 094A     		ldr	r2, .L28+8
 492 002c FB79     		ldrb	r3, [r7, #7]	@ zero_extendqisi2
 493 002e 03F19243 		add	r3, r3, #1224736768
 494 0032 03F59C73 		add	r3, r3, #312
 495 0036 1B78     		ldrb	r3, [r3]
 496 0038 DBB2     		uxtb	r3, r3
 497 003a 1370     		strb	r3, [r2]
 356:Generated_Source\PSoC5/CapSense_Controller_IdacCH0.c **** }
 498              		.loc 1 356 0
 499 003c 00BF     		nop
ARM GAS  C:\Users\AHMADN~1\AppData\Local\Temp\ccDxZ3lX.s 			page 16


 500 003e 0C37     		adds	r7, r7, #12
 501              		.cfi_def_cfa_offset 4
 502 0040 BD46     		mov	sp, r7
 503              		.cfi_def_cfa_register 13
 504              		@ sp needed
 505 0042 80BC     		pop	{r7}
 506              		.cfi_restore 7
 507              		.cfi_def_cfa_offset 0
 508 0044 7047     		bx	lr
 509              	.L29:
 510 0046 00BF     		.align	2
 511              	.L28:
 512 0048 2C580040 		.word	1073764396
 513 004c 2D580040 		.word	1073764397
 514 0050 0B460040 		.word	1073759755
 515              		.cfi_endproc
 516              	.LFE8:
 517              		.size	CapSense_Controller_IdacCH0_DacTrim, .-CapSense_Controller_IdacCH0_DacTrim
 518              		.text
 519              	.Letext0:
 520              		.file 2 "Generated_Source\\PSoC5\\cytypes.h"
 521              		.section	.debug_info,"",%progbits
 522              	.Ldebug_info0:
 523 0000 A9010000 		.4byte	0x1a9
 524 0004 0400     		.2byte	0x4
 525 0006 00000000 		.4byte	.Ldebug_abbrev0
 526 000a 04       		.byte	0x4
 527 000b 01       		.uleb128 0x1
 528 000c 2F000000 		.4byte	.LASF27
 529 0010 0C       		.byte	0xc
 530 0011 4B020000 		.4byte	.LASF28
 531 0015 C2000000 		.4byte	.LASF29
 532 0019 00000000 		.4byte	.Ldebug_ranges0+0
 533 001d 00000000 		.4byte	0
 534 0021 00000000 		.4byte	.Ldebug_line0
 535 0025 02       		.uleb128 0x2
 536 0026 01       		.byte	0x1
 537 0027 06       		.byte	0x6
 538 0028 B8010000 		.4byte	.LASF0
 539 002c 02       		.uleb128 0x2
 540 002d 01       		.byte	0x1
 541 002e 08       		.byte	0x8
 542 002f A1010000 		.4byte	.LASF1
 543 0033 02       		.uleb128 0x2
 544 0034 02       		.byte	0x2
 545 0035 05       		.byte	0x5
 546 0036 25000000 		.4byte	.LASF2
 547 003a 02       		.uleb128 0x2
 548 003b 02       		.byte	0x2
 549 003c 07       		.byte	0x7
 550 003d 33020000 		.4byte	.LASF3
 551 0041 02       		.uleb128 0x2
 552 0042 04       		.byte	0x4
 553 0043 05       		.byte	0x5
 554 0044 77010000 		.4byte	.LASF4
 555 0048 02       		.uleb128 0x2
 556 0049 04       		.byte	0x4
ARM GAS  C:\Users\AHMADN~1\AppData\Local\Temp\ccDxZ3lX.s 			page 17


 557 004a 07       		.byte	0x7
 558 004b AA020000 		.4byte	.LASF5
 559 004f 02       		.uleb128 0x2
 560 0050 08       		.byte	0x8
 561 0051 05       		.byte	0x5
 562 0052 44010000 		.4byte	.LASF6
 563 0056 02       		.uleb128 0x2
 564 0057 08       		.byte	0x8
 565 0058 07       		.byte	0x7
 566 0059 C4010000 		.4byte	.LASF7
 567 005d 03       		.uleb128 0x3
 568 005e 04       		.byte	0x4
 569 005f 05       		.byte	0x5
 570 0060 696E7400 		.ascii	"int\000"
 571 0064 02       		.uleb128 0x2
 572 0065 04       		.byte	0x4
 573 0066 07       		.byte	0x7
 574 0067 FD010000 		.4byte	.LASF8
 575 006b 04       		.uleb128 0x4
 576 006c 38010000 		.4byte	.LASF12
 577 0070 02       		.byte	0x2
 578 0071 E401     		.2byte	0x1e4
 579 0073 2C000000 		.4byte	0x2c
 580 0077 02       		.uleb128 0x2
 581 0078 04       		.byte	0x4
 582 0079 04       		.byte	0x4
 583 007a 3E010000 		.4byte	.LASF9
 584 007e 02       		.uleb128 0x2
 585 007f 08       		.byte	0x8
 586 0080 04       		.byte	0x4
 587 0081 BC020000 		.4byte	.LASF10
 588 0085 02       		.uleb128 0x2
 589 0086 01       		.byte	0x1
 590 0087 08       		.byte	0x8
 591 0088 46020000 		.4byte	.LASF11
 592 008c 04       		.uleb128 0x4
 593 008d A5020000 		.4byte	.LASF13
 594 0091 02       		.byte	0x2
 595 0092 8E02     		.2byte	0x28e
 596 0094 98000000 		.4byte	0x98
 597 0098 05       		.uleb128 0x5
 598 0099 6B000000 		.4byte	0x6b
 599 009d 06       		.uleb128 0x6
 600 009e 11030000 		.4byte	.LASF14
 601 00a2 01       		.byte	0x1
 602 00a3 3A       		.byte	0x3a
 603 00a4 00000000 		.4byte	.LFB0
 604 00a8 48000000 		.4byte	.LFE0-.LFB0
 605 00ac 01       		.uleb128 0x1
 606 00ad 9C       		.byte	0x9c
 607 00ae 07       		.uleb128 0x7
 608 00af 10020000 		.4byte	.LASF15
 609 00b3 01       		.byte	0x1
 610 00b4 6F       		.byte	0x6f
 611 00b5 00000000 		.4byte	.LFB1
 612 00b9 34000000 		.4byte	.LFE1-.LFB1
 613 00bd 01       		.uleb128 0x1
ARM GAS  C:\Users\AHMADN~1\AppData\Local\Temp\ccDxZ3lX.s 			page 18


 614 00be 9C       		.byte	0x9c
 615 00bf 06       		.uleb128 0x6
 616 00c0 DB010000 		.4byte	.LASF16
 617 00c4 01       		.byte	0x1
 618 00c5 93       		.byte	0x93
 619 00c6 00000000 		.4byte	.LFB2
 620 00ca 28000000 		.4byte	.LFE2-.LFB2
 621 00ce 01       		.uleb128 0x1
 622 00cf 9C       		.byte	0x9c
 623 00d0 07       		.uleb128 0x7
 624 00d1 80010000 		.4byte	.LASF17
 625 00d5 01       		.byte	0x1
 626 00d6 B7       		.byte	0xb7
 627 00d7 00000000 		.4byte	.LFB3
 628 00db 34000000 		.4byte	.LFE3-.LFB3
 629 00df 01       		.uleb128 0x1
 630 00e0 9C       		.byte	0x9c
 631 00e1 08       		.uleb128 0x8
 632 00e2 00000000 		.4byte	.LASF18
 633 00e6 01       		.byte	0x1
 634 00e7 DA       		.byte	0xda
 635 00e8 00000000 		.4byte	.LFB4
 636 00ec 40000000 		.4byte	.LFE4-.LFB4
 637 00f0 01       		.uleb128 0x1
 638 00f1 9C       		.byte	0x9c
 639 00f2 05010000 		.4byte	0x105
 640 00f6 09       		.uleb128 0x9
 641 00f7 0A020000 		.4byte	.LASF20
 642 00fb 01       		.byte	0x1
 643 00fc DA       		.byte	0xda
 644 00fd 6B000000 		.4byte	0x6b
 645 0101 02       		.uleb128 0x2
 646 0102 91       		.byte	0x91
 647 0103 77       		.sleb128 -9
 648 0104 00       		.byte	0
 649 0105 0A       		.uleb128 0xa
 650 0106 10010000 		.4byte	.LASF19
 651 010a 01       		.byte	0x1
 652 010b F6       		.byte	0xf6
 653 010c 00000000 		.4byte	.LFB5
 654 0110 40000000 		.4byte	.LFE5-.LFB5
 655 0114 01       		.uleb128 0x1
 656 0115 9C       		.byte	0x9c
 657 0116 29010000 		.4byte	0x129
 658 011a 09       		.uleb128 0x9
 659 011b AF010000 		.4byte	.LASF21
 660 011f 01       		.byte	0x1
 661 0120 F6       		.byte	0xf6
 662 0121 6B000000 		.4byte	0x6b
 663 0125 02       		.uleb128 0x2
 664 0126 91       		.byte	0x91
 665 0127 77       		.sleb128 -9
 666 0128 00       		.byte	0
 667 0129 0B       		.uleb128 0xb
 668 012a 52010000 		.4byte	.LASF22
 669 012e 01       		.byte	0x1
 670 012f 1101     		.2byte	0x111
ARM GAS  C:\Users\AHMADN~1\AppData\Local\Temp\ccDxZ3lX.s 			page 19


 671 0131 00000000 		.4byte	.LFB6
 672 0135 40000000 		.4byte	.LFE6-.LFB6
 673 0139 01       		.uleb128 0x1
 674 013a 9C       		.byte	0x9c
 675 013b 4F010000 		.4byte	0x14f
 676 013f 0C       		.uleb128 0xc
 677 0140 C3020000 		.4byte	.LASF23
 678 0144 01       		.byte	0x1
 679 0145 1101     		.2byte	0x111
 680 0147 6B000000 		.4byte	0x6b
 681 014b 02       		.uleb128 0x2
 682 014c 91       		.byte	0x91
 683 014d 77       		.sleb128 -9
 684 014e 00       		.byte	0
 685 014f 0D       		.uleb128 0xd
 686 0150 80020000 		.4byte	.LASF24
 687 0154 01       		.byte	0x1
 688 0155 2A01     		.2byte	0x12a
 689 0157 00000000 		.4byte	.LFB7
 690 015b 20000000 		.4byte	.LFE7-.LFB7
 691 015f 01       		.uleb128 0x1
 692 0160 9C       		.byte	0x9c
 693 0161 75010000 		.4byte	0x175
 694 0165 0C       		.uleb128 0xc
 695 0166 0A010000 		.4byte	.LASF25
 696 016a 01       		.byte	0x1
 697 016b 2A01     		.2byte	0x12a
 698 016d 6B000000 		.4byte	0x6b
 699 0171 02       		.uleb128 0x2
 700 0172 91       		.byte	0x91
 701 0173 77       		.sleb128 -9
 702 0174 00       		.byte	0
 703 0175 0D       		.uleb128 0xd
 704 0176 ED020000 		.4byte	.LASF26
 705 017a 01       		.byte	0x1
 706 017b 5801     		.2byte	0x158
 707 017d 00000000 		.4byte	.LFB8
 708 0181 54000000 		.4byte	.LFE8-.LFB8
 709 0185 01       		.uleb128 0x1
 710 0186 9C       		.byte	0x9c
 711 0187 9B010000 		.4byte	0x19b
 712 018b 0E       		.uleb128 0xe
 713 018c BD000000 		.4byte	.LASF30
 714 0190 01       		.byte	0x1
 715 0191 5A01     		.2byte	0x15a
 716 0193 6B000000 		.4byte	0x6b
 717 0197 02       		.uleb128 0x2
 718 0198 91       		.byte	0x91
 719 0199 77       		.sleb128 -9
 720 019a 00       		.byte	0
 721 019b 0F       		.uleb128 0xf
 722 019c C9020000 		.4byte	.LASF31
 723 01a0 01       		.byte	0x1
 724 01a1 1B       		.byte	0x1b
 725 01a2 6B000000 		.4byte	0x6b
 726 01a6 05       		.uleb128 0x5
 727 01a7 03       		.byte	0x3
ARM GAS  C:\Users\AHMADN~1\AppData\Local\Temp\ccDxZ3lX.s 			page 20


 728 01a8 00000000 		.4byte	CapSense_Controller_IdacCH0_initVar
 729 01ac 00       		.byte	0
 730              		.section	.debug_abbrev,"",%progbits
 731              	.Ldebug_abbrev0:
 732 0000 01       		.uleb128 0x1
 733 0001 11       		.uleb128 0x11
 734 0002 01       		.byte	0x1
 735 0003 25       		.uleb128 0x25
 736 0004 0E       		.uleb128 0xe
 737 0005 13       		.uleb128 0x13
 738 0006 0B       		.uleb128 0xb
 739 0007 03       		.uleb128 0x3
 740 0008 0E       		.uleb128 0xe
 741 0009 1B       		.uleb128 0x1b
 742 000a 0E       		.uleb128 0xe
 743 000b 55       		.uleb128 0x55
 744 000c 17       		.uleb128 0x17
 745 000d 11       		.uleb128 0x11
 746 000e 01       		.uleb128 0x1
 747 000f 10       		.uleb128 0x10
 748 0010 17       		.uleb128 0x17
 749 0011 00       		.byte	0
 750 0012 00       		.byte	0
 751 0013 02       		.uleb128 0x2
 752 0014 24       		.uleb128 0x24
 753 0015 00       		.byte	0
 754 0016 0B       		.uleb128 0xb
 755 0017 0B       		.uleb128 0xb
 756 0018 3E       		.uleb128 0x3e
 757 0019 0B       		.uleb128 0xb
 758 001a 03       		.uleb128 0x3
 759 001b 0E       		.uleb128 0xe
 760 001c 00       		.byte	0
 761 001d 00       		.byte	0
 762 001e 03       		.uleb128 0x3
 763 001f 24       		.uleb128 0x24
 764 0020 00       		.byte	0
 765 0021 0B       		.uleb128 0xb
 766 0022 0B       		.uleb128 0xb
 767 0023 3E       		.uleb128 0x3e
 768 0024 0B       		.uleb128 0xb
 769 0025 03       		.uleb128 0x3
 770 0026 08       		.uleb128 0x8
 771 0027 00       		.byte	0
 772 0028 00       		.byte	0
 773 0029 04       		.uleb128 0x4
 774 002a 16       		.uleb128 0x16
 775 002b 00       		.byte	0
 776 002c 03       		.uleb128 0x3
 777 002d 0E       		.uleb128 0xe
 778 002e 3A       		.uleb128 0x3a
 779 002f 0B       		.uleb128 0xb
 780 0030 3B       		.uleb128 0x3b
 781 0031 05       		.uleb128 0x5
 782 0032 49       		.uleb128 0x49
 783 0033 13       		.uleb128 0x13
 784 0034 00       		.byte	0
ARM GAS  C:\Users\AHMADN~1\AppData\Local\Temp\ccDxZ3lX.s 			page 21


 785 0035 00       		.byte	0
 786 0036 05       		.uleb128 0x5
 787 0037 35       		.uleb128 0x35
 788 0038 00       		.byte	0
 789 0039 49       		.uleb128 0x49
 790 003a 13       		.uleb128 0x13
 791 003b 00       		.byte	0
 792 003c 00       		.byte	0
 793 003d 06       		.uleb128 0x6
 794 003e 2E       		.uleb128 0x2e
 795 003f 00       		.byte	0
 796 0040 3F       		.uleb128 0x3f
 797 0041 19       		.uleb128 0x19
 798 0042 03       		.uleb128 0x3
 799 0043 0E       		.uleb128 0xe
 800 0044 3A       		.uleb128 0x3a
 801 0045 0B       		.uleb128 0xb
 802 0046 3B       		.uleb128 0x3b
 803 0047 0B       		.uleb128 0xb
 804 0048 27       		.uleb128 0x27
 805 0049 19       		.uleb128 0x19
 806 004a 11       		.uleb128 0x11
 807 004b 01       		.uleb128 0x1
 808 004c 12       		.uleb128 0x12
 809 004d 06       		.uleb128 0x6
 810 004e 40       		.uleb128 0x40
 811 004f 18       		.uleb128 0x18
 812 0050 9642     		.uleb128 0x2116
 813 0052 19       		.uleb128 0x19
 814 0053 00       		.byte	0
 815 0054 00       		.byte	0
 816 0055 07       		.uleb128 0x7
 817 0056 2E       		.uleb128 0x2e
 818 0057 00       		.byte	0
 819 0058 3F       		.uleb128 0x3f
 820 0059 19       		.uleb128 0x19
 821 005a 03       		.uleb128 0x3
 822 005b 0E       		.uleb128 0xe
 823 005c 3A       		.uleb128 0x3a
 824 005d 0B       		.uleb128 0xb
 825 005e 3B       		.uleb128 0x3b
 826 005f 0B       		.uleb128 0xb
 827 0060 27       		.uleb128 0x27
 828 0061 19       		.uleb128 0x19
 829 0062 11       		.uleb128 0x11
 830 0063 01       		.uleb128 0x1
 831 0064 12       		.uleb128 0x12
 832 0065 06       		.uleb128 0x6
 833 0066 40       		.uleb128 0x40
 834 0067 18       		.uleb128 0x18
 835 0068 9742     		.uleb128 0x2117
 836 006a 19       		.uleb128 0x19
 837 006b 00       		.byte	0
 838 006c 00       		.byte	0
 839 006d 08       		.uleb128 0x8
 840 006e 2E       		.uleb128 0x2e
 841 006f 01       		.byte	0x1
ARM GAS  C:\Users\AHMADN~1\AppData\Local\Temp\ccDxZ3lX.s 			page 22


 842 0070 3F       		.uleb128 0x3f
 843 0071 19       		.uleb128 0x19
 844 0072 03       		.uleb128 0x3
 845 0073 0E       		.uleb128 0xe
 846 0074 3A       		.uleb128 0x3a
 847 0075 0B       		.uleb128 0xb
 848 0076 3B       		.uleb128 0x3b
 849 0077 0B       		.uleb128 0xb
 850 0078 27       		.uleb128 0x27
 851 0079 19       		.uleb128 0x19
 852 007a 11       		.uleb128 0x11
 853 007b 01       		.uleb128 0x1
 854 007c 12       		.uleb128 0x12
 855 007d 06       		.uleb128 0x6
 856 007e 40       		.uleb128 0x40
 857 007f 18       		.uleb128 0x18
 858 0080 9742     		.uleb128 0x2117
 859 0082 19       		.uleb128 0x19
 860 0083 01       		.uleb128 0x1
 861 0084 13       		.uleb128 0x13
 862 0085 00       		.byte	0
 863 0086 00       		.byte	0
 864 0087 09       		.uleb128 0x9
 865 0088 05       		.uleb128 0x5
 866 0089 00       		.byte	0
 867 008a 03       		.uleb128 0x3
 868 008b 0E       		.uleb128 0xe
 869 008c 3A       		.uleb128 0x3a
 870 008d 0B       		.uleb128 0xb
 871 008e 3B       		.uleb128 0x3b
 872 008f 0B       		.uleb128 0xb
 873 0090 49       		.uleb128 0x49
 874 0091 13       		.uleb128 0x13
 875 0092 02       		.uleb128 0x2
 876 0093 18       		.uleb128 0x18
 877 0094 00       		.byte	0
 878 0095 00       		.byte	0
 879 0096 0A       		.uleb128 0xa
 880 0097 2E       		.uleb128 0x2e
 881 0098 01       		.byte	0x1
 882 0099 3F       		.uleb128 0x3f
 883 009a 19       		.uleb128 0x19
 884 009b 03       		.uleb128 0x3
 885 009c 0E       		.uleb128 0xe
 886 009d 3A       		.uleb128 0x3a
 887 009e 0B       		.uleb128 0xb
 888 009f 3B       		.uleb128 0x3b
 889 00a0 0B       		.uleb128 0xb
 890 00a1 27       		.uleb128 0x27
 891 00a2 19       		.uleb128 0x19
 892 00a3 11       		.uleb128 0x11
 893 00a4 01       		.uleb128 0x1
 894 00a5 12       		.uleb128 0x12
 895 00a6 06       		.uleb128 0x6
 896 00a7 40       		.uleb128 0x40
 897 00a8 18       		.uleb128 0x18
 898 00a9 9642     		.uleb128 0x2116
ARM GAS  C:\Users\AHMADN~1\AppData\Local\Temp\ccDxZ3lX.s 			page 23


 899 00ab 19       		.uleb128 0x19
 900 00ac 01       		.uleb128 0x1
 901 00ad 13       		.uleb128 0x13
 902 00ae 00       		.byte	0
 903 00af 00       		.byte	0
 904 00b0 0B       		.uleb128 0xb
 905 00b1 2E       		.uleb128 0x2e
 906 00b2 01       		.byte	0x1
 907 00b3 3F       		.uleb128 0x3f
 908 00b4 19       		.uleb128 0x19
 909 00b5 03       		.uleb128 0x3
 910 00b6 0E       		.uleb128 0xe
 911 00b7 3A       		.uleb128 0x3a
 912 00b8 0B       		.uleb128 0xb
 913 00b9 3B       		.uleb128 0x3b
 914 00ba 05       		.uleb128 0x5
 915 00bb 27       		.uleb128 0x27
 916 00bc 19       		.uleb128 0x19
 917 00bd 11       		.uleb128 0x11
 918 00be 01       		.uleb128 0x1
 919 00bf 12       		.uleb128 0x12
 920 00c0 06       		.uleb128 0x6
 921 00c1 40       		.uleb128 0x40
 922 00c2 18       		.uleb128 0x18
 923 00c3 9642     		.uleb128 0x2116
 924 00c5 19       		.uleb128 0x19
 925 00c6 01       		.uleb128 0x1
 926 00c7 13       		.uleb128 0x13
 927 00c8 00       		.byte	0
 928 00c9 00       		.byte	0
 929 00ca 0C       		.uleb128 0xc
 930 00cb 05       		.uleb128 0x5
 931 00cc 00       		.byte	0
 932 00cd 03       		.uleb128 0x3
 933 00ce 0E       		.uleb128 0xe
 934 00cf 3A       		.uleb128 0x3a
 935 00d0 0B       		.uleb128 0xb
 936 00d1 3B       		.uleb128 0x3b
 937 00d2 05       		.uleb128 0x5
 938 00d3 49       		.uleb128 0x49
 939 00d4 13       		.uleb128 0x13
 940 00d5 02       		.uleb128 0x2
 941 00d6 18       		.uleb128 0x18
 942 00d7 00       		.byte	0
 943 00d8 00       		.byte	0
 944 00d9 0D       		.uleb128 0xd
 945 00da 2E       		.uleb128 0x2e
 946 00db 01       		.byte	0x1
 947 00dc 3F       		.uleb128 0x3f
 948 00dd 19       		.uleb128 0x19
 949 00de 03       		.uleb128 0x3
 950 00df 0E       		.uleb128 0xe
 951 00e0 3A       		.uleb128 0x3a
 952 00e1 0B       		.uleb128 0xb
 953 00e2 3B       		.uleb128 0x3b
 954 00e3 05       		.uleb128 0x5
 955 00e4 27       		.uleb128 0x27
ARM GAS  C:\Users\AHMADN~1\AppData\Local\Temp\ccDxZ3lX.s 			page 24


 956 00e5 19       		.uleb128 0x19
 957 00e6 11       		.uleb128 0x11
 958 00e7 01       		.uleb128 0x1
 959 00e8 12       		.uleb128 0x12
 960 00e9 06       		.uleb128 0x6
 961 00ea 40       		.uleb128 0x40
 962 00eb 18       		.uleb128 0x18
 963 00ec 9742     		.uleb128 0x2117
 964 00ee 19       		.uleb128 0x19
 965 00ef 01       		.uleb128 0x1
 966 00f0 13       		.uleb128 0x13
 967 00f1 00       		.byte	0
 968 00f2 00       		.byte	0
 969 00f3 0E       		.uleb128 0xe
 970 00f4 34       		.uleb128 0x34
 971 00f5 00       		.byte	0
 972 00f6 03       		.uleb128 0x3
 973 00f7 0E       		.uleb128 0xe
 974 00f8 3A       		.uleb128 0x3a
 975 00f9 0B       		.uleb128 0xb
 976 00fa 3B       		.uleb128 0x3b
 977 00fb 05       		.uleb128 0x5
 978 00fc 49       		.uleb128 0x49
 979 00fd 13       		.uleb128 0x13
 980 00fe 02       		.uleb128 0x2
 981 00ff 18       		.uleb128 0x18
 982 0100 00       		.byte	0
 983 0101 00       		.byte	0
 984 0102 0F       		.uleb128 0xf
 985 0103 34       		.uleb128 0x34
 986 0104 00       		.byte	0
 987 0105 03       		.uleb128 0x3
 988 0106 0E       		.uleb128 0xe
 989 0107 3A       		.uleb128 0x3a
 990 0108 0B       		.uleb128 0xb
 991 0109 3B       		.uleb128 0x3b
 992 010a 0B       		.uleb128 0xb
 993 010b 49       		.uleb128 0x49
 994 010c 13       		.uleb128 0x13
 995 010d 3F       		.uleb128 0x3f
 996 010e 19       		.uleb128 0x19
 997 010f 02       		.uleb128 0x2
 998 0110 18       		.uleb128 0x18
 999 0111 00       		.byte	0
 1000 0112 00       		.byte	0
 1001 0113 00       		.byte	0
 1002              		.section	.debug_aranges,"",%progbits
 1003 0000 5C000000 		.4byte	0x5c
 1004 0004 0200     		.2byte	0x2
 1005 0006 00000000 		.4byte	.Ldebug_info0
 1006 000a 04       		.byte	0x4
 1007 000b 00       		.byte	0
 1008 000c 0000     		.2byte	0
 1009 000e 0000     		.2byte	0
 1010 0010 00000000 		.4byte	.LFB0
 1011 0014 48000000 		.4byte	.LFE0-.LFB0
 1012 0018 00000000 		.4byte	.LFB1
ARM GAS  C:\Users\AHMADN~1\AppData\Local\Temp\ccDxZ3lX.s 			page 25


 1013 001c 34000000 		.4byte	.LFE1-.LFB1
 1014 0020 00000000 		.4byte	.LFB2
 1015 0024 28000000 		.4byte	.LFE2-.LFB2
 1016 0028 00000000 		.4byte	.LFB3
 1017 002c 34000000 		.4byte	.LFE3-.LFB3
 1018 0030 00000000 		.4byte	.LFB4
 1019 0034 40000000 		.4byte	.LFE4-.LFB4
 1020 0038 00000000 		.4byte	.LFB5
 1021 003c 40000000 		.4byte	.LFE5-.LFB5
 1022 0040 00000000 		.4byte	.LFB6
 1023 0044 40000000 		.4byte	.LFE6-.LFB6
 1024 0048 00000000 		.4byte	.LFB7
 1025 004c 20000000 		.4byte	.LFE7-.LFB7
 1026 0050 00000000 		.4byte	.LFB8
 1027 0054 54000000 		.4byte	.LFE8-.LFB8
 1028 0058 00000000 		.4byte	0
 1029 005c 00000000 		.4byte	0
 1030              		.section	.debug_ranges,"",%progbits
 1031              	.Ldebug_ranges0:
 1032 0000 00000000 		.4byte	.LFB0
 1033 0004 48000000 		.4byte	.LFE0
 1034 0008 00000000 		.4byte	.LFB1
 1035 000c 34000000 		.4byte	.LFE1
 1036 0010 00000000 		.4byte	.LFB2
 1037 0014 28000000 		.4byte	.LFE2
 1038 0018 00000000 		.4byte	.LFB3
 1039 001c 34000000 		.4byte	.LFE3
 1040 0020 00000000 		.4byte	.LFB4
 1041 0024 40000000 		.4byte	.LFE4
 1042 0028 00000000 		.4byte	.LFB5
 1043 002c 40000000 		.4byte	.LFE5
 1044 0030 00000000 		.4byte	.LFB6
 1045 0034 40000000 		.4byte	.LFE6
 1046 0038 00000000 		.4byte	.LFB7
 1047 003c 20000000 		.4byte	.LFE7
 1048 0040 00000000 		.4byte	.LFB8
 1049 0044 54000000 		.4byte	.LFE8
 1050 0048 00000000 		.4byte	0
 1051 004c 00000000 		.4byte	0
 1052              		.section	.debug_line,"",%progbits
 1053              	.Ldebug_line0:
 1054 0000 18010000 		.section	.debug_str,"MS",%progbits,1
 1054      02005800 
 1054      00000201 
 1054      FB0E0D00 
 1054      01010101 
 1055              	.LASF18:
 1056 0000 43617053 		.ascii	"CapSense_Controller_IdacCH0_SetSpeed\000"
 1056      656E7365 
 1056      5F436F6E 
 1056      74726F6C 
 1056      6C65725F 
 1057              	.LASF2:
 1058 0025 73686F72 		.ascii	"short int\000"
 1058      7420696E 
 1058      7400
 1059              	.LASF27:
ARM GAS  C:\Users\AHMADN~1\AppData\Local\Temp\ccDxZ3lX.s 			page 26


 1060 002f 474E5520 		.ascii	"GNU C11 5.4.1 20160609 (release) [ARM/embedded-5-br"
 1060      43313120 
 1060      352E342E 
 1060      31203230 
 1060      31363036 
 1061 0062 616E6368 		.ascii	"anch revision 237715] -mcpu=cortex-m3 -mthumb -g -O"
 1061      20726576 
 1061      6973696F 
 1061      6E203233 
 1061      37373135 
 1062 0095 30202D66 		.ascii	"0 -ffunction-sections -ffat-lto-objects\000"
 1062      66756E63 
 1062      74696F6E 
 1062      2D736563 
 1062      74696F6E 
 1063              	.LASF30:
 1064 00bd 6D6F6465 		.ascii	"mode\000"
 1064      00
 1065              	.LASF29:
 1066 00c2 433A5C55 		.ascii	"C:\\Users\\Ahmad Negm\\Desktop\\6.115\\FP\\psoc_vga"
 1066      73657273 
 1066      5C41686D 
 1066      6164204E 
 1066      65676D5C 
 1067 00ef 5F70726F 		.ascii	"_project Dev Kit\\vga.cydsn\000"
 1067      6A656374 
 1067      20446576 
 1067      204B6974 
 1067      5C766761 
 1068              	.LASF25:
 1069 010a 76616C75 		.ascii	"value\000"
 1069      6500
 1070              	.LASF19:
 1071 0110 43617053 		.ascii	"CapSense_Controller_IdacCH0_SetPolarity\000"
 1071      656E7365 
 1071      5F436F6E 
 1071      74726F6C 
 1071      6C65725F 
 1072              	.LASF12:
 1073 0138 75696E74 		.ascii	"uint8\000"
 1073      3800
 1074              	.LASF9:
 1075 013e 666C6F61 		.ascii	"float\000"
 1075      7400
 1076              	.LASF6:
 1077 0144 6C6F6E67 		.ascii	"long long int\000"
 1077      206C6F6E 
 1077      6720696E 
 1077      7400
 1078              	.LASF22:
 1079 0152 43617053 		.ascii	"CapSense_Controller_IdacCH0_SetRange\000"
 1079      656E7365 
 1079      5F436F6E 
 1079      74726F6C 
 1079      6C65725F 
 1080              	.LASF4:
 1081 0177 6C6F6E67 		.ascii	"long int\000"
ARM GAS  C:\Users\AHMADN~1\AppData\Local\Temp\ccDxZ3lX.s 			page 27


 1081      20696E74 
 1081      00
 1082              	.LASF17:
 1083 0180 43617053 		.ascii	"CapSense_Controller_IdacCH0_Stop\000"
 1083      656E7365 
 1083      5F436F6E 
 1083      74726F6C 
 1083      6C65725F 
 1084              	.LASF1:
 1085 01a1 756E7369 		.ascii	"unsigned char\000"
 1085      676E6564 
 1085      20636861 
 1085      7200
 1086              	.LASF21:
 1087 01af 706F6C61 		.ascii	"polarity\000"
 1087      72697479 
 1087      00
 1088              	.LASF0:
 1089 01b8 7369676E 		.ascii	"signed char\000"
 1089      65642063 
 1089      68617200 
 1090              	.LASF7:
 1091 01c4 6C6F6E67 		.ascii	"long long unsigned int\000"
 1091      206C6F6E 
 1091      6720756E 
 1091      7369676E 
 1091      65642069 
 1092              	.LASF16:
 1093 01db 43617053 		.ascii	"CapSense_Controller_IdacCH0_Start\000"
 1093      656E7365 
 1093      5F436F6E 
 1093      74726F6C 
 1093      6C65725F 
 1094              	.LASF8:
 1095 01fd 756E7369 		.ascii	"unsigned int\000"
 1095      676E6564 
 1095      20696E74 
 1095      00
 1096              	.LASF20:
 1097 020a 73706565 		.ascii	"speed\000"
 1097      6400
 1098              	.LASF15:
 1099 0210 43617053 		.ascii	"CapSense_Controller_IdacCH0_Enable\000"
 1099      656E7365 
 1099      5F436F6E 
 1099      74726F6C 
 1099      6C65725F 
 1100              	.LASF3:
 1101 0233 73686F72 		.ascii	"short unsigned int\000"
 1101      7420756E 
 1101      7369676E 
 1101      65642069 
 1101      6E7400
 1102              	.LASF11:
 1103 0246 63686172 		.ascii	"char\000"
 1103      00
 1104              	.LASF28:
ARM GAS  C:\Users\AHMADN~1\AppData\Local\Temp\ccDxZ3lX.s 			page 28


 1105 024b 47656E65 		.ascii	"Generated_Source\\PSoC5\\CapSense_Controller_IdacCH"
 1105      72617465 
 1105      645F536F 
 1105      75726365 
 1105      5C50536F 
 1106 027c 302E6300 		.ascii	"0.c\000"
 1107              	.LASF24:
 1108 0280 43617053 		.ascii	"CapSense_Controller_IdacCH0_SetValue\000"
 1108      656E7365 
 1108      5F436F6E 
 1108      74726F6C 
 1108      6C65725F 
 1109              	.LASF13:
 1110 02a5 72656738 		.ascii	"reg8\000"
 1110      00
 1111              	.LASF5:
 1112 02aa 6C6F6E67 		.ascii	"long unsigned int\000"
 1112      20756E73 
 1112      69676E65 
 1112      6420696E 
 1112      7400
 1113              	.LASF10:
 1114 02bc 646F7562 		.ascii	"double\000"
 1114      6C6500
 1115              	.LASF23:
 1116 02c3 72616E67 		.ascii	"range\000"
 1116      6500
 1117              	.LASF31:
 1118 02c9 43617053 		.ascii	"CapSense_Controller_IdacCH0_initVar\000"
 1118      656E7365 
 1118      5F436F6E 
 1118      74726F6C 
 1118      6C65725F 
 1119              	.LASF26:
 1120 02ed 43617053 		.ascii	"CapSense_Controller_IdacCH0_DacTrim\000"
 1120      656E7365 
 1120      5F436F6E 
 1120      74726F6C 
 1120      6C65725F 
 1121              	.LASF14:
 1122 0311 43617053 		.ascii	"CapSense_Controller_IdacCH0_Init\000"
 1122      656E7365 
 1122      5F436F6E 
 1122      74726F6C 
 1122      6C65725F 
 1123              		.ident	"GCC: (GNU Tools for ARM Embedded Processors) 5.4.1 20160609 (release) [ARM/embedded-5-bran
