ARM GAS  C:\Users\AHMADN~1\AppData\Local\Temp\ccNmLzSA.s 			page 1


   1              		.syntax unified
   2              		.cpu cortex-m3
   3              		.fpu softvfp
   4              		.eabi_attribute 20, 1
   5              		.eabi_attribute 21, 1
   6              		.eabi_attribute 23, 3
   7              		.eabi_attribute 24, 1
   8              		.eabi_attribute 25, 1
   9              		.eabi_attribute 26, 1
  10              		.eabi_attribute 30, 6
  11              		.eabi_attribute 34, 1
  12              		.eabi_attribute 18, 4
  13              		.thumb
  14              		.syntax unified
  15              		.file	"CapSense_Controller_TunerHelper.c"
  16              		.text
  17              	.Ltext0:
  18              		.cfi_sections	.debug_frame
  19              		.section	.text.CapSense_Controller_TunerStart,"ax",%progbits
  20              		.align	2
  21              		.global	CapSense_Controller_TunerStart
  22              		.thumb
  23              		.thumb_func
  24              		.type	CapSense_Controller_TunerStart, %function
  25              	CapSense_Controller_TunerStart:
  26              	.LFB0:
  27              		.file 1 "Generated_Source\\PSoC5\\CapSense_Controller_TunerHelper.c"
   1:Generated_Source\PSoC5/CapSense_Controller_TunerHelper.c **** /*******************************************************************************
   2:Generated_Source\PSoC5/CapSense_Controller_TunerHelper.c **** * File Name: CapSense_Controller_TunerHelper.c
   3:Generated_Source\PSoC5/CapSense_Controller_TunerHelper.c **** * Version 3.50
   4:Generated_Source\PSoC5/CapSense_Controller_TunerHelper.c **** *
   5:Generated_Source\PSoC5/CapSense_Controller_TunerHelper.c **** * Description:
   6:Generated_Source\PSoC5/CapSense_Controller_TunerHelper.c **** *  This file provides the source code of Tuner helper APIs for the CapSense CSD 
   7:Generated_Source\PSoC5/CapSense_Controller_TunerHelper.c **** *  component.
   8:Generated_Source\PSoC5/CapSense_Controller_TunerHelper.c **** *
   9:Generated_Source\PSoC5/CapSense_Controller_TunerHelper.c **** * Note:
  10:Generated_Source\PSoC5/CapSense_Controller_TunerHelper.c **** *
  11:Generated_Source\PSoC5/CapSense_Controller_TunerHelper.c **** ********************************************************************************
  12:Generated_Source\PSoC5/CapSense_Controller_TunerHelper.c **** * Copyright 2008-2013, Cypress Semiconductor Corporation.  All rights reserved.
  13:Generated_Source\PSoC5/CapSense_Controller_TunerHelper.c **** * You may use this file only in accordance with the license, terms, conditions,
  14:Generated_Source\PSoC5/CapSense_Controller_TunerHelper.c **** * disclaimers, and limitations in the end user license agreement accompanying
  15:Generated_Source\PSoC5/CapSense_Controller_TunerHelper.c **** * the software package with which this file was provided.
  16:Generated_Source\PSoC5/CapSense_Controller_TunerHelper.c **** *******************************************************************************/
  17:Generated_Source\PSoC5/CapSense_Controller_TunerHelper.c **** 
  18:Generated_Source\PSoC5/CapSense_Controller_TunerHelper.c **** #include "CapSense_Controller_TunerHelper.h"
  19:Generated_Source\PSoC5/CapSense_Controller_TunerHelper.c **** 
  20:Generated_Source\PSoC5/CapSense_Controller_TunerHelper.c **** #if (CapSense_Controller_TUNER_API_GENERATE)
  21:Generated_Source\PSoC5/CapSense_Controller_TunerHelper.c ****     volatile CapSense_Controller_MAILBOXES CapSense_Controller_mailboxesComm;
  22:Generated_Source\PSoC5/CapSense_Controller_TunerHelper.c **** #endif  /* (CapSense_Controller_TUNER_API_GENERATE) */
  23:Generated_Source\PSoC5/CapSense_Controller_TunerHelper.c **** 
  24:Generated_Source\PSoC5/CapSense_Controller_TunerHelper.c **** 
  25:Generated_Source\PSoC5/CapSense_Controller_TunerHelper.c **** /*******************************************************************************
  26:Generated_Source\PSoC5/CapSense_Controller_TunerHelper.c **** * Function Name: CapSense_Controller_TunerStart
  27:Generated_Source\PSoC5/CapSense_Controller_TunerHelper.c **** ********************************************************************************
  28:Generated_Source\PSoC5/CapSense_Controller_TunerHelper.c **** *
  29:Generated_Source\PSoC5/CapSense_Controller_TunerHelper.c **** * Summary:
  30:Generated_Source\PSoC5/CapSense_Controller_TunerHelper.c **** *  Initializes CapSense CSD component and EzI2C communication componenet to use
ARM GAS  C:\Users\AHMADN~1\AppData\Local\Temp\ccNmLzSA.s 			page 2


  31:Generated_Source\PSoC5/CapSense_Controller_TunerHelper.c **** *  mailbox data structure for communication with Tuner GUI.
  32:Generated_Source\PSoC5/CapSense_Controller_TunerHelper.c **** *  Start the scanning, after initialization complete.
  33:Generated_Source\PSoC5/CapSense_Controller_TunerHelper.c **** *
  34:Generated_Source\PSoC5/CapSense_Controller_TunerHelper.c **** * Parameters:
  35:Generated_Source\PSoC5/CapSense_Controller_TunerHelper.c **** *  None
  36:Generated_Source\PSoC5/CapSense_Controller_TunerHelper.c **** *
  37:Generated_Source\PSoC5/CapSense_Controller_TunerHelper.c **** * Return:
  38:Generated_Source\PSoC5/CapSense_Controller_TunerHelper.c **** *  None
  39:Generated_Source\PSoC5/CapSense_Controller_TunerHelper.c **** *
  40:Generated_Source\PSoC5/CapSense_Controller_TunerHelper.c **** * Reentrant:
  41:Generated_Source\PSoC5/CapSense_Controller_TunerHelper.c **** *  No
  42:Generated_Source\PSoC5/CapSense_Controller_TunerHelper.c **** *
  43:Generated_Source\PSoC5/CapSense_Controller_TunerHelper.c **** * Note:
  44:Generated_Source\PSoC5/CapSense_Controller_TunerHelper.c **** *  All widgets are enabled by default except proximity widgets. Proximity widgets 
  45:Generated_Source\PSoC5/CapSense_Controller_TunerHelper.c **** *  must be manually enabled as their long scan time is incompatible 
  46:Generated_Source\PSoC5/CapSense_Controller_TunerHelper.c **** *  with the fast response required of other widget types. 
  47:Generated_Source\PSoC5/CapSense_Controller_TunerHelper.c **** *
  48:Generated_Source\PSoC5/CapSense_Controller_TunerHelper.c **** *******************************************************************************/
  49:Generated_Source\PSoC5/CapSense_Controller_TunerHelper.c **** void CapSense_Controller_TunerStart(void) 
  50:Generated_Source\PSoC5/CapSense_Controller_TunerHelper.c **** {
  28              		.loc 1 50 0
  29              		.cfi_startproc
  30              		@ args = 0, pretend = 0, frame = 0
  31              		@ frame_needed = 1, uses_anonymous_args = 0
  32              		@ link register save eliminated.
  33 0000 80B4     		push	{r7}
  34              		.cfi_def_cfa_offset 4
  35              		.cfi_offset 7, -4
  36 0002 00AF     		add	r7, sp, #0
  37              		.cfi_def_cfa_register 7
  51:Generated_Source\PSoC5/CapSense_Controller_TunerHelper.c ****     #if (CapSense_Controller_TUNER_API_GENERATE)
  52:Generated_Source\PSoC5/CapSense_Controller_TunerHelper.c ****         
  53:Generated_Source\PSoC5/CapSense_Controller_TunerHelper.c ****         /* Init mbx and quick check */
  54:Generated_Source\PSoC5/CapSense_Controller_TunerHelper.c ****         CapSense_Controller_InitMailbox(&CapSense_Controller_mailboxesComm.csdMailbox);
  55:Generated_Source\PSoC5/CapSense_Controller_TunerHelper.c ****         CapSense_Controller_mailboxesComm.numMailBoxes = CapSense_Controller_DEFAULT_MAILBOXES_NUMB
  56:Generated_Source\PSoC5/CapSense_Controller_TunerHelper.c ****         
  57:Generated_Source\PSoC5/CapSense_Controller_TunerHelper.c ****         /* Start CapSense and baselines */
  58:Generated_Source\PSoC5/CapSense_Controller_TunerHelper.c ****         CapSense_Controller_Start();
  59:Generated_Source\PSoC5/CapSense_Controller_TunerHelper.c ****         
  60:Generated_Source\PSoC5/CapSense_Controller_TunerHelper.c ****         /* Initialize baselines */ 
  61:Generated_Source\PSoC5/CapSense_Controller_TunerHelper.c ****         CapSense_Controller_InitializeAllBaselines();
  62:Generated_Source\PSoC5/CapSense_Controller_TunerHelper.c ****         CapSense_Controller_InitializeAllBaselines();
  63:Generated_Source\PSoC5/CapSense_Controller_TunerHelper.c ****         
  64:Generated_Source\PSoC5/CapSense_Controller_TunerHelper.c ****         /* Start EzI2C, clears buf pointers */
  65:Generated_Source\PSoC5/CapSense_Controller_TunerHelper.c ****         EZI2C_Start();
  66:Generated_Source\PSoC5/CapSense_Controller_TunerHelper.c ****         
  67:Generated_Source\PSoC5/CapSense_Controller_TunerHelper.c ****         /* Setup EzI2C buffers */
  68:Generated_Source\PSoC5/CapSense_Controller_TunerHelper.c ****         EZI2C_SetBuffer1(sizeof(CapSense_Controller_mailboxesComm), sizeof(CapSense_Controller_mail
  69:Generated_Source\PSoC5/CapSense_Controller_TunerHelper.c ****                                         (void *) &CapSense_Controller_mailboxesComm);
  70:Generated_Source\PSoC5/CapSense_Controller_TunerHelper.c ****         
  71:Generated_Source\PSoC5/CapSense_Controller_TunerHelper.c ****         /* Starts scan all enabled sensors */
  72:Generated_Source\PSoC5/CapSense_Controller_TunerHelper.c ****         CapSense_Controller_ScanEnabledWidgets();
  73:Generated_Source\PSoC5/CapSense_Controller_TunerHelper.c ****     
  74:Generated_Source\PSoC5/CapSense_Controller_TunerHelper.c ****     #endif  /* (CapSense_Controller_TUNER_API_GENERATE) */
  75:Generated_Source\PSoC5/CapSense_Controller_TunerHelper.c **** }
  38              		.loc 1 75 0
  39 0004 00BF     		nop
ARM GAS  C:\Users\AHMADN~1\AppData\Local\Temp\ccNmLzSA.s 			page 3


  40 0006 BD46     		mov	sp, r7
  41              		.cfi_def_cfa_register 13
  42              		@ sp needed
  43 0008 80BC     		pop	{r7}
  44              		.cfi_restore 7
  45              		.cfi_def_cfa_offset 0
  46 000a 7047     		bx	lr
  47              		.cfi_endproc
  48              	.LFE0:
  49              		.size	CapSense_Controller_TunerStart, .-CapSense_Controller_TunerStart
  50              		.section	.text.CapSense_Controller_TunerComm,"ax",%progbits
  51              		.align	2
  52              		.global	CapSense_Controller_TunerComm
  53              		.thumb
  54              		.thumb_func
  55              		.type	CapSense_Controller_TunerComm, %function
  56              	CapSense_Controller_TunerComm:
  57              	.LFB1:
  76:Generated_Source\PSoC5/CapSense_Controller_TunerHelper.c **** 
  77:Generated_Source\PSoC5/CapSense_Controller_TunerHelper.c **** 
  78:Generated_Source\PSoC5/CapSense_Controller_TunerHelper.c **** /*******************************************************************************
  79:Generated_Source\PSoC5/CapSense_Controller_TunerHelper.c **** * Function Name: CapSense_Controller_TunerComm
  80:Generated_Source\PSoC5/CapSense_Controller_TunerHelper.c **** ********************************************************************************
  81:Generated_Source\PSoC5/CapSense_Controller_TunerHelper.c **** *
  82:Generated_Source\PSoC5/CapSense_Controller_TunerHelper.c **** * Summary:
  83:Generated_Source\PSoC5/CapSense_Controller_TunerHelper.c **** *  This function is blocking. It waits till scaning loop is completed and apply
  84:Generated_Source\PSoC5/CapSense_Controller_TunerHelper.c **** *  new parameters from Tuner GUI if available (manual tuning mode only). Updates
  85:Generated_Source\PSoC5/CapSense_Controller_TunerHelper.c **** *  enabled baselines and state of widgets. Waits while Tuner GUI reports that 
  86:Generated_Source\PSoC5/CapSense_Controller_TunerHelper.c **** *  content of mailbox could be modified. Then loads the report data into outbox 
  87:Generated_Source\PSoC5/CapSense_Controller_TunerHelper.c **** *  and sets the busy flag. Starts new scanning loop.
  88:Generated_Source\PSoC5/CapSense_Controller_TunerHelper.c **** *  
  89:Generated_Source\PSoC5/CapSense_Controller_TunerHelper.c **** * Parameters:
  90:Generated_Source\PSoC5/CapSense_Controller_TunerHelper.c **** *  None
  91:Generated_Source\PSoC5/CapSense_Controller_TunerHelper.c **** *
  92:Generated_Source\PSoC5/CapSense_Controller_TunerHelper.c **** * Return:
  93:Generated_Source\PSoC5/CapSense_Controller_TunerHelper.c **** *  None
  94:Generated_Source\PSoC5/CapSense_Controller_TunerHelper.c **** *
  95:Generated_Source\PSoC5/CapSense_Controller_TunerHelper.c **** * Reentrant:
  96:Generated_Source\PSoC5/CapSense_Controller_TunerHelper.c **** *  No
  97:Generated_Source\PSoC5/CapSense_Controller_TunerHelper.c **** *
  98:Generated_Source\PSoC5/CapSense_Controller_TunerHelper.c **** *******************************************************************************/
  99:Generated_Source\PSoC5/CapSense_Controller_TunerHelper.c **** void CapSense_Controller_TunerComm(void) 
 100:Generated_Source\PSoC5/CapSense_Controller_TunerHelper.c **** {
  58              		.loc 1 100 0
  59              		.cfi_startproc
  60              		@ args = 0, pretend = 0, frame = 0
  61              		@ frame_needed = 1, uses_anonymous_args = 0
  62              		@ link register save eliminated.
  63 0000 80B4     		push	{r7}
  64              		.cfi_def_cfa_offset 4
  65              		.cfi_offset 7, -4
  66 0002 00AF     		add	r7, sp, #0
  67              		.cfi_def_cfa_register 7
 101:Generated_Source\PSoC5/CapSense_Controller_TunerHelper.c ****     #if (CapSense_Controller_TUNER_API_GENERATE)
 102:Generated_Source\PSoC5/CapSense_Controller_TunerHelper.c ****         if (0u == CapSense_Controller_IsBusy())
 103:Generated_Source\PSoC5/CapSense_Controller_TunerHelper.c ****         {   
 104:Generated_Source\PSoC5/CapSense_Controller_TunerHelper.c ****             /* Apply new settings */
ARM GAS  C:\Users\AHMADN~1\AppData\Local\Temp\ccNmLzSA.s 			page 4


 105:Generated_Source\PSoC5/CapSense_Controller_TunerHelper.c ****             #if (CapSense_Controller_TUNING_METHOD == CapSense_Controller_MANUAL_TUNING)
 106:Generated_Source\PSoC5/CapSense_Controller_TunerHelper.c ****                 CapSense_Controller_ReadMessage(&CapSense_Controller_mailboxesComm.csdMailbox);
 107:Generated_Source\PSoC5/CapSense_Controller_TunerHelper.c ****             #endif  /* (CapSense_Controller_TUNING_METHOD == CapSense_Controller_MANUAL_TUNING) */
 108:Generated_Source\PSoC5/CapSense_Controller_TunerHelper.c **** 
 109:Generated_Source\PSoC5/CapSense_Controller_TunerHelper.c ****             /* Update all baselines and process all widgets */
 110:Generated_Source\PSoC5/CapSense_Controller_TunerHelper.c ****             CapSense_Controller_UpdateEnabledBaselines();
 111:Generated_Source\PSoC5/CapSense_Controller_TunerHelper.c ****             CapSense_Controller_ProcessAllWidgets(&CapSense_Controller_mailboxesComm.csdMailbox.out
 112:Generated_Source\PSoC5/CapSense_Controller_TunerHelper.c ****             CapSense_Controller_PostMessage(&CapSense_Controller_mailboxesComm.csdMailbox);
 113:Generated_Source\PSoC5/CapSense_Controller_TunerHelper.c **** 
 114:Generated_Source\PSoC5/CapSense_Controller_TunerHelper.c ****             /* Enable EZI2C interrupts, after scan complete */
 115:Generated_Source\PSoC5/CapSense_Controller_TunerHelper.c ****             EZI2C_EnableInt();
 116:Generated_Source\PSoC5/CapSense_Controller_TunerHelper.c **** 
 117:Generated_Source\PSoC5/CapSense_Controller_TunerHelper.c ****             while((CapSense_Controller_mailboxesComm.csdMailbox.type != CapSense_Controller_TYPE_ID
 118:Generated_Source\PSoC5/CapSense_Controller_TunerHelper.c ****                   ((EZI2C_GetActivity() & EZI2C_STATUS_BUSY) != 0u)){}
 119:Generated_Source\PSoC5/CapSense_Controller_TunerHelper.c ****             
 120:Generated_Source\PSoC5/CapSense_Controller_TunerHelper.c ****             /* Disable EZI2C interrupts, while scanning */
 121:Generated_Source\PSoC5/CapSense_Controller_TunerHelper.c ****             EZI2C_DisableInt();
 122:Generated_Source\PSoC5/CapSense_Controller_TunerHelper.c ****             
 123:Generated_Source\PSoC5/CapSense_Controller_TunerHelper.c ****             /* Start scan all sensors */
 124:Generated_Source\PSoC5/CapSense_Controller_TunerHelper.c ****             CapSense_Controller_ScanEnabledWidgets();
 125:Generated_Source\PSoC5/CapSense_Controller_TunerHelper.c ****         }
 126:Generated_Source\PSoC5/CapSense_Controller_TunerHelper.c ****     #endif /* (CapSense_Controller_TUNER_API_GENERATE) */
 127:Generated_Source\PSoC5/CapSense_Controller_TunerHelper.c **** }
  68              		.loc 1 127 0
  69 0004 00BF     		nop
  70 0006 BD46     		mov	sp, r7
  71              		.cfi_def_cfa_register 13
  72              		@ sp needed
  73 0008 80BC     		pop	{r7}
  74              		.cfi_restore 7
  75              		.cfi_def_cfa_offset 0
  76 000a 7047     		bx	lr
  77              		.cfi_endproc
  78              	.LFE1:
  79              		.size	CapSense_Controller_TunerComm, .-CapSense_Controller_TunerComm
  80              		.text
  81              	.Letext0:
  82              		.section	.debug_info,"",%progbits
  83              	.Ldebug_info0:
  84 0000 AD000000 		.4byte	0xad
  85 0004 0400     		.2byte	0x4
  86 0006 00000000 		.4byte	.Ldebug_abbrev0
  87 000a 04       		.byte	0x4
  88 000b 01       		.uleb128 0x1
  89 000c C0000000 		.4byte	.LASF16
  90 0010 0C       		.byte	0xc
  91 0011 87000000 		.4byte	.LASF17
  92 0015 6A010000 		.4byte	.LASF18
  93 0019 00000000 		.4byte	.Ldebug_ranges0+0
  94 001d 00000000 		.4byte	0
  95 0021 00000000 		.4byte	.Ldebug_line0
  96 0025 02       		.uleb128 0x2
  97 0026 01       		.byte	0x1
  98 0027 06       		.byte	0x6
  99 0028 CC010000 		.4byte	.LASF0
 100 002c 02       		.uleb128 0x2
 101 002d 01       		.byte	0x1
ARM GAS  C:\Users\AHMADN~1\AppData\Local\Temp\ccNmLzSA.s 			page 5


 102 002e 08       		.byte	0x8
 103 002f 4E010000 		.4byte	.LASF1
 104 0033 02       		.uleb128 0x2
 105 0034 02       		.byte	0x2
 106 0035 05       		.byte	0x5
 107 0036 E4010000 		.4byte	.LASF2
 108 003a 02       		.uleb128 0x2
 109 003b 02       		.byte	0x2
 110 003c 07       		.byte	0x7
 111 003d B9010000 		.4byte	.LASF3
 112 0041 02       		.uleb128 0x2
 113 0042 04       		.byte	0x4
 114 0043 05       		.byte	0x5
 115 0044 61010000 		.4byte	.LASF4
 116 0048 02       		.uleb128 0x2
 117 0049 04       		.byte	0x4
 118 004a 07       		.byte	0x7
 119 004b 3A000000 		.4byte	.LASF5
 120 004f 02       		.uleb128 0x2
 121 0050 08       		.byte	0x8
 122 0051 05       		.byte	0x5
 123 0052 00000000 		.4byte	.LASF6
 124 0056 02       		.uleb128 0x2
 125 0057 08       		.byte	0x8
 126 0058 07       		.byte	0x7
 127 0059 4C000000 		.4byte	.LASF7
 128 005d 03       		.uleb128 0x3
 129 005e 04       		.byte	0x4
 130 005f 05       		.byte	0x5
 131 0060 696E7400 		.ascii	"int\000"
 132 0064 02       		.uleb128 0x2
 133 0065 04       		.byte	0x4
 134 0066 07       		.byte	0x7
 135 0067 0E000000 		.4byte	.LASF8
 136 006b 02       		.uleb128 0x2
 137 006c 04       		.byte	0x4
 138 006d 04       		.byte	0x4
 139 006e 81000000 		.4byte	.LASF9
 140 0072 02       		.uleb128 0x2
 141 0073 08       		.byte	0x8
 142 0074 04       		.byte	0x4
 143 0075 B2010000 		.4byte	.LASF10
 144 0079 02       		.uleb128 0x2
 145 007a 01       		.byte	0x1
 146 007b 08       		.byte	0x8
 147 007c 5C010000 		.4byte	.LASF11
 148 0080 02       		.uleb128 0x2
 149 0081 08       		.byte	0x8
 150 0082 04       		.byte	0x4
 151 0083 D8010000 		.4byte	.LASF12
 152 0087 02       		.uleb128 0x2
 153 0088 04       		.byte	0x4
 154 0089 07       		.byte	0x7
 155 008a EE010000 		.4byte	.LASF13
 156 008e 04       		.uleb128 0x4
 157 008f 1B000000 		.4byte	.LASF14
 158 0093 01       		.byte	0x1
ARM GAS  C:\Users\AHMADN~1\AppData\Local\Temp\ccNmLzSA.s 			page 6


 159 0094 31       		.byte	0x31
 160 0095 00000000 		.4byte	.LFB0
 161 0099 0C000000 		.4byte	.LFE0-.LFB0
 162 009d 01       		.uleb128 0x1
 163 009e 9C       		.byte	0x9c
 164 009f 04       		.uleb128 0x4
 165 00a0 63000000 		.4byte	.LASF15
 166 00a4 01       		.byte	0x1
 167 00a5 63       		.byte	0x63
 168 00a6 00000000 		.4byte	.LFB1
 169 00aa 0C000000 		.4byte	.LFE1-.LFB1
 170 00ae 01       		.uleb128 0x1
 171 00af 9C       		.byte	0x9c
 172 00b0 00       		.byte	0
 173              		.section	.debug_abbrev,"",%progbits
 174              	.Ldebug_abbrev0:
 175 0000 01       		.uleb128 0x1
 176 0001 11       		.uleb128 0x11
 177 0002 01       		.byte	0x1
 178 0003 25       		.uleb128 0x25
 179 0004 0E       		.uleb128 0xe
 180 0005 13       		.uleb128 0x13
 181 0006 0B       		.uleb128 0xb
 182 0007 03       		.uleb128 0x3
 183 0008 0E       		.uleb128 0xe
 184 0009 1B       		.uleb128 0x1b
 185 000a 0E       		.uleb128 0xe
 186 000b 55       		.uleb128 0x55
 187 000c 17       		.uleb128 0x17
 188 000d 11       		.uleb128 0x11
 189 000e 01       		.uleb128 0x1
 190 000f 10       		.uleb128 0x10
 191 0010 17       		.uleb128 0x17
 192 0011 00       		.byte	0
 193 0012 00       		.byte	0
 194 0013 02       		.uleb128 0x2
 195 0014 24       		.uleb128 0x24
 196 0015 00       		.byte	0
 197 0016 0B       		.uleb128 0xb
 198 0017 0B       		.uleb128 0xb
 199 0018 3E       		.uleb128 0x3e
 200 0019 0B       		.uleb128 0xb
 201 001a 03       		.uleb128 0x3
 202 001b 0E       		.uleb128 0xe
 203 001c 00       		.byte	0
 204 001d 00       		.byte	0
 205 001e 03       		.uleb128 0x3
 206 001f 24       		.uleb128 0x24
 207 0020 00       		.byte	0
 208 0021 0B       		.uleb128 0xb
 209 0022 0B       		.uleb128 0xb
 210 0023 3E       		.uleb128 0x3e
 211 0024 0B       		.uleb128 0xb
 212 0025 03       		.uleb128 0x3
 213 0026 08       		.uleb128 0x8
 214 0027 00       		.byte	0
 215 0028 00       		.byte	0
ARM GAS  C:\Users\AHMADN~1\AppData\Local\Temp\ccNmLzSA.s 			page 7


 216 0029 04       		.uleb128 0x4
 217 002a 2E       		.uleb128 0x2e
 218 002b 00       		.byte	0
 219 002c 3F       		.uleb128 0x3f
 220 002d 19       		.uleb128 0x19
 221 002e 03       		.uleb128 0x3
 222 002f 0E       		.uleb128 0xe
 223 0030 3A       		.uleb128 0x3a
 224 0031 0B       		.uleb128 0xb
 225 0032 3B       		.uleb128 0x3b
 226 0033 0B       		.uleb128 0xb
 227 0034 27       		.uleb128 0x27
 228 0035 19       		.uleb128 0x19
 229 0036 11       		.uleb128 0x11
 230 0037 01       		.uleb128 0x1
 231 0038 12       		.uleb128 0x12
 232 0039 06       		.uleb128 0x6
 233 003a 40       		.uleb128 0x40
 234 003b 18       		.uleb128 0x18
 235 003c 9742     		.uleb128 0x2117
 236 003e 19       		.uleb128 0x19
 237 003f 00       		.byte	0
 238 0040 00       		.byte	0
 239 0041 00       		.byte	0
 240              		.section	.debug_aranges,"",%progbits
 241 0000 24000000 		.4byte	0x24
 242 0004 0200     		.2byte	0x2
 243 0006 00000000 		.4byte	.Ldebug_info0
 244 000a 04       		.byte	0x4
 245 000b 00       		.byte	0
 246 000c 0000     		.2byte	0
 247 000e 0000     		.2byte	0
 248 0010 00000000 		.4byte	.LFB0
 249 0014 0C000000 		.4byte	.LFE0-.LFB0
 250 0018 00000000 		.4byte	.LFB1
 251 001c 0C000000 		.4byte	.LFE1-.LFB1
 252 0020 00000000 		.4byte	0
 253 0024 00000000 		.4byte	0
 254              		.section	.debug_ranges,"",%progbits
 255              	.Ldebug_ranges0:
 256 0000 00000000 		.4byte	.LFB0
 257 0004 0C000000 		.4byte	.LFE0
 258 0008 00000000 		.4byte	.LFB1
 259 000c 0C000000 		.4byte	.LFE1
 260 0010 00000000 		.4byte	0
 261 0014 00000000 		.4byte	0
 262              		.section	.debug_line,"",%progbits
 263              	.Ldebug_line0:
 264 0000 7A000000 		.section	.debug_str,"MS",%progbits,1
 264      02004F00 
 264      00000201 
 264      FB0E0D00 
 264      01010101 
 265              	.LASF6:
 266 0000 6C6F6E67 		.ascii	"long long int\000"
 266      206C6F6E 
 266      6720696E 
ARM GAS  C:\Users\AHMADN~1\AppData\Local\Temp\ccNmLzSA.s 			page 8


 266      7400
 267              	.LASF8:
 268 000e 756E7369 		.ascii	"unsigned int\000"
 268      676E6564 
 268      20696E74 
 268      00
 269              	.LASF14:
 270 001b 43617053 		.ascii	"CapSense_Controller_TunerStart\000"
 270      656E7365 
 270      5F436F6E 
 270      74726F6C 
 270      6C65725F 
 271              	.LASF5:
 272 003a 6C6F6E67 		.ascii	"long unsigned int\000"
 272      20756E73 
 272      69676E65 
 272      6420696E 
 272      7400
 273              	.LASF7:
 274 004c 6C6F6E67 		.ascii	"long long unsigned int\000"
 274      206C6F6E 
 274      6720756E 
 274      7369676E 
 274      65642069 
 275              	.LASF15:
 276 0063 43617053 		.ascii	"CapSense_Controller_TunerComm\000"
 276      656E7365 
 276      5F436F6E 
 276      74726F6C 
 276      6C65725F 
 277              	.LASF9:
 278 0081 666C6F61 		.ascii	"float\000"
 278      7400
 279              	.LASF17:
 280 0087 47656E65 		.ascii	"Generated_Source\\PSoC5\\CapSense_Controller_TunerH"
 280      72617465 
 280      645F536F 
 280      75726365 
 280      5C50536F 
 281 00b8 656C7065 		.ascii	"elper.c\000"
 281      722E6300 
 282              	.LASF16:
 283 00c0 474E5520 		.ascii	"GNU C11 5.4.1 20160609 (release) [ARM/embedded-5-br"
 283      43313120 
 283      352E342E 
 283      31203230 
 283      31363036 
 284 00f3 616E6368 		.ascii	"anch revision 237715] -mcpu=cortex-m3 -mthumb -g -O"
 284      20726576 
 284      6973696F 
 284      6E203233 
 284      37373135 
 285 0126 30202D66 		.ascii	"0 -ffunction-sections -ffat-lto-objects\000"
 285      66756E63 
 285      74696F6E 
 285      2D736563 
 285      74696F6E 
ARM GAS  C:\Users\AHMADN~1\AppData\Local\Temp\ccNmLzSA.s 			page 9


 286              	.LASF1:
 287 014e 756E7369 		.ascii	"unsigned char\000"
 287      676E6564 
 287      20636861 
 287      7200
 288              	.LASF11:
 289 015c 63686172 		.ascii	"char\000"
 289      00
 290              	.LASF4:
 291 0161 6C6F6E67 		.ascii	"long int\000"
 291      20696E74 
 291      00
 292              	.LASF18:
 293 016a 433A5C55 		.ascii	"C:\\Users\\Ahmad Negm\\Desktop\\6.115\\FP\\psoc_vga"
 293      73657273 
 293      5C41686D 
 293      6164204E 
 293      65676D5C 
 294 0197 5F70726F 		.ascii	"_project Dev Kit\\vga.cydsn\000"
 294      6A656374 
 294      20446576 
 294      204B6974 
 294      5C766761 
 295              	.LASF10:
 296 01b2 646F7562 		.ascii	"double\000"
 296      6C6500
 297              	.LASF3:
 298 01b9 73686F72 		.ascii	"short unsigned int\000"
 298      7420756E 
 298      7369676E 
 298      65642069 
 298      6E7400
 299              	.LASF0:
 300 01cc 7369676E 		.ascii	"signed char\000"
 300      65642063 
 300      68617200 
 301              	.LASF12:
 302 01d8 6C6F6E67 		.ascii	"long double\000"
 302      20646F75 
 302      626C6500 
 303              	.LASF2:
 304 01e4 73686F72 		.ascii	"short int\000"
 304      7420696E 
 304      7400
 305              	.LASF13:
 306 01ee 73697A65 		.ascii	"sizetype\000"
 306      74797065 
 306      00
 307              		.ident	"GCC: (GNU Tools for ARM Embedded Processors) 5.4.1 20160609 (release) [ARM/embedded-5-bran
