ARM GAS  C:\Users\AHMADN~1\AppData\Local\Temp\cc5DP4Ai.s 			page 1


   1              		.syntax unified
   2              		.cpu cortex-m3
   3              		.fpu softvfp
   4              		.eabi_attribute 20, 1
   5              		.eabi_attribute 21, 1
   6              		.eabi_attribute 23, 3
   7              		.eabi_attribute 24, 1
   8              		.eabi_attribute 25, 1
   9              		.eabi_attribute 26, 1
  10              		.eabi_attribute 30, 6
  11              		.eabi_attribute 34, 1
  12              		.eabi_attribute 18, 4
  13              		.thumb
  14              		.syntax unified
  15              		.file	"CapSense_Controller_Pins.c"
  16              		.text
  17              	.Ltext0:
  18              		.cfi_sections	.debug_frame
  19              		.section	.text.CapSense_Controller_SetAllSensorsDriveMode,"ax",%progbits
  20              		.align	2
  21              		.global	CapSense_Controller_SetAllSensorsDriveMode
  22              		.thumb
  23              		.thumb_func
  24              		.type	CapSense_Controller_SetAllSensorsDriveMode, %function
  25              	CapSense_Controller_SetAllSensorsDriveMode:
  26              	.LFB0:
  27              		.file 1 "Generated_Source\\PSoC5\\CapSense_Controller_Pins.c"
   1:Generated_Source\PSoC5/CapSense_Controller_Pins.c **** /*******************************************************************************
   2:Generated_Source\PSoC5/CapSense_Controller_Pins.c **** * File Name: CapSense_Controller_Pins.c
   3:Generated_Source\PSoC5/CapSense_Controller_Pins.c **** * Version 3.50
   4:Generated_Source\PSoC5/CapSense_Controller_Pins.c **** *
   5:Generated_Source\PSoC5/CapSense_Controller_Pins.c **** * Description:
   6:Generated_Source\PSoC5/CapSense_Controller_Pins.c **** *  This file contains API to enable firmware control of a Pins component.
   7:Generated_Source\PSoC5/CapSense_Controller_Pins.c **** *
   8:Generated_Source\PSoC5/CapSense_Controller_Pins.c **** * Note:
   9:Generated_Source\PSoC5/CapSense_Controller_Pins.c **** *
  10:Generated_Source\PSoC5/CapSense_Controller_Pins.c **** ********************************************************************************
  11:Generated_Source\PSoC5/CapSense_Controller_Pins.c **** * Copyright 2008-2013, Cypress Semiconductor Corporation.  All rights reserved.
  12:Generated_Source\PSoC5/CapSense_Controller_Pins.c **** * You may use this file only in accordance with the license, terms, conditions,
  13:Generated_Source\PSoC5/CapSense_Controller_Pins.c **** * disclaimers, and limitations in the end user license agreement accompanying
  14:Generated_Source\PSoC5/CapSense_Controller_Pins.c **** * the software package with which this file was provided.
  15:Generated_Source\PSoC5/CapSense_Controller_Pins.c **** *******************************************************************************/
  16:Generated_Source\PSoC5/CapSense_Controller_Pins.c **** 
  17:Generated_Source\PSoC5/CapSense_Controller_Pins.c **** #include "CapSense_Controller_Pins.h"
  18:Generated_Source\PSoC5/CapSense_Controller_Pins.c **** 
  19:Generated_Source\PSoC5/CapSense_Controller_Pins.c **** 
  20:Generated_Source\PSoC5/CapSense_Controller_Pins.c **** /*******************************************************************************
  21:Generated_Source\PSoC5/CapSense_Controller_Pins.c **** * Function Name: CapSense_Controller_SetAllSensorsDriveMode
  22:Generated_Source\PSoC5/CapSense_Controller_Pins.c **** ********************************************************************************
  23:Generated_Source\PSoC5/CapSense_Controller_Pins.c **** *
  24:Generated_Source\PSoC5/CapSense_Controller_Pins.c **** * Summary:
  25:Generated_Source\PSoC5/CapSense_Controller_Pins.c **** *  Sets the drive mode for the all pins used by capacitive sensors within 
  26:Generated_Source\PSoC5/CapSense_Controller_Pins.c **** *  CapSense component.
  27:Generated_Source\PSoC5/CapSense_Controller_Pins.c **** * 
  28:Generated_Source\PSoC5/CapSense_Controller_Pins.c **** * Parameters:  
  29:Generated_Source\PSoC5/CapSense_Controller_Pins.c **** *  mode: Desired drive mode.
  30:Generated_Source\PSoC5/CapSense_Controller_Pins.c **** *
ARM GAS  C:\Users\AHMADN~1\AppData\Local\Temp\cc5DP4Ai.s 			page 2


  31:Generated_Source\PSoC5/CapSense_Controller_Pins.c **** * Return: 
  32:Generated_Source\PSoC5/CapSense_Controller_Pins.c **** *  None
  33:Generated_Source\PSoC5/CapSense_Controller_Pins.c **** *
  34:Generated_Source\PSoC5/CapSense_Controller_Pins.c **** *******************************************************************************/
  35:Generated_Source\PSoC5/CapSense_Controller_Pins.c **** void CapSense_Controller_SetAllSensorsDriveMode(uint8 mode) 
  36:Generated_Source\PSoC5/CapSense_Controller_Pins.c **** {
  28              		.loc 1 36 0
  29              		.cfi_startproc
  30              		@ args = 0, pretend = 0, frame = 8
  31              		@ frame_needed = 1, uses_anonymous_args = 0
  32              		@ link register save eliminated.
  33 0000 80B4     		push	{r7}
  34              		.cfi_def_cfa_offset 4
  35              		.cfi_offset 7, -4
  36 0002 83B0     		sub	sp, sp, #12
  37              		.cfi_def_cfa_offset 16
  38 0004 00AF     		add	r7, sp, #0
  39              		.cfi_def_cfa_register 7
  40 0006 0346     		mov	r3, r0
  41 0008 FB71     		strb	r3, [r7, #7]
  37:Generated_Source\PSoC5/CapSense_Controller_Pins.c ****     /* Set pins drive mode */
  38:Generated_Source\PSoC5/CapSense_Controller_Pins.c ****     CyPins_SetPinDriveMode(CapSense_Controller_PortCH0__ButtonLeft__BTN, mode);
  42              		.loc 1 38 0
  43 000a 2449     		ldr	r1, .L2
  44 000c 234B     		ldr	r3, .L2
  45 000e 1B78     		ldrb	r3, [r3]
  46 0010 DBB2     		uxtb	r3, r3
  47 0012 5BB2     		sxtb	r3, r3
  48 0014 23F00E03 		bic	r3, r3, #14
  49 0018 5AB2     		sxtb	r2, r3
  50 001a 97F90730 		ldrsb	r3, [r7, #7]
  51 001e 03F00E03 		and	r3, r3, #14
  52 0022 5BB2     		sxtb	r3, r3
  53 0024 1343     		orrs	r3, r3, r2
  54 0026 5BB2     		sxtb	r3, r3
  55 0028 DBB2     		uxtb	r3, r3
  56 002a 0B70     		strb	r3, [r1]
  39:Generated_Source\PSoC5/CapSense_Controller_Pins.c ****     CyPins_SetPinDriveMode(CapSense_Controller_PortCH0__ButtonRight__BTN, mode);
  57              		.loc 1 39 0
  58 002c 1C49     		ldr	r1, .L2+4
  59 002e 1C4B     		ldr	r3, .L2+4
  60 0030 1B78     		ldrb	r3, [r3]
  61 0032 DBB2     		uxtb	r3, r3
  62 0034 5BB2     		sxtb	r3, r3
  63 0036 23F00E03 		bic	r3, r3, #14
  64 003a 5AB2     		sxtb	r2, r3
  65 003c 97F90730 		ldrsb	r3, [r7, #7]
  66 0040 03F00E03 		and	r3, r3, #14
  67 0044 5BB2     		sxtb	r3, r3
  68 0046 1343     		orrs	r3, r3, r2
  69 0048 5BB2     		sxtb	r3, r3
  70 004a DBB2     		uxtb	r3, r3
  71 004c 0B70     		strb	r3, [r1]
  40:Generated_Source\PSoC5/CapSense_Controller_Pins.c ****     CyPins_SetPinDriveMode(CapSense_Controller_PortCH0__ButtonUp__BTN, mode);
  72              		.loc 1 40 0
  73 004e 1549     		ldr	r1, .L2+8
  74 0050 144B     		ldr	r3, .L2+8
ARM GAS  C:\Users\AHMADN~1\AppData\Local\Temp\cc5DP4Ai.s 			page 3


  75 0052 1B78     		ldrb	r3, [r3]
  76 0054 DBB2     		uxtb	r3, r3
  77 0056 5BB2     		sxtb	r3, r3
  78 0058 23F00E03 		bic	r3, r3, #14
  79 005c 5AB2     		sxtb	r2, r3
  80 005e 97F90730 		ldrsb	r3, [r7, #7]
  81 0062 03F00E03 		and	r3, r3, #14
  82 0066 5BB2     		sxtb	r3, r3
  83 0068 1343     		orrs	r3, r3, r2
  84 006a 5BB2     		sxtb	r3, r3
  85 006c DBB2     		uxtb	r3, r3
  86 006e 0B70     		strb	r3, [r1]
  41:Generated_Source\PSoC5/CapSense_Controller_Pins.c ****     CyPins_SetPinDriveMode(CapSense_Controller_PortCH0__ButtonDown__BTN, mode);
  87              		.loc 1 41 0
  88 0070 0D49     		ldr	r1, .L2+12
  89 0072 0D4B     		ldr	r3, .L2+12
  90 0074 1B78     		ldrb	r3, [r3]
  91 0076 DBB2     		uxtb	r3, r3
  92 0078 5BB2     		sxtb	r3, r3
  93 007a 23F00E03 		bic	r3, r3, #14
  94 007e 5AB2     		sxtb	r2, r3
  95 0080 97F90730 		ldrsb	r3, [r7, #7]
  96 0084 03F00E03 		and	r3, r3, #14
  97 0088 5BB2     		sxtb	r3, r3
  98 008a 1343     		orrs	r3, r3, r2
  99 008c 5BB2     		sxtb	r3, r3
 100 008e DBB2     		uxtb	r3, r3
 101 0090 0B70     		strb	r3, [r1]
  42:Generated_Source\PSoC5/CapSense_Controller_Pins.c **** 
  43:Generated_Source\PSoC5/CapSense_Controller_Pins.c **** }
 102              		.loc 1 43 0
 103 0092 00BF     		nop
 104 0094 0C37     		adds	r7, r7, #12
 105              		.cfi_def_cfa_offset 4
 106 0096 BD46     		mov	sp, r7
 107              		.cfi_def_cfa_register 13
 108              		@ sp needed
 109 0098 80BC     		pop	{r7}
 110              		.cfi_restore 7
 111              		.cfi_def_cfa_offset 0
 112 009a 7047     		bx	lr
 113              	.L3:
 114              		.align	2
 115              	.L2:
 116 009c 28500040 		.word	1073762344
 117 00a0 29500040 		.word	1073762345
 118 00a4 2A500040 		.word	1073762346
 119 00a8 2B500040 		.word	1073762347
 120              		.cfi_endproc
 121              	.LFE0:
 122              		.size	CapSense_Controller_SetAllSensorsDriveMode, .-CapSense_Controller_SetAllSensorsDriveMode
 123              		.section	.text.CapSense_Controller_SetAllCmodsDriveMode,"ax",%progbits
 124              		.align	2
 125              		.global	CapSense_Controller_SetAllCmodsDriveMode
 126              		.thumb
 127              		.thumb_func
 128              		.type	CapSense_Controller_SetAllCmodsDriveMode, %function
ARM GAS  C:\Users\AHMADN~1\AppData\Local\Temp\cc5DP4Ai.s 			page 4


 129              	CapSense_Controller_SetAllCmodsDriveMode:
 130              	.LFB1:
  44:Generated_Source\PSoC5/CapSense_Controller_Pins.c **** 
  45:Generated_Source\PSoC5/CapSense_Controller_Pins.c **** 
  46:Generated_Source\PSoC5/CapSense_Controller_Pins.c **** 
  47:Generated_Source\PSoC5/CapSense_Controller_Pins.c **** /*******************************************************************************
  48:Generated_Source\PSoC5/CapSense_Controller_Pins.c **** * Function Name: CapSense_Controller_SetAllCmodsDriveMode
  49:Generated_Source\PSoC5/CapSense_Controller_Pins.c **** ********************************************************************************
  50:Generated_Source\PSoC5/CapSense_Controller_Pins.c **** *
  51:Generated_Source\PSoC5/CapSense_Controller_Pins.c **** * Summary:
  52:Generated_Source\PSoC5/CapSense_Controller_Pins.c **** *  Sets the drive mode for the all pins used by Cmod capacitors within CapSense 
  53:Generated_Source\PSoC5/CapSense_Controller_Pins.c **** *  component.
  54:Generated_Source\PSoC5/CapSense_Controller_Pins.c **** * 
  55:Generated_Source\PSoC5/CapSense_Controller_Pins.c **** * Parameters:  
  56:Generated_Source\PSoC5/CapSense_Controller_Pins.c **** *  mode: Desired drive mode.
  57:Generated_Source\PSoC5/CapSense_Controller_Pins.c **** *
  58:Generated_Source\PSoC5/CapSense_Controller_Pins.c **** * Return: 
  59:Generated_Source\PSoC5/CapSense_Controller_Pins.c **** *  None
  60:Generated_Source\PSoC5/CapSense_Controller_Pins.c **** *
  61:Generated_Source\PSoC5/CapSense_Controller_Pins.c **** *******************************************************************************/
  62:Generated_Source\PSoC5/CapSense_Controller_Pins.c **** void CapSense_Controller_SetAllCmodsDriveMode(uint8 mode) 
  63:Generated_Source\PSoC5/CapSense_Controller_Pins.c **** {
 131              		.loc 1 63 0
 132              		.cfi_startproc
 133              		@ args = 0, pretend = 0, frame = 8
 134              		@ frame_needed = 1, uses_anonymous_args = 0
 135              		@ link register save eliminated.
 136 0000 80B4     		push	{r7}
 137              		.cfi_def_cfa_offset 4
 138              		.cfi_offset 7, -4
 139 0002 83B0     		sub	sp, sp, #12
 140              		.cfi_def_cfa_offset 16
 141 0004 00AF     		add	r7, sp, #0
 142              		.cfi_def_cfa_register 7
 143 0006 0346     		mov	r3, r0
 144 0008 FB71     		strb	r3, [r7, #7]
  64:Generated_Source\PSoC5/CapSense_Controller_Pins.c ****    /* Set pins drive mode */
  65:Generated_Source\PSoC5/CapSense_Controller_Pins.c ****     CyPins_SetPinDriveMode(CapSense_Controller_CmodCH0_Cmod_CH0, mode);
 145              		.loc 1 65 0
 146 000a 0B49     		ldr	r1, .L5
 147 000c 0A4B     		ldr	r3, .L5
 148 000e 1B78     		ldrb	r3, [r3]
 149 0010 DBB2     		uxtb	r3, r3
 150 0012 5BB2     		sxtb	r3, r3
 151 0014 23F00E03 		bic	r3, r3, #14
 152 0018 5AB2     		sxtb	r2, r3
 153 001a 97F90730 		ldrsb	r3, [r7, #7]
 154 001e 03F00E03 		and	r3, r3, #14
 155 0022 5BB2     		sxtb	r3, r3
 156 0024 1343     		orrs	r3, r3, r2
 157 0026 5BB2     		sxtb	r3, r3
 158 0028 DBB2     		uxtb	r3, r3
 159 002a 0B70     		strb	r3, [r1]
  66:Generated_Source\PSoC5/CapSense_Controller_Pins.c **** 
  67:Generated_Source\PSoC5/CapSense_Controller_Pins.c **** }
 160              		.loc 1 67 0
 161 002c 00BF     		nop
ARM GAS  C:\Users\AHMADN~1\AppData\Local\Temp\cc5DP4Ai.s 			page 5


 162 002e 0C37     		adds	r7, r7, #12
 163              		.cfi_def_cfa_offset 4
 164 0030 BD46     		mov	sp, r7
 165              		.cfi_def_cfa_register 13
 166              		@ sp needed
 167 0032 80BC     		pop	{r7}
 168              		.cfi_restore 7
 169              		.cfi_def_cfa_offset 0
 170 0034 7047     		bx	lr
 171              	.L6:
 172 0036 00BF     		.align	2
 173              	.L5:
 174 0038 34500040 		.word	1073762356
 175              		.cfi_endproc
 176              	.LFE1:
 177              		.size	CapSense_Controller_SetAllCmodsDriveMode, .-CapSense_Controller_SetAllCmodsDriveMode
 178              		.text
 179              	.Letext0:
 180              		.file 2 "Generated_Source\\PSoC5\\cytypes.h"
 181              		.section	.debug_info,"",%progbits
 182              	.Ldebug_info0:
 183 0000 EC000000 		.4byte	0xec
 184 0004 0400     		.2byte	0x4
 185 0006 00000000 		.4byte	.Ldebug_abbrev0
 186 000a 04       		.byte	0x4
 187 000b 01       		.uleb128 0x1
 188 000c 87000000 		.4byte	.LASF17
 189 0010 0C       		.byte	0xc
 190 0011 0E000000 		.4byte	.LASF18
 191 0015 31010000 		.4byte	.LASF19
 192 0019 00000000 		.4byte	.Ldebug_ranges0+0
 193 001d 00000000 		.4byte	0
 194 0021 00000000 		.4byte	.Ldebug_line0
 195 0025 02       		.uleb128 0x2
 196 0026 01       		.byte	0x1
 197 0027 06       		.byte	0x6
 198 0028 BE010000 		.4byte	.LASF0
 199 002c 02       		.uleb128 0x2
 200 002d 01       		.byte	0x1
 201 002e 08       		.byte	0x8
 202 002f 15010000 		.4byte	.LASF1
 203 0033 02       		.uleb128 0x2
 204 0034 02       		.byte	0x2
 205 0035 05       		.byte	0x5
 206 0036 FF010000 		.4byte	.LASF2
 207 003a 02       		.uleb128 0x2
 208 003b 02       		.byte	0x2
 209 003c 07       		.byte	0x7
 210 003d AB010000 		.4byte	.LASF3
 211 0041 02       		.uleb128 0x2
 212 0042 04       		.byte	0x4
 213 0043 05       		.byte	0x5
 214 0044 28010000 		.4byte	.LASF4
 215 0048 02       		.uleb128 0x2
 216 0049 04       		.byte	0x4
 217 004a 07       		.byte	0x7
 218 004b 58000000 		.4byte	.LASF5
ARM GAS  C:\Users\AHMADN~1\AppData\Local\Temp\cc5DP4Ai.s 			page 6


 219 004f 02       		.uleb128 0x2
 220 0050 08       		.byte	0x8
 221 0051 05       		.byte	0x5
 222 0052 00000000 		.4byte	.LASF6
 223 0056 02       		.uleb128 0x2
 224 0057 08       		.byte	0x8
 225 0058 07       		.byte	0x7
 226 0059 6A000000 		.4byte	.LASF7
 227 005d 03       		.uleb128 0x3
 228 005e 04       		.byte	0x4
 229 005f 05       		.byte	0x5
 230 0060 696E7400 		.ascii	"int\000"
 231 0064 02       		.uleb128 0x2
 232 0065 04       		.byte	0x4
 233 0066 07       		.byte	0x7
 234 0067 40000000 		.4byte	.LASF8
 235 006b 04       		.uleb128 0x4
 236 006c 52000000 		.4byte	.LASF12
 237 0070 02       		.byte	0x2
 238 0071 E401     		.2byte	0x1e4
 239 0073 2C000000 		.4byte	0x2c
 240 0077 02       		.uleb128 0x2
 241 0078 04       		.byte	0x4
 242 0079 04       		.byte	0x4
 243 007a 81000000 		.4byte	.LASF9
 244 007e 02       		.uleb128 0x2
 245 007f 08       		.byte	0x8
 246 0080 04       		.byte	0x4
 247 0081 79010000 		.4byte	.LASF10
 248 0085 02       		.uleb128 0x2
 249 0086 01       		.byte	0x1
 250 0087 08       		.byte	0x8
 251 0088 23010000 		.4byte	.LASF11
 252 008c 04       		.uleb128 0x4
 253 008d 09020000 		.4byte	.LASF13
 254 0091 02       		.byte	0x2
 255 0092 8E02     		.2byte	0x28e
 256 0094 98000000 		.4byte	0x98
 257 0098 05       		.uleb128 0x5
 258 0099 6B000000 		.4byte	0x6b
 259 009d 02       		.uleb128 0x2
 260 009e 08       		.byte	0x8
 261 009f 04       		.byte	0x4
 262 00a0 CA010000 		.4byte	.LASF14
 263 00a4 02       		.uleb128 0x2
 264 00a5 04       		.byte	0x4
 265 00a6 07       		.byte	0x7
 266 00a7 0E020000 		.4byte	.LASF15
 267 00ab 06       		.uleb128 0x6
 268 00ac 80010000 		.4byte	.LASF20
 269 00b0 01       		.byte	0x1
 270 00b1 23       		.byte	0x23
 271 00b2 00000000 		.4byte	.LFB0
 272 00b6 AC000000 		.4byte	.LFE0-.LFB0
 273 00ba 01       		.uleb128 0x1
 274 00bb 9C       		.byte	0x9c
 275 00bc CF000000 		.4byte	0xcf
ARM GAS  C:\Users\AHMADN~1\AppData\Local\Temp\cc5DP4Ai.s 			page 7


 276 00c0 07       		.uleb128 0x7
 277 00c1 4D000000 		.4byte	.LASF16
 278 00c5 01       		.byte	0x1
 279 00c6 23       		.byte	0x23
 280 00c7 6B000000 		.4byte	0x6b
 281 00cb 02       		.uleb128 0x2
 282 00cc 91       		.byte	0x91
 283 00cd 77       		.sleb128 -9
 284 00ce 00       		.byte	0
 285 00cf 08       		.uleb128 0x8
 286 00d0 D6010000 		.4byte	.LASF21
 287 00d4 01       		.byte	0x1
 288 00d5 3E       		.byte	0x3e
 289 00d6 00000000 		.4byte	.LFB1
 290 00da 3C000000 		.4byte	.LFE1-.LFB1
 291 00de 01       		.uleb128 0x1
 292 00df 9C       		.byte	0x9c
 293 00e0 07       		.uleb128 0x7
 294 00e1 4D000000 		.4byte	.LASF16
 295 00e5 01       		.byte	0x1
 296 00e6 3E       		.byte	0x3e
 297 00e7 6B000000 		.4byte	0x6b
 298 00eb 02       		.uleb128 0x2
 299 00ec 91       		.byte	0x91
 300 00ed 77       		.sleb128 -9
 301 00ee 00       		.byte	0
 302 00ef 00       		.byte	0
 303              		.section	.debug_abbrev,"",%progbits
 304              	.Ldebug_abbrev0:
 305 0000 01       		.uleb128 0x1
 306 0001 11       		.uleb128 0x11
 307 0002 01       		.byte	0x1
 308 0003 25       		.uleb128 0x25
 309 0004 0E       		.uleb128 0xe
 310 0005 13       		.uleb128 0x13
 311 0006 0B       		.uleb128 0xb
 312 0007 03       		.uleb128 0x3
 313 0008 0E       		.uleb128 0xe
 314 0009 1B       		.uleb128 0x1b
 315 000a 0E       		.uleb128 0xe
 316 000b 55       		.uleb128 0x55
 317 000c 17       		.uleb128 0x17
 318 000d 11       		.uleb128 0x11
 319 000e 01       		.uleb128 0x1
 320 000f 10       		.uleb128 0x10
 321 0010 17       		.uleb128 0x17
 322 0011 00       		.byte	0
 323 0012 00       		.byte	0
 324 0013 02       		.uleb128 0x2
 325 0014 24       		.uleb128 0x24
 326 0015 00       		.byte	0
 327 0016 0B       		.uleb128 0xb
 328 0017 0B       		.uleb128 0xb
 329 0018 3E       		.uleb128 0x3e
 330 0019 0B       		.uleb128 0xb
 331 001a 03       		.uleb128 0x3
 332 001b 0E       		.uleb128 0xe
ARM GAS  C:\Users\AHMADN~1\AppData\Local\Temp\cc5DP4Ai.s 			page 8


 333 001c 00       		.byte	0
 334 001d 00       		.byte	0
 335 001e 03       		.uleb128 0x3
 336 001f 24       		.uleb128 0x24
 337 0020 00       		.byte	0
 338 0021 0B       		.uleb128 0xb
 339 0022 0B       		.uleb128 0xb
 340 0023 3E       		.uleb128 0x3e
 341 0024 0B       		.uleb128 0xb
 342 0025 03       		.uleb128 0x3
 343 0026 08       		.uleb128 0x8
 344 0027 00       		.byte	0
 345 0028 00       		.byte	0
 346 0029 04       		.uleb128 0x4
 347 002a 16       		.uleb128 0x16
 348 002b 00       		.byte	0
 349 002c 03       		.uleb128 0x3
 350 002d 0E       		.uleb128 0xe
 351 002e 3A       		.uleb128 0x3a
 352 002f 0B       		.uleb128 0xb
 353 0030 3B       		.uleb128 0x3b
 354 0031 05       		.uleb128 0x5
 355 0032 49       		.uleb128 0x49
 356 0033 13       		.uleb128 0x13
 357 0034 00       		.byte	0
 358 0035 00       		.byte	0
 359 0036 05       		.uleb128 0x5
 360 0037 35       		.uleb128 0x35
 361 0038 00       		.byte	0
 362 0039 49       		.uleb128 0x49
 363 003a 13       		.uleb128 0x13
 364 003b 00       		.byte	0
 365 003c 00       		.byte	0
 366 003d 06       		.uleb128 0x6
 367 003e 2E       		.uleb128 0x2e
 368 003f 01       		.byte	0x1
 369 0040 3F       		.uleb128 0x3f
 370 0041 19       		.uleb128 0x19
 371 0042 03       		.uleb128 0x3
 372 0043 0E       		.uleb128 0xe
 373 0044 3A       		.uleb128 0x3a
 374 0045 0B       		.uleb128 0xb
 375 0046 3B       		.uleb128 0x3b
 376 0047 0B       		.uleb128 0xb
 377 0048 27       		.uleb128 0x27
 378 0049 19       		.uleb128 0x19
 379 004a 11       		.uleb128 0x11
 380 004b 01       		.uleb128 0x1
 381 004c 12       		.uleb128 0x12
 382 004d 06       		.uleb128 0x6
 383 004e 40       		.uleb128 0x40
 384 004f 18       		.uleb128 0x18
 385 0050 9742     		.uleb128 0x2117
 386 0052 19       		.uleb128 0x19
 387 0053 01       		.uleb128 0x1
 388 0054 13       		.uleb128 0x13
 389 0055 00       		.byte	0
ARM GAS  C:\Users\AHMADN~1\AppData\Local\Temp\cc5DP4Ai.s 			page 9


 390 0056 00       		.byte	0
 391 0057 07       		.uleb128 0x7
 392 0058 05       		.uleb128 0x5
 393 0059 00       		.byte	0
 394 005a 03       		.uleb128 0x3
 395 005b 0E       		.uleb128 0xe
 396 005c 3A       		.uleb128 0x3a
 397 005d 0B       		.uleb128 0xb
 398 005e 3B       		.uleb128 0x3b
 399 005f 0B       		.uleb128 0xb
 400 0060 49       		.uleb128 0x49
 401 0061 13       		.uleb128 0x13
 402 0062 02       		.uleb128 0x2
 403 0063 18       		.uleb128 0x18
 404 0064 00       		.byte	0
 405 0065 00       		.byte	0
 406 0066 08       		.uleb128 0x8
 407 0067 2E       		.uleb128 0x2e
 408 0068 01       		.byte	0x1
 409 0069 3F       		.uleb128 0x3f
 410 006a 19       		.uleb128 0x19
 411 006b 03       		.uleb128 0x3
 412 006c 0E       		.uleb128 0xe
 413 006d 3A       		.uleb128 0x3a
 414 006e 0B       		.uleb128 0xb
 415 006f 3B       		.uleb128 0x3b
 416 0070 0B       		.uleb128 0xb
 417 0071 27       		.uleb128 0x27
 418 0072 19       		.uleb128 0x19
 419 0073 11       		.uleb128 0x11
 420 0074 01       		.uleb128 0x1
 421 0075 12       		.uleb128 0x12
 422 0076 06       		.uleb128 0x6
 423 0077 40       		.uleb128 0x40
 424 0078 18       		.uleb128 0x18
 425 0079 9742     		.uleb128 0x2117
 426 007b 19       		.uleb128 0x19
 427 007c 00       		.byte	0
 428 007d 00       		.byte	0
 429 007e 00       		.byte	0
 430              		.section	.debug_aranges,"",%progbits
 431 0000 24000000 		.4byte	0x24
 432 0004 0200     		.2byte	0x2
 433 0006 00000000 		.4byte	.Ldebug_info0
 434 000a 04       		.byte	0x4
 435 000b 00       		.byte	0
 436 000c 0000     		.2byte	0
 437 000e 0000     		.2byte	0
 438 0010 00000000 		.4byte	.LFB0
 439 0014 AC000000 		.4byte	.LFE0-.LFB0
 440 0018 00000000 		.4byte	.LFB1
 441 001c 3C000000 		.4byte	.LFE1-.LFB1
 442 0020 00000000 		.4byte	0
 443 0024 00000000 		.4byte	0
 444              		.section	.debug_ranges,"",%progbits
 445              	.Ldebug_ranges0:
 446 0000 00000000 		.4byte	.LFB0
ARM GAS  C:\Users\AHMADN~1\AppData\Local\Temp\cc5DP4Ai.s 			page 10


 447 0004 AC000000 		.4byte	.LFE0
 448 0008 00000000 		.4byte	.LFB1
 449 000c 3C000000 		.4byte	.LFE1
 450 0010 00000000 		.4byte	0
 451 0014 00000000 		.4byte	0
 452              		.section	.debug_line,"",%progbits
 453              	.Ldebug_line0:
 454 0000 85000000 		.section	.debug_str,"MS",%progbits,1
 454      02005500 
 454      00000201 
 454      FB0E0D00 
 454      01010101 
 455              	.LASF6:
 456 0000 6C6F6E67 		.ascii	"long long int\000"
 456      206C6F6E 
 456      6720696E 
 456      7400
 457              	.LASF18:
 458 000e 47656E65 		.ascii	"Generated_Source\\PSoC5\\CapSense_Controller_Pins.c"
 458      72617465 
 458      645F536F 
 458      75726365 
 458      5C50536F 
 459 003f 00       		.ascii	"\000"
 460              	.LASF8:
 461 0040 756E7369 		.ascii	"unsigned int\000"
 461      676E6564 
 461      20696E74 
 461      00
 462              	.LASF16:
 463 004d 6D6F6465 		.ascii	"mode\000"
 463      00
 464              	.LASF12:
 465 0052 75696E74 		.ascii	"uint8\000"
 465      3800
 466              	.LASF5:
 467 0058 6C6F6E67 		.ascii	"long unsigned int\000"
 467      20756E73 
 467      69676E65 
 467      6420696E 
 467      7400
 468              	.LASF7:
 469 006a 6C6F6E67 		.ascii	"long long unsigned int\000"
 469      206C6F6E 
 469      6720756E 
 469      7369676E 
 469      65642069 
 470              	.LASF9:
 471 0081 666C6F61 		.ascii	"float\000"
 471      7400
 472              	.LASF17:
 473 0087 474E5520 		.ascii	"GNU C11 5.4.1 20160609 (release) [ARM/embedded-5-br"
 473      43313120 
 473      352E342E 
 473      31203230 
 473      31363036 
 474 00ba 616E6368 		.ascii	"anch revision 237715] -mcpu=cortex-m3 -mthumb -g -O"
ARM GAS  C:\Users\AHMADN~1\AppData\Local\Temp\cc5DP4Ai.s 			page 11


 474      20726576 
 474      6973696F 
 474      6E203233 
 474      37373135 
 475 00ed 30202D66 		.ascii	"0 -ffunction-sections -ffat-lto-objects\000"
 475      66756E63 
 475      74696F6E 
 475      2D736563 
 475      74696F6E 
 476              	.LASF1:
 477 0115 756E7369 		.ascii	"unsigned char\000"
 477      676E6564 
 477      20636861 
 477      7200
 478              	.LASF11:
 479 0123 63686172 		.ascii	"char\000"
 479      00
 480              	.LASF4:
 481 0128 6C6F6E67 		.ascii	"long int\000"
 481      20696E74 
 481      00
 482              	.LASF19:
 483 0131 433A5C55 		.ascii	"C:\\Users\\Ahmad Negm\\Desktop\\6.115\\FP\\psoc_vga"
 483      73657273 
 483      5C41686D 
 483      6164204E 
 483      65676D5C 
 484 015e 5F70726F 		.ascii	"_project Dev Kit\\vga.cydsn\000"
 484      6A656374 
 484      20446576 
 484      204B6974 
 484      5C766761 
 485              	.LASF10:
 486 0179 646F7562 		.ascii	"double\000"
 486      6C6500
 487              	.LASF20:
 488 0180 43617053 		.ascii	"CapSense_Controller_SetAllSensorsDriveMode\000"
 488      656E7365 
 488      5F436F6E 
 488      74726F6C 
 488      6C65725F 
 489              	.LASF3:
 490 01ab 73686F72 		.ascii	"short unsigned int\000"
 490      7420756E 
 490      7369676E 
 490      65642069 
 490      6E7400
 491              	.LASF0:
 492 01be 7369676E 		.ascii	"signed char\000"
 492      65642063 
 492      68617200 
 493              	.LASF14:
 494 01ca 6C6F6E67 		.ascii	"long double\000"
 494      20646F75 
 494      626C6500 
 495              	.LASF21:
 496 01d6 43617053 		.ascii	"CapSense_Controller_SetAllCmodsDriveMode\000"
ARM GAS  C:\Users\AHMADN~1\AppData\Local\Temp\cc5DP4Ai.s 			page 12


 496      656E7365 
 496      5F436F6E 
 496      74726F6C 
 496      6C65725F 
 497              	.LASF2:
 498 01ff 73686F72 		.ascii	"short int\000"
 498      7420696E 
 498      7400
 499              	.LASF13:
 500 0209 72656738 		.ascii	"reg8\000"
 500      00
 501              	.LASF15:
 502 020e 73697A65 		.ascii	"sizetype\000"
 502      74797065 
 502      00
 503              		.ident	"GCC: (GNU Tools for ARM Embedded Processors) 5.4.1 20160609 (release) [ARM/embedded-5-bran
