ARM GAS  C:\Users\AHMADN~1\AppData\Local\Temp\ccUo0ejV.s 			page 1


   1              		.syntax unified
   2              		.cpu cortex-m3
   3              		.fpu softvfp
   4              		.eabi_attribute 20, 1
   5              		.eabi_attribute 21, 1
   6              		.eabi_attribute 23, 3
   7              		.eabi_attribute 24, 1
   8              		.eabi_attribute 25, 1
   9              		.eabi_attribute 26, 1
  10              		.eabi_attribute 30, 6
  11              		.eabi_attribute 34, 1
  12              		.eabi_attribute 18, 4
  13              		.thumb
  14              		.syntax unified
  15              		.file	"draw.c"
  16              		.text
  17              	.Ltext0:
  18              		.cfi_sections	.debug_frame
  19              		.section	.text.test,"ax",%progbits
  20              		.align	2
  21              		.global	test
  22              		.thumb
  23              		.thumb_func
  24              		.type	test, %function
  25              	test:
  26              	.LFB63:
  27              		.file 1 "draw.c"
   1:draw.c        **** #include <device.h>
   2:draw.c        **** 
   3:draw.c        **** extern uint8 buf[96][128];
   4:draw.c        **** extern void update();
   5:draw.c        **** 
   6:draw.c        **** void test() {
  28              		.loc 1 6 0
  29              		.cfi_startproc
  30              		@ args = 0, pretend = 0, frame = 0
  31              		@ frame_needed = 1, uses_anonymous_args = 0
  32 0000 80B5     		push	{r7, lr}
  33              		.cfi_def_cfa_offset 8
  34              		.cfi_offset 7, -8
  35              		.cfi_offset 14, -4
  36 0002 00AF     		add	r7, sp, #0
  37              		.cfi_def_cfa_register 7
   7:draw.c        ****     buf[0][0] ^= 63;
  38              		.loc 1 7 0
  39 0004 054B     		ldr	r3, .L2
  40 0006 1B78     		ldrb	r3, [r3]	@ zero_extendqisi2
  41 0008 83F03F03 		eor	r3, r3, #63
  42 000c DAB2     		uxtb	r2, r3
  43 000e 034B     		ldr	r3, .L2
  44 0010 1A70     		strb	r2, [r3]
   8:draw.c        ****     update();
  45              		.loc 1 8 0
  46 0012 FFF7FEFF 		bl	update
   9:draw.c        **** }...
  47              		.loc 1 9 0
  48 0016 00BF     		nop
ARM GAS  C:\Users\AHMADN~1\AppData\Local\Temp\ccUo0ejV.s 			page 2


  49 0018 80BD     		pop	{r7, pc}
  50              	.L3:
  51 001a 00BF     		.align	2
  52              	.L2:
  53 001c 00000000 		.word	buf
  54              		.cfi_endproc
  55              	.LFE63:
  56              		.size	test, .-test
  57              		.text
  58              	.Letext0:
  59              		.file 2 "c:\\program files (x86)\\cypress\\psoc creator\\4.3\\psoc creator\\import\\gnu\\arm\\5.4.
  60              		.file 3 "c:\\program files (x86)\\cypress\\psoc creator\\4.3\\psoc creator\\import\\gnu\\arm\\5.4.
  61              		.file 4 "Generated_Source\\PSoC5/cytypes.h"
  62              		.file 5 "Generated_Source\\PSoC5/core_cm3.h"
  63              		.section	.debug_info,"",%progbits
  64              	.Ldebug_info0:
  65 0000 F0000000 		.4byte	0xf0
  66 0004 0400     		.2byte	0x4
  67 0006 00000000 		.4byte	.Ldebug_abbrev0
  68 000a 04       		.byte	0x4
  69 000b 01       		.uleb128 0x1
  70 000c A3000000 		.4byte	.LASF18
  71 0010 0C       		.byte	0xc
  72 0011 88010000 		.4byte	.LASF19
  73 0015 2E000000 		.4byte	.LASF20
  74 0019 00000000 		.4byte	.Ldebug_ranges0+0
  75 001d 00000000 		.4byte	0
  76 0021 00000000 		.4byte	.Ldebug_line0
  77 0025 02       		.uleb128 0x2
  78 0026 01       		.byte	0x1
  79 0027 06       		.byte	0x6
  80 0028 61010000 		.4byte	.LASF0
  81 002c 02       		.uleb128 0x2
  82 002d 01       		.byte	0x1
  83 002e 08       		.byte	0x8
  84 002f 31010000 		.4byte	.LASF1
  85 0033 02       		.uleb128 0x2
  86 0034 02       		.byte	0x2
  87 0035 05       		.byte	0x5
  88 0036 95010000 		.4byte	.LASF2
  89 003a 02       		.uleb128 0x2
  90 003b 02       		.byte	0x2
  91 003c 07       		.byte	0x7
  92 003d 0E000000 		.4byte	.LASF3
  93 0041 03       		.uleb128 0x3
  94 0042 79010000 		.4byte	.LASF9
  95 0046 02       		.byte	0x2
  96 0047 3F       		.byte	0x3f
  97 0048 4C000000 		.4byte	0x4c
  98 004c 02       		.uleb128 0x2
  99 004d 04       		.byte	0x4
 100 004e 05       		.byte	0x5
 101 004f 44010000 		.4byte	.LASF4
 102 0053 02       		.uleb128 0x2
 103 0054 04       		.byte	0x4
 104 0055 07       		.byte	0x7
 105 0056 7A000000 		.4byte	.LASF5
ARM GAS  C:\Users\AHMADN~1\AppData\Local\Temp\ccUo0ejV.s 			page 3


 106 005a 02       		.uleb128 0x2
 107 005b 08       		.byte	0x8
 108 005c 05       		.byte	0x5
 109 005d 00000000 		.4byte	.LASF6
 110 0061 02       		.uleb128 0x2
 111 0062 08       		.byte	0x8
 112 0063 07       		.byte	0x7
 113 0064 8C000000 		.4byte	.LASF7
 114 0068 04       		.uleb128 0x4
 115 0069 04       		.byte	0x4
 116 006a 05       		.byte	0x5
 117 006b 696E7400 		.ascii	"int\000"
 118 006f 02       		.uleb128 0x2
 119 0070 04       		.byte	0x4
 120 0071 07       		.byte	0x7
 121 0072 21000000 		.4byte	.LASF8
 122 0076 03       		.uleb128 0x3
 123 0077 9F010000 		.4byte	.LASF10
 124 007b 03       		.byte	0x3
 125 007c 2C       		.byte	0x2c
 126 007d 41000000 		.4byte	0x41
 127 0081 05       		.uleb128 0x5
 128 0082 74000000 		.4byte	.LASF11
 129 0086 04       		.byte	0x4
 130 0087 E401     		.2byte	0x1e4
 131 0089 2C000000 		.4byte	0x2c
 132 008d 02       		.uleb128 0x2
 133 008e 04       		.byte	0x4
 134 008f 04       		.byte	0x4
 135 0090 8F010000 		.4byte	.LASF12
 136 0094 02       		.uleb128 0x2
 137 0095 08       		.byte	0x8
 138 0096 04       		.byte	0x4
 139 0097 4D010000 		.4byte	.LASF13
 140 009b 02       		.uleb128 0x2
 141 009c 01       		.byte	0x1
 142 009d 08       		.byte	0x8
 143 009e 3F010000 		.4byte	.LASF14
 144 00a2 02       		.uleb128 0x2
 145 00a3 08       		.byte	0x8
 146 00a4 04       		.byte	0x4
 147 00a5 6D010000 		.4byte	.LASF15
 148 00a9 02       		.uleb128 0x2
 149 00aa 04       		.byte	0x4
 150 00ab 07       		.byte	0x7
 151 00ac A7010000 		.4byte	.LASF16
 152 00b0 06       		.uleb128 0x6
 153 00b1 83010000 		.4byte	.LASF21
 154 00b5 01       		.byte	0x1
 155 00b6 06       		.byte	0x6
 156 00b7 00000000 		.4byte	.LFB63
 157 00bb 20000000 		.4byte	.LFE63-.LFB63
 158 00bf 01       		.uleb128 0x1
 159 00c0 9C       		.byte	0x9c
 160 00c1 07       		.uleb128 0x7
 161 00c2 54010000 		.4byte	.LASF17
 162 00c6 05       		.byte	0x5
ARM GAS  C:\Users\AHMADN~1\AppData\Local\Temp\ccUo0ejV.s 			page 4


 163 00c7 1207     		.2byte	0x712
 164 00c9 CD000000 		.4byte	0xcd
 165 00cd 08       		.uleb128 0x8
 166 00ce 76000000 		.4byte	0x76
 167 00d2 09       		.uleb128 0x9
 168 00d3 81000000 		.4byte	0x81
 169 00d7 E8000000 		.4byte	0xe8
 170 00db 0A       		.uleb128 0xa
 171 00dc A9000000 		.4byte	0xa9
 172 00e0 5F       		.byte	0x5f
 173 00e1 0A       		.uleb128 0xa
 174 00e2 A9000000 		.4byte	0xa9
 175 00e6 7F       		.byte	0x7f
 176 00e7 00       		.byte	0
 177 00e8 0B       		.uleb128 0xb
 178 00e9 62756600 		.ascii	"buf\000"
 179 00ed 01       		.byte	0x1
 180 00ee 03       		.byte	0x3
 181 00ef D2000000 		.4byte	0xd2
 182 00f3 00       		.byte	0
 183              		.section	.debug_abbrev,"",%progbits
 184              	.Ldebug_abbrev0:
 185 0000 01       		.uleb128 0x1
 186 0001 11       		.uleb128 0x11
 187 0002 01       		.byte	0x1
 188 0003 25       		.uleb128 0x25
 189 0004 0E       		.uleb128 0xe
 190 0005 13       		.uleb128 0x13
 191 0006 0B       		.uleb128 0xb
 192 0007 03       		.uleb128 0x3
 193 0008 0E       		.uleb128 0xe
 194 0009 1B       		.uleb128 0x1b
 195 000a 0E       		.uleb128 0xe
 196 000b 55       		.uleb128 0x55
 197 000c 17       		.uleb128 0x17
 198 000d 11       		.uleb128 0x11
 199 000e 01       		.uleb128 0x1
 200 000f 10       		.uleb128 0x10
 201 0010 17       		.uleb128 0x17
 202 0011 00       		.byte	0
 203 0012 00       		.byte	0
 204 0013 02       		.uleb128 0x2
 205 0014 24       		.uleb128 0x24
 206 0015 00       		.byte	0
 207 0016 0B       		.uleb128 0xb
 208 0017 0B       		.uleb128 0xb
 209 0018 3E       		.uleb128 0x3e
 210 0019 0B       		.uleb128 0xb
 211 001a 03       		.uleb128 0x3
 212 001b 0E       		.uleb128 0xe
 213 001c 00       		.byte	0
 214 001d 00       		.byte	0
 215 001e 03       		.uleb128 0x3
 216 001f 16       		.uleb128 0x16
 217 0020 00       		.byte	0
 218 0021 03       		.uleb128 0x3
 219 0022 0E       		.uleb128 0xe
ARM GAS  C:\Users\AHMADN~1\AppData\Local\Temp\ccUo0ejV.s 			page 5


 220 0023 3A       		.uleb128 0x3a
 221 0024 0B       		.uleb128 0xb
 222 0025 3B       		.uleb128 0x3b
 223 0026 0B       		.uleb128 0xb
 224 0027 49       		.uleb128 0x49
 225 0028 13       		.uleb128 0x13
 226 0029 00       		.byte	0
 227 002a 00       		.byte	0
 228 002b 04       		.uleb128 0x4
 229 002c 24       		.uleb128 0x24
 230 002d 00       		.byte	0
 231 002e 0B       		.uleb128 0xb
 232 002f 0B       		.uleb128 0xb
 233 0030 3E       		.uleb128 0x3e
 234 0031 0B       		.uleb128 0xb
 235 0032 03       		.uleb128 0x3
 236 0033 08       		.uleb128 0x8
 237 0034 00       		.byte	0
 238 0035 00       		.byte	0
 239 0036 05       		.uleb128 0x5
 240 0037 16       		.uleb128 0x16
 241 0038 00       		.byte	0
 242 0039 03       		.uleb128 0x3
 243 003a 0E       		.uleb128 0xe
 244 003b 3A       		.uleb128 0x3a
 245 003c 0B       		.uleb128 0xb
 246 003d 3B       		.uleb128 0x3b
 247 003e 05       		.uleb128 0x5
 248 003f 49       		.uleb128 0x49
 249 0040 13       		.uleb128 0x13
 250 0041 00       		.byte	0
 251 0042 00       		.byte	0
 252 0043 06       		.uleb128 0x6
 253 0044 2E       		.uleb128 0x2e
 254 0045 00       		.byte	0
 255 0046 3F       		.uleb128 0x3f
 256 0047 19       		.uleb128 0x19
 257 0048 03       		.uleb128 0x3
 258 0049 0E       		.uleb128 0xe
 259 004a 3A       		.uleb128 0x3a
 260 004b 0B       		.uleb128 0xb
 261 004c 3B       		.uleb128 0x3b
 262 004d 0B       		.uleb128 0xb
 263 004e 11       		.uleb128 0x11
 264 004f 01       		.uleb128 0x1
 265 0050 12       		.uleb128 0x12
 266 0051 06       		.uleb128 0x6
 267 0052 40       		.uleb128 0x40
 268 0053 18       		.uleb128 0x18
 269 0054 9642     		.uleb128 0x2116
 270 0056 19       		.uleb128 0x19
 271 0057 00       		.byte	0
 272 0058 00       		.byte	0
 273 0059 07       		.uleb128 0x7
 274 005a 34       		.uleb128 0x34
 275 005b 00       		.byte	0
 276 005c 03       		.uleb128 0x3
ARM GAS  C:\Users\AHMADN~1\AppData\Local\Temp\ccUo0ejV.s 			page 6


 277 005d 0E       		.uleb128 0xe
 278 005e 3A       		.uleb128 0x3a
 279 005f 0B       		.uleb128 0xb
 280 0060 3B       		.uleb128 0x3b
 281 0061 05       		.uleb128 0x5
 282 0062 49       		.uleb128 0x49
 283 0063 13       		.uleb128 0x13
 284 0064 3F       		.uleb128 0x3f
 285 0065 19       		.uleb128 0x19
 286 0066 3C       		.uleb128 0x3c
 287 0067 19       		.uleb128 0x19
 288 0068 00       		.byte	0
 289 0069 00       		.byte	0
 290 006a 08       		.uleb128 0x8
 291 006b 35       		.uleb128 0x35
 292 006c 00       		.byte	0
 293 006d 49       		.uleb128 0x49
 294 006e 13       		.uleb128 0x13
 295 006f 00       		.byte	0
 296 0070 00       		.byte	0
 297 0071 09       		.uleb128 0x9
 298 0072 01       		.uleb128 0x1
 299 0073 01       		.byte	0x1
 300 0074 49       		.uleb128 0x49
 301 0075 13       		.uleb128 0x13
 302 0076 01       		.uleb128 0x1
 303 0077 13       		.uleb128 0x13
 304 0078 00       		.byte	0
 305 0079 00       		.byte	0
 306 007a 0A       		.uleb128 0xa
 307 007b 21       		.uleb128 0x21
 308 007c 00       		.byte	0
 309 007d 49       		.uleb128 0x49
 310 007e 13       		.uleb128 0x13
 311 007f 2F       		.uleb128 0x2f
 312 0080 0B       		.uleb128 0xb
 313 0081 00       		.byte	0
 314 0082 00       		.byte	0
 315 0083 0B       		.uleb128 0xb
 316 0084 34       		.uleb128 0x34
 317 0085 00       		.byte	0
 318 0086 03       		.uleb128 0x3
 319 0087 08       		.uleb128 0x8
 320 0088 3A       		.uleb128 0x3a
 321 0089 0B       		.uleb128 0xb
 322 008a 3B       		.uleb128 0x3b
 323 008b 0B       		.uleb128 0xb
 324 008c 49       		.uleb128 0x49
 325 008d 13       		.uleb128 0x13
 326 008e 3F       		.uleb128 0x3f
 327 008f 19       		.uleb128 0x19
 328 0090 3C       		.uleb128 0x3c
 329 0091 19       		.uleb128 0x19
 330 0092 00       		.byte	0
 331 0093 00       		.byte	0
 332 0094 00       		.byte	0
 333              		.section	.debug_aranges,"",%progbits
ARM GAS  C:\Users\AHMADN~1\AppData\Local\Temp\ccUo0ejV.s 			page 7


 334 0000 1C000000 		.4byte	0x1c
 335 0004 0200     		.2byte	0x2
 336 0006 00000000 		.4byte	.Ldebug_info0
 337 000a 04       		.byte	0x4
 338 000b 00       		.byte	0
 339 000c 0000     		.2byte	0
 340 000e 0000     		.2byte	0
 341 0010 00000000 		.4byte	.LFB63
 342 0014 20000000 		.4byte	.LFE63-.LFB63
 343 0018 00000000 		.4byte	0
 344 001c 00000000 		.4byte	0
 345              		.section	.debug_ranges,"",%progbits
 346              	.Ldebug_ranges0:
 347 0000 00000000 		.4byte	.LFB63
 348 0004 20000000 		.4byte	.LFE63
 349 0008 00000000 		.4byte	0
 350 000c 00000000 		.4byte	0
 351              		.section	.debug_line,"",%progbits
 352              	.Ldebug_line0:
 353 0000 62010000 		.section	.debug_str,"MS",%progbits,1
 353      02004C01 
 353      00000201 
 353      FB0E0D00 
 353      01010101 
 354              	.LASF6:
 355 0000 6C6F6E67 		.ascii	"long long int\000"
 355      206C6F6E 
 355      6720696E 
 355      7400
 356              	.LASF3:
 357 000e 73686F72 		.ascii	"short unsigned int\000"
 357      7420756E 
 357      7369676E 
 357      65642069 
 357      6E7400
 358              	.LASF8:
 359 0021 756E7369 		.ascii	"unsigned int\000"
 359      676E6564 
 359      20696E74 
 359      00
 360              	.LASF20:
 361 002e 433A5C55 		.ascii	"C:\\Users\\Ahmad Negm\\Desktop\\6.115\\FP\\psoc_vga"
 361      73657273 
 361      5C41686D 
 361      6164204E 
 361      65676D5C 
 362 005b 5F70726F 		.ascii	"_project final\\vga.cydsn\000"
 362      6A656374 
 362      2066696E 
 362      616C5C76 
 362      67612E63 
 363              	.LASF11:
 364 0074 75696E74 		.ascii	"uint8\000"
 364      3800
 365              	.LASF5:
 366 007a 6C6F6E67 		.ascii	"long unsigned int\000"
 366      20756E73 
ARM GAS  C:\Users\AHMADN~1\AppData\Local\Temp\ccUo0ejV.s 			page 8


 366      69676E65 
 366      6420696E 
 366      7400
 367              	.LASF7:
 368 008c 6C6F6E67 		.ascii	"long long unsigned int\000"
 368      206C6F6E 
 368      6720756E 
 368      7369676E 
 368      65642069 
 369              	.LASF18:
 370 00a3 474E5520 		.ascii	"GNU C11 5.4.1 20160609 (release) [ARM/embedded-5-br"
 370      43313120 
 370      352E342E 
 370      31203230 
 370      31363036 
 371 00d6 616E6368 		.ascii	"anch revision 237715] -mcpu=cortex-m3 -mthumb -g -O"
 371      20726576 
 371      6973696F 
 371      6E203233 
 371      37373135 
 372 0109 30202D66 		.ascii	"0 -ffunction-sections -ffat-lto-objects\000"
 372      66756E63 
 372      74696F6E 
 372      2D736563 
 372      74696F6E 
 373              	.LASF1:
 374 0131 756E7369 		.ascii	"unsigned char\000"
 374      676E6564 
 374      20636861 
 374      7200
 375              	.LASF14:
 376 013f 63686172 		.ascii	"char\000"
 376      00
 377              	.LASF4:
 378 0144 6C6F6E67 		.ascii	"long int\000"
 378      20696E74 
 378      00
 379              	.LASF13:
 380 014d 646F7562 		.ascii	"double\000"
 380      6C6500
 381              	.LASF17:
 382 0154 49544D5F 		.ascii	"ITM_RxBuffer\000"
 382      52784275 
 382      66666572 
 382      00
 383              	.LASF0:
 384 0161 7369676E 		.ascii	"signed char\000"
 384      65642063 
 384      68617200 
 385              	.LASF15:
 386 016d 6C6F6E67 		.ascii	"long double\000"
 386      20646F75 
 386      626C6500 
 387              	.LASF9:
 388 0179 5F5F696E 		.ascii	"__int32_t\000"
 388      7433325F 
 388      7400
ARM GAS  C:\Users\AHMADN~1\AppData\Local\Temp\ccUo0ejV.s 			page 9


 389              	.LASF21:
 390 0183 74657374 		.ascii	"test\000"
 390      00
 391              	.LASF19:
 392 0188 64726177 		.ascii	"draw.c\000"
 392      2E6300
 393              	.LASF12:
 394 018f 666C6F61 		.ascii	"float\000"
 394      7400
 395              	.LASF2:
 396 0195 73686F72 		.ascii	"short int\000"
 396      7420696E 
 396      7400
 397              	.LASF10:
 398 019f 696E7433 		.ascii	"int32_t\000"
 398      325F7400 
 399              	.LASF16:
 400 01a7 73697A65 		.ascii	"sizetype\000"
 400      74797065 
 400      00
 401              		.ident	"GCC: (GNU Tools for ARM Embedded Processors) 5.4.1 20160609 (release) [ARM/embedded-5-bran
