ARM GAS  C:\Users\AHMADN~1\AppData\Local\Temp\cctEJpZm.s 			page 1


   1              		.syntax unified
   2              		.cpu cortex-m3
   3              		.fpu softvfp
   4              		.eabi_attribute 20, 1
   5              		.eabi_attribute 21, 1
   6              		.eabi_attribute 23, 3
   7              		.eabi_attribute 24, 1
   8              		.eabi_attribute 25, 1
   9              		.eabi_attribute 26, 1
  10              		.eabi_attribute 30, 6
  11              		.eabi_attribute 34, 1
  12              		.eabi_attribute 18, 4
  13              		.thumb
  14              		.syntax unified
  15              		.file	"VGA.c"
  16              		.text
  17              	.Ltext0:
  18              		.cfi_sections	.debug_frame
  19              		.section	.text.VGA_Write,"ax",%progbits
  20              		.align	2
  21              		.global	VGA_Write
  22              		.thumb
  23              		.thumb_func
  24              		.type	VGA_Write, %function
  25              	VGA_Write:
  26              	.LFB0:
  27              		.file 1 "Generated_Source\\PSoC5\\VGA.c"
   1:Generated_Source\PSoC5/VGA.c **** /*******************************************************************************
   2:Generated_Source\PSoC5/VGA.c **** * File Name: VGA.c  
   3:Generated_Source\PSoC5/VGA.c **** * Version 2.20
   4:Generated_Source\PSoC5/VGA.c **** *
   5:Generated_Source\PSoC5/VGA.c **** * Description:
   6:Generated_Source\PSoC5/VGA.c **** *  This file contains API to enable firmware control of a Pins component.
   7:Generated_Source\PSoC5/VGA.c **** *
   8:Generated_Source\PSoC5/VGA.c **** * Note:
   9:Generated_Source\PSoC5/VGA.c **** *
  10:Generated_Source\PSoC5/VGA.c **** ********************************************************************************
  11:Generated_Source\PSoC5/VGA.c **** * Copyright 2008-2015, Cypress Semiconductor Corporation.  All rights reserved.
  12:Generated_Source\PSoC5/VGA.c **** * You may use this file only in accordance with the license, terms, conditions, 
  13:Generated_Source\PSoC5/VGA.c **** * disclaimers, and limitations in the end user license agreement accompanying 
  14:Generated_Source\PSoC5/VGA.c **** * the software package with which this file was provided.
  15:Generated_Source\PSoC5/VGA.c **** *******************************************************************************/
  16:Generated_Source\PSoC5/VGA.c **** 
  17:Generated_Source\PSoC5/VGA.c **** #include "cytypes.h"
  18:Generated_Source\PSoC5/VGA.c **** #include "VGA.h"
  19:Generated_Source\PSoC5/VGA.c **** 
  20:Generated_Source\PSoC5/VGA.c **** /* APIs are not generated for P15[7:6] on PSoC 5 */
  21:Generated_Source\PSoC5/VGA.c **** #if !(CY_PSOC5A &&\
  22:Generated_Source\PSoC5/VGA.c **** 	 VGA__PORT == 15 && ((VGA__MASK & 0xC0) != 0))
  23:Generated_Source\PSoC5/VGA.c **** 
  24:Generated_Source\PSoC5/VGA.c **** 
  25:Generated_Source\PSoC5/VGA.c **** /*******************************************************************************
  26:Generated_Source\PSoC5/VGA.c **** * Function Name: VGA_Write
  27:Generated_Source\PSoC5/VGA.c **** ****************************************************************************//**
  28:Generated_Source\PSoC5/VGA.c **** *
  29:Generated_Source\PSoC5/VGA.c **** * \brief Writes the value to the physical port (data output register), masking
  30:Generated_Source\PSoC5/VGA.c **** *  and shifting the bits appropriately. 
ARM GAS  C:\Users\AHMADN~1\AppData\Local\Temp\cctEJpZm.s 			page 2


  31:Generated_Source\PSoC5/VGA.c **** *
  32:Generated_Source\PSoC5/VGA.c **** * The data output register controls the signal applied to the physical pin in 
  33:Generated_Source\PSoC5/VGA.c **** * conjunction with the drive mode parameter. This function avoids changing 
  34:Generated_Source\PSoC5/VGA.c **** * other bits in the port by using the appropriate method (read-modify-write or
  35:Generated_Source\PSoC5/VGA.c **** * bit banding).
  36:Generated_Source\PSoC5/VGA.c **** *
  37:Generated_Source\PSoC5/VGA.c **** * <b>Note</b> This function should not be used on a hardware digital output pin 
  38:Generated_Source\PSoC5/VGA.c **** * as it is driven by the hardware signal attached to it.
  39:Generated_Source\PSoC5/VGA.c **** *
  40:Generated_Source\PSoC5/VGA.c **** * \param value
  41:Generated_Source\PSoC5/VGA.c **** *  Value to write to the component instance.
  42:Generated_Source\PSoC5/VGA.c **** *
  43:Generated_Source\PSoC5/VGA.c **** * \return 
  44:Generated_Source\PSoC5/VGA.c **** *  None 
  45:Generated_Source\PSoC5/VGA.c **** *
  46:Generated_Source\PSoC5/VGA.c **** * \sideeffect
  47:Generated_Source\PSoC5/VGA.c **** *  If you use read-modify-write operations that are not atomic; the Interrupt 
  48:Generated_Source\PSoC5/VGA.c **** *  Service Routines (ISR) can cause corruption of this function. An ISR that 
  49:Generated_Source\PSoC5/VGA.c **** *  interrupts this function and performs writes to the Pins component data 
  50:Generated_Source\PSoC5/VGA.c **** *  register can cause corrupted port data. To avoid this issue, you should 
  51:Generated_Source\PSoC5/VGA.c **** *  either use the Per-Pin APIs (primary method) or disable interrupts around 
  52:Generated_Source\PSoC5/VGA.c **** *  this function.
  53:Generated_Source\PSoC5/VGA.c **** *
  54:Generated_Source\PSoC5/VGA.c **** * \funcusage
  55:Generated_Source\PSoC5/VGA.c **** *  \snippet VGA_SUT.c usage_VGA_Write
  56:Generated_Source\PSoC5/VGA.c **** *******************************************************************************/
  57:Generated_Source\PSoC5/VGA.c **** void VGA_Write(uint8 value)
  58:Generated_Source\PSoC5/VGA.c **** {
  28              		.loc 1 58 0
  29              		.cfi_startproc
  30              		@ args = 0, pretend = 0, frame = 16
  31              		@ frame_needed = 1, uses_anonymous_args = 0
  32              		@ link register save eliminated.
  33 0000 80B4     		push	{r7}
  34              		.cfi_def_cfa_offset 4
  35              		.cfi_offset 7, -4
  36 0002 85B0     		sub	sp, sp, #20
  37              		.cfi_def_cfa_offset 24
  38 0004 00AF     		add	r7, sp, #0
  39              		.cfi_def_cfa_register 7
  40 0006 0346     		mov	r3, r0
  41 0008 FB71     		strb	r3, [r7, #7]
  59:Generated_Source\PSoC5/VGA.c ****     uint8 staticBits = (VGA_DR & (uint8)(~VGA_MASK));
  42              		.loc 1 59 0
  43 000a 094B     		ldr	r3, .L2
  44 000c 1B78     		ldrb	r3, [r3]
  45 000e DBB2     		uxtb	r3, r3
  46 0010 03F00303 		and	r3, r3, #3
  47 0014 FB73     		strb	r3, [r7, #15]
  60:Generated_Source\PSoC5/VGA.c ****     VGA_DR = staticBits | ((uint8)(value << VGA_SHIFT) & VGA_MASK);
  48              		.loc 1 60 0
  49 0016 0649     		ldr	r1, .L2
  50 0018 FB79     		ldrb	r3, [r7, #7]
  51 001a 9B00     		lsls	r3, r3, #2
  52 001c DAB2     		uxtb	r2, r3
  53 001e FB7B     		ldrb	r3, [r7, #15]
  54 0020 1343     		orrs	r3, r3, r2
ARM GAS  C:\Users\AHMADN~1\AppData\Local\Temp\cctEJpZm.s 			page 3


  55 0022 DBB2     		uxtb	r3, r3
  56 0024 0B70     		strb	r3, [r1]
  61:Generated_Source\PSoC5/VGA.c **** }
  57              		.loc 1 61 0
  58 0026 00BF     		nop
  59 0028 1437     		adds	r7, r7, #20
  60              		.cfi_def_cfa_offset 4
  61 002a BD46     		mov	sp, r7
  62              		.cfi_def_cfa_register 13
  63              		@ sp needed
  64 002c 80BC     		pop	{r7}
  65              		.cfi_restore 7
  66              		.cfi_def_cfa_offset 0
  67 002e 7047     		bx	lr
  68              	.L3:
  69              		.align	2
  70              	.L2:
  71 0030 C0510040 		.word	1073762752
  72              		.cfi_endproc
  73              	.LFE0:
  74              		.size	VGA_Write, .-VGA_Write
  75              		.section	.text.VGA_SetDriveMode,"ax",%progbits
  76              		.align	2
  77              		.global	VGA_SetDriveMode
  78              		.thumb
  79              		.thumb_func
  80              		.type	VGA_SetDriveMode, %function
  81              	VGA_SetDriveMode:
  82              	.LFB1:
  62:Generated_Source\PSoC5/VGA.c **** 
  63:Generated_Source\PSoC5/VGA.c **** 
  64:Generated_Source\PSoC5/VGA.c **** /*******************************************************************************
  65:Generated_Source\PSoC5/VGA.c **** * Function Name: VGA_SetDriveMode
  66:Generated_Source\PSoC5/VGA.c **** ****************************************************************************//**
  67:Generated_Source\PSoC5/VGA.c **** *
  68:Generated_Source\PSoC5/VGA.c **** * \brief Sets the drive mode for each of the Pins component's pins.
  69:Generated_Source\PSoC5/VGA.c **** * 
  70:Generated_Source\PSoC5/VGA.c **** * <b>Note</b> This affects all pins in the Pins component instance. Use the
  71:Generated_Source\PSoC5/VGA.c **** * Per-Pin APIs if you wish to control individual pin's drive modes.
  72:Generated_Source\PSoC5/VGA.c **** *
  73:Generated_Source\PSoC5/VGA.c **** * \param mode
  74:Generated_Source\PSoC5/VGA.c **** *  Mode for the selected signals. Valid options are documented in 
  75:Generated_Source\PSoC5/VGA.c **** *  \ref driveMode.
  76:Generated_Source\PSoC5/VGA.c **** *
  77:Generated_Source\PSoC5/VGA.c **** * \return
  78:Generated_Source\PSoC5/VGA.c **** *  None
  79:Generated_Source\PSoC5/VGA.c **** *
  80:Generated_Source\PSoC5/VGA.c **** * \sideeffect
  81:Generated_Source\PSoC5/VGA.c **** *  If you use read-modify-write operations that are not atomic, the ISR can
  82:Generated_Source\PSoC5/VGA.c **** *  cause corruption of this function. An ISR that interrupts this function 
  83:Generated_Source\PSoC5/VGA.c **** *  and performs writes to the Pins component Drive Mode registers can cause 
  84:Generated_Source\PSoC5/VGA.c **** *  corrupted port data. To avoid this issue, you should either use the Per-Pin
  85:Generated_Source\PSoC5/VGA.c **** *  APIs (primary method) or disable interrupts around this function.
  86:Generated_Source\PSoC5/VGA.c **** *
  87:Generated_Source\PSoC5/VGA.c **** * \funcusage
  88:Generated_Source\PSoC5/VGA.c **** *  \snippet VGA_SUT.c usage_VGA_SetDriveMode
  89:Generated_Source\PSoC5/VGA.c **** *******************************************************************************/
ARM GAS  C:\Users\AHMADN~1\AppData\Local\Temp\cctEJpZm.s 			page 4


  90:Generated_Source\PSoC5/VGA.c **** void VGA_SetDriveMode(uint8 mode)
  91:Generated_Source\PSoC5/VGA.c **** {
  83              		.loc 1 91 0
  84              		.cfi_startproc
  85              		@ args = 0, pretend = 0, frame = 8
  86              		@ frame_needed = 1, uses_anonymous_args = 0
  87              		@ link register save eliminated.
  88 0000 80B4     		push	{r7}
  89              		.cfi_def_cfa_offset 4
  90              		.cfi_offset 7, -4
  91 0002 83B0     		sub	sp, sp, #12
  92              		.cfi_def_cfa_offset 16
  93 0004 00AF     		add	r7, sp, #0
  94              		.cfi_def_cfa_register 7
  95 0006 0346     		mov	r3, r0
  96 0008 FB71     		strb	r3, [r7, #7]
  92:Generated_Source\PSoC5/VGA.c **** 	CyPins_SetPinDriveMode(VGA_0, mode);
  97              		.loc 1 92 0
  98 000a 3549     		ldr	r1, .L5
  99 000c 344B     		ldr	r3, .L5
 100 000e 1B78     		ldrb	r3, [r3]
 101 0010 DBB2     		uxtb	r3, r3
 102 0012 5BB2     		sxtb	r3, r3
 103 0014 23F00E03 		bic	r3, r3, #14
 104 0018 5AB2     		sxtb	r2, r3
 105 001a 97F90730 		ldrsb	r3, [r7, #7]
 106 001e 03F00E03 		and	r3, r3, #14
 107 0022 5BB2     		sxtb	r3, r3
 108 0024 1343     		orrs	r3, r3, r2
 109 0026 5BB2     		sxtb	r3, r3
 110 0028 DBB2     		uxtb	r3, r3
 111 002a 0B70     		strb	r3, [r1]
  93:Generated_Source\PSoC5/VGA.c **** 	CyPins_SetPinDriveMode(VGA_1, mode);
 112              		.loc 1 93 0
 113 002c 2D49     		ldr	r1, .L5+4
 114 002e 2D4B     		ldr	r3, .L5+4
 115 0030 1B78     		ldrb	r3, [r3]
 116 0032 DBB2     		uxtb	r3, r3
 117 0034 5BB2     		sxtb	r3, r3
 118 0036 23F00E03 		bic	r3, r3, #14
 119 003a 5AB2     		sxtb	r2, r3
 120 003c 97F90730 		ldrsb	r3, [r7, #7]
 121 0040 03F00E03 		and	r3, r3, #14
 122 0044 5BB2     		sxtb	r3, r3
 123 0046 1343     		orrs	r3, r3, r2
 124 0048 5BB2     		sxtb	r3, r3
 125 004a DBB2     		uxtb	r3, r3
 126 004c 0B70     		strb	r3, [r1]
  94:Generated_Source\PSoC5/VGA.c **** 	CyPins_SetPinDriveMode(VGA_2, mode);
 127              		.loc 1 94 0
 128 004e 2649     		ldr	r1, .L5+8
 129 0050 254B     		ldr	r3, .L5+8
 130 0052 1B78     		ldrb	r3, [r3]
 131 0054 DBB2     		uxtb	r3, r3
 132 0056 5BB2     		sxtb	r3, r3
 133 0058 23F00E03 		bic	r3, r3, #14
 134 005c 5AB2     		sxtb	r2, r3
ARM GAS  C:\Users\AHMADN~1\AppData\Local\Temp\cctEJpZm.s 			page 5


 135 005e 97F90730 		ldrsb	r3, [r7, #7]
 136 0062 03F00E03 		and	r3, r3, #14
 137 0066 5BB2     		sxtb	r3, r3
 138 0068 1343     		orrs	r3, r3, r2
 139 006a 5BB2     		sxtb	r3, r3
 140 006c DBB2     		uxtb	r3, r3
 141 006e 0B70     		strb	r3, [r1]
  95:Generated_Source\PSoC5/VGA.c **** 	CyPins_SetPinDriveMode(VGA_3, mode);
 142              		.loc 1 95 0
 143 0070 1E49     		ldr	r1, .L5+12
 144 0072 1E4B     		ldr	r3, .L5+12
 145 0074 1B78     		ldrb	r3, [r3]
 146 0076 DBB2     		uxtb	r3, r3
 147 0078 5BB2     		sxtb	r3, r3
 148 007a 23F00E03 		bic	r3, r3, #14
 149 007e 5AB2     		sxtb	r2, r3
 150 0080 97F90730 		ldrsb	r3, [r7, #7]
 151 0084 03F00E03 		and	r3, r3, #14
 152 0088 5BB2     		sxtb	r3, r3
 153 008a 1343     		orrs	r3, r3, r2
 154 008c 5BB2     		sxtb	r3, r3
 155 008e DBB2     		uxtb	r3, r3
 156 0090 0B70     		strb	r3, [r1]
  96:Generated_Source\PSoC5/VGA.c **** 	CyPins_SetPinDriveMode(VGA_4, mode);
 157              		.loc 1 96 0
 158 0092 1749     		ldr	r1, .L5+16
 159 0094 164B     		ldr	r3, .L5+16
 160 0096 1B78     		ldrb	r3, [r3]
 161 0098 DBB2     		uxtb	r3, r3
 162 009a 5BB2     		sxtb	r3, r3
 163 009c 23F00E03 		bic	r3, r3, #14
 164 00a0 5AB2     		sxtb	r2, r3
 165 00a2 97F90730 		ldrsb	r3, [r7, #7]
 166 00a6 03F00E03 		and	r3, r3, #14
 167 00aa 5BB2     		sxtb	r3, r3
 168 00ac 1343     		orrs	r3, r3, r2
 169 00ae 5BB2     		sxtb	r3, r3
 170 00b0 DBB2     		uxtb	r3, r3
 171 00b2 0B70     		strb	r3, [r1]
  97:Generated_Source\PSoC5/VGA.c **** 	CyPins_SetPinDriveMode(VGA_5, mode);
 172              		.loc 1 97 0
 173 00b4 0F49     		ldr	r1, .L5+20
 174 00b6 0F4B     		ldr	r3, .L5+20
 175 00b8 1B78     		ldrb	r3, [r3]
 176 00ba DBB2     		uxtb	r3, r3
 177 00bc 5BB2     		sxtb	r3, r3
 178 00be 23F00E03 		bic	r3, r3, #14
 179 00c2 5AB2     		sxtb	r2, r3
 180 00c4 97F90730 		ldrsb	r3, [r7, #7]
 181 00c8 03F00E03 		and	r3, r3, #14
 182 00cc 5BB2     		sxtb	r3, r3
 183 00ce 1343     		orrs	r3, r3, r2
 184 00d0 5BB2     		sxtb	r3, r3
 185 00d2 DBB2     		uxtb	r3, r3
 186 00d4 0B70     		strb	r3, [r1]
  98:Generated_Source\PSoC5/VGA.c **** }
 187              		.loc 1 98 0
ARM GAS  C:\Users\AHMADN~1\AppData\Local\Temp\cctEJpZm.s 			page 6


 188 00d6 00BF     		nop
 189 00d8 0C37     		adds	r7, r7, #12
 190              		.cfi_def_cfa_offset 4
 191 00da BD46     		mov	sp, r7
 192              		.cfi_def_cfa_register 13
 193              		@ sp needed
 194 00dc 80BC     		pop	{r7}
 195              		.cfi_restore 7
 196              		.cfi_def_cfa_offset 0
 197 00de 7047     		bx	lr
 198              	.L6:
 199              		.align	2
 200              	.L5:
 201 00e0 62500040 		.word	1073762402
 202 00e4 63500040 		.word	1073762403
 203 00e8 64500040 		.word	1073762404
 204 00ec 65500040 		.word	1073762405
 205 00f0 66500040 		.word	1073762406
 206 00f4 67500040 		.word	1073762407
 207              		.cfi_endproc
 208              	.LFE1:
 209              		.size	VGA_SetDriveMode, .-VGA_SetDriveMode
 210              		.section	.text.VGA_Read,"ax",%progbits
 211              		.align	2
 212              		.global	VGA_Read
 213              		.thumb
 214              		.thumb_func
 215              		.type	VGA_Read, %function
 216              	VGA_Read:
 217              	.LFB2:
  99:Generated_Source\PSoC5/VGA.c **** 
 100:Generated_Source\PSoC5/VGA.c **** 
 101:Generated_Source\PSoC5/VGA.c **** /*******************************************************************************
 102:Generated_Source\PSoC5/VGA.c **** * Function Name: VGA_Read
 103:Generated_Source\PSoC5/VGA.c **** ****************************************************************************//**
 104:Generated_Source\PSoC5/VGA.c **** *
 105:Generated_Source\PSoC5/VGA.c **** * \brief Reads the associated physical port (pin status register) and masks 
 106:Generated_Source\PSoC5/VGA.c **** *  the required bits according to the width and bit position of the component
 107:Generated_Source\PSoC5/VGA.c **** *  instance. 
 108:Generated_Source\PSoC5/VGA.c **** *
 109:Generated_Source\PSoC5/VGA.c **** * The pin's status register returns the current logic level present on the 
 110:Generated_Source\PSoC5/VGA.c **** * physical pin.
 111:Generated_Source\PSoC5/VGA.c **** *
 112:Generated_Source\PSoC5/VGA.c **** * \return 
 113:Generated_Source\PSoC5/VGA.c **** *  The current value for the pins in the component as a right justified number.
 114:Generated_Source\PSoC5/VGA.c **** *
 115:Generated_Source\PSoC5/VGA.c **** * \funcusage
 116:Generated_Source\PSoC5/VGA.c **** *  \snippet VGA_SUT.c usage_VGA_Read  
 117:Generated_Source\PSoC5/VGA.c **** *******************************************************************************/
 118:Generated_Source\PSoC5/VGA.c **** uint8 VGA_Read(void)
 119:Generated_Source\PSoC5/VGA.c **** {
 218              		.loc 1 119 0
 219              		.cfi_startproc
 220              		@ args = 0, pretend = 0, frame = 0
 221              		@ frame_needed = 1, uses_anonymous_args = 0
 222              		@ link register save eliminated.
 223 0000 80B4     		push	{r7}
ARM GAS  C:\Users\AHMADN~1\AppData\Local\Temp\cctEJpZm.s 			page 7


 224              		.cfi_def_cfa_offset 4
 225              		.cfi_offset 7, -4
 226 0002 00AF     		add	r7, sp, #0
 227              		.cfi_def_cfa_register 7
 120:Generated_Source\PSoC5/VGA.c ****     return (VGA_PS & VGA_MASK) >> VGA_SHIFT;
 228              		.loc 1 120 0
 229 0004 054B     		ldr	r3, .L9
 230 0006 1B78     		ldrb	r3, [r3]
 231 0008 DBB2     		uxtb	r3, r3
 232 000a 03F0FC03 		and	r3, r3, #252
 233 000e 9B08     		lsrs	r3, r3, #2
 234 0010 DBB2     		uxtb	r3, r3
 121:Generated_Source\PSoC5/VGA.c **** }
 235              		.loc 1 121 0
 236 0012 1846     		mov	r0, r3
 237 0014 BD46     		mov	sp, r7
 238              		.cfi_def_cfa_register 13
 239              		@ sp needed
 240 0016 80BC     		pop	{r7}
 241              		.cfi_restore 7
 242              		.cfi_def_cfa_offset 0
 243 0018 7047     		bx	lr
 244              	.L10:
 245 001a 00BF     		.align	2
 246              	.L9:
 247 001c C1510040 		.word	1073762753
 248              		.cfi_endproc
 249              	.LFE2:
 250              		.size	VGA_Read, .-VGA_Read
 251              		.section	.text.VGA_ReadDataReg,"ax",%progbits
 252              		.align	2
 253              		.global	VGA_ReadDataReg
 254              		.thumb
 255              		.thumb_func
 256              		.type	VGA_ReadDataReg, %function
 257              	VGA_ReadDataReg:
 258              	.LFB3:
 122:Generated_Source\PSoC5/VGA.c **** 
 123:Generated_Source\PSoC5/VGA.c **** 
 124:Generated_Source\PSoC5/VGA.c **** /*******************************************************************************
 125:Generated_Source\PSoC5/VGA.c **** * Function Name: VGA_ReadDataReg
 126:Generated_Source\PSoC5/VGA.c **** ****************************************************************************//**
 127:Generated_Source\PSoC5/VGA.c **** *
 128:Generated_Source\PSoC5/VGA.c **** * \brief Reads the associated physical port's data output register and masks 
 129:Generated_Source\PSoC5/VGA.c **** *  the correct bits according to the width and bit position of the component 
 130:Generated_Source\PSoC5/VGA.c **** *  instance. 
 131:Generated_Source\PSoC5/VGA.c **** *
 132:Generated_Source\PSoC5/VGA.c **** * The data output register controls the signal applied to the physical pin in 
 133:Generated_Source\PSoC5/VGA.c **** * conjunction with the drive mode parameter. This is not the same as the 
 134:Generated_Source\PSoC5/VGA.c **** * preferred VGA_Read() API because the 
 135:Generated_Source\PSoC5/VGA.c **** * VGA_ReadDataReg() reads the data register instead of the status 
 136:Generated_Source\PSoC5/VGA.c **** * register. For output pins this is a useful function to determine the value 
 137:Generated_Source\PSoC5/VGA.c **** * just written to the pin.
 138:Generated_Source\PSoC5/VGA.c **** *
 139:Generated_Source\PSoC5/VGA.c **** * \return 
 140:Generated_Source\PSoC5/VGA.c **** *  The current value of the data register masked and shifted into a right 
 141:Generated_Source\PSoC5/VGA.c **** *  justified number for the component instance.
ARM GAS  C:\Users\AHMADN~1\AppData\Local\Temp\cctEJpZm.s 			page 8


 142:Generated_Source\PSoC5/VGA.c **** *
 143:Generated_Source\PSoC5/VGA.c **** * \funcusage
 144:Generated_Source\PSoC5/VGA.c **** *  \snippet VGA_SUT.c usage_VGA_ReadDataReg 
 145:Generated_Source\PSoC5/VGA.c **** *******************************************************************************/
 146:Generated_Source\PSoC5/VGA.c **** uint8 VGA_ReadDataReg(void)
 147:Generated_Source\PSoC5/VGA.c **** {
 259              		.loc 1 147 0
 260              		.cfi_startproc
 261              		@ args = 0, pretend = 0, frame = 0
 262              		@ frame_needed = 1, uses_anonymous_args = 0
 263              		@ link register save eliminated.
 264 0000 80B4     		push	{r7}
 265              		.cfi_def_cfa_offset 4
 266              		.cfi_offset 7, -4
 267 0002 00AF     		add	r7, sp, #0
 268              		.cfi_def_cfa_register 7
 148:Generated_Source\PSoC5/VGA.c ****     return (VGA_DR & VGA_MASK) >> VGA_SHIFT;
 269              		.loc 1 148 0
 270 0004 054B     		ldr	r3, .L13
 271 0006 1B78     		ldrb	r3, [r3]
 272 0008 DBB2     		uxtb	r3, r3
 273 000a 03F0FC03 		and	r3, r3, #252
 274 000e 9B08     		lsrs	r3, r3, #2
 275 0010 DBB2     		uxtb	r3, r3
 149:Generated_Source\PSoC5/VGA.c **** }
 276              		.loc 1 149 0
 277 0012 1846     		mov	r0, r3
 278 0014 BD46     		mov	sp, r7
 279              		.cfi_def_cfa_register 13
 280              		@ sp needed
 281 0016 80BC     		pop	{r7}
 282              		.cfi_restore 7
 283              		.cfi_def_cfa_offset 0
 284 0018 7047     		bx	lr
 285              	.L14:
 286 001a 00BF     		.align	2
 287              	.L13:
 288 001c C0510040 		.word	1073762752
 289              		.cfi_endproc
 290              	.LFE3:
 291              		.size	VGA_ReadDataReg, .-VGA_ReadDataReg
 292              		.text
 293              	.Letext0:
 294              		.file 2 "Generated_Source\\PSoC5\\cytypes.h"
 295              		.section	.debug_info,"",%progbits
 296              	.Ldebug_info0:
 297 0000 1A010000 		.4byte	0x11a
 298 0004 0400     		.2byte	0x4
 299 0006 00000000 		.4byte	.Ldebug_abbrev0
 300 000a 04       		.byte	0x4
 301 000b 01       		.uleb128 0x1
 302 000c 00000000 		.4byte	.LASF20
 303 0010 0C       		.byte	0xc
 304 0011 B3010000 		.4byte	.LASF21
 305 0015 E7000000 		.4byte	.LASF22
 306 0019 00000000 		.4byte	.Ldebug_ranges0+0
 307 001d 00000000 		.4byte	0
ARM GAS  C:\Users\AHMADN~1\AppData\Local\Temp\cctEJpZm.s 			page 9


 308 0021 00000000 		.4byte	.Ldebug_line0
 309 0025 02       		.uleb128 0x2
 310 0026 01       		.byte	0x1
 311 0027 06       		.byte	0x6
 312 0028 D0010000 		.4byte	.LASF0
 313 002c 02       		.uleb128 0x2
 314 002d 01       		.byte	0x1
 315 002e 08       		.byte	0x8
 316 002f AF000000 		.4byte	.LASF1
 317 0033 02       		.uleb128 0x2
 318 0034 02       		.byte	0x2
 319 0035 05       		.byte	0x5
 320 0036 9A010000 		.4byte	.LASF2
 321 003a 02       		.uleb128 0x2
 322 003b 02       		.byte	0x2
 323 003c 07       		.byte	0x7
 324 003d D4000000 		.4byte	.LASF3
 325 0041 02       		.uleb128 0x2
 326 0042 04       		.byte	0x4
 327 0043 05       		.byte	0x5
 328 0044 AA010000 		.4byte	.LASF4
 329 0048 02       		.uleb128 0x2
 330 0049 04       		.byte	0x4
 331 004a 07       		.byte	0x7
 332 004b C2000000 		.4byte	.LASF5
 333 004f 02       		.uleb128 0x2
 334 0050 08       		.byte	0x8
 335 0051 05       		.byte	0x5
 336 0052 87010000 		.4byte	.LASF6
 337 0056 02       		.uleb128 0x2
 338 0057 08       		.byte	0x8
 339 0058 07       		.byte	0x7
 340 0059 51010000 		.4byte	.LASF7
 341 005d 03       		.uleb128 0x3
 342 005e 04       		.byte	0x4
 343 005f 05       		.byte	0x5
 344 0060 696E7400 		.ascii	"int\000"
 345 0064 02       		.uleb128 0x2
 346 0065 04       		.byte	0x4
 347 0066 07       		.byte	0x7
 348 0067 44010000 		.4byte	.LASF8
 349 006b 04       		.uleb128 0x4
 350 006c A4010000 		.4byte	.LASF12
 351 0070 02       		.byte	0x2
 352 0071 E401     		.2byte	0x1e4
 353 0073 2C000000 		.4byte	0x2c
 354 0077 02       		.uleb128 0x2
 355 0078 04       		.byte	0x4
 356 0079 04       		.byte	0x4
 357 007a 9F000000 		.4byte	.LASF9
 358 007e 02       		.uleb128 0x2
 359 007f 08       		.byte	0x8
 360 0080 04       		.byte	0x4
 361 0081 3D010000 		.4byte	.LASF10
 362 0085 02       		.uleb128 0x2
 363 0086 01       		.byte	0x1
 364 0087 08       		.byte	0x8
ARM GAS  C:\Users\AHMADN~1\AppData\Local\Temp\cctEJpZm.s 			page 10


 365 0088 95010000 		.4byte	.LASF11
 366 008c 04       		.uleb128 0x4
 367 008d BD000000 		.4byte	.LASF13
 368 0091 02       		.byte	0x2
 369 0092 8E02     		.2byte	0x28e
 370 0094 98000000 		.4byte	0x98
 371 0098 05       		.uleb128 0x5
 372 0099 6B000000 		.4byte	0x6b
 373 009d 06       		.uleb128 0x6
 374 009e A5000000 		.4byte	.LASF14
 375 00a2 01       		.byte	0x1
 376 00a3 39       		.byte	0x39
 377 00a4 00000000 		.4byte	.LFB0
 378 00a8 34000000 		.4byte	.LFE0-.LFB0
 379 00ac 01       		.uleb128 0x1
 380 00ad 9C       		.byte	0x9c
 381 00ae CF000000 		.4byte	0xcf
 382 00b2 07       		.uleb128 0x7
 383 00b3 8E000000 		.4byte	.LASF16
 384 00b7 01       		.byte	0x1
 385 00b8 39       		.byte	0x39
 386 00b9 6B000000 		.4byte	0x6b
 387 00bd 02       		.uleb128 0x2
 388 00be 91       		.byte	0x91
 389 00bf 6F       		.sleb128 -17
 390 00c0 08       		.uleb128 0x8
 391 00c1 94000000 		.4byte	.LASF23
 392 00c5 01       		.byte	0x1
 393 00c6 3B       		.byte	0x3b
 394 00c7 6B000000 		.4byte	0x6b
 395 00cb 02       		.uleb128 0x2
 396 00cc 91       		.byte	0x91
 397 00cd 77       		.sleb128 -9
 398 00ce 00       		.byte	0
 399 00cf 06       		.uleb128 0x6
 400 00d0 68010000 		.4byte	.LASF15
 401 00d4 01       		.byte	0x1
 402 00d5 5A       		.byte	0x5a
 403 00d6 00000000 		.4byte	.LFB1
 404 00da F8000000 		.4byte	.LFE1-.LFB1
 405 00de 01       		.uleb128 0x1
 406 00df 9C       		.byte	0x9c
 407 00e0 F3000000 		.4byte	0xf3
 408 00e4 07       		.uleb128 0x7
 409 00e5 79010000 		.4byte	.LASF17
 410 00e9 01       		.byte	0x1
 411 00ea 5A       		.byte	0x5a
 412 00eb 6B000000 		.4byte	0x6b
 413 00ef 02       		.uleb128 0x2
 414 00f0 91       		.byte	0x91
 415 00f1 77       		.sleb128 -9
 416 00f2 00       		.byte	0
 417 00f3 09       		.uleb128 0x9
 418 00f4 7E010000 		.4byte	.LASF18
 419 00f8 01       		.byte	0x1
 420 00f9 76       		.byte	0x76
 421 00fa 6B000000 		.4byte	0x6b
ARM GAS  C:\Users\AHMADN~1\AppData\Local\Temp\cctEJpZm.s 			page 11


 422 00fe 00000000 		.4byte	.LFB2
 423 0102 20000000 		.4byte	.LFE2-.LFB2
 424 0106 01       		.uleb128 0x1
 425 0107 9C       		.byte	0x9c
 426 0108 09       		.uleb128 0x9
 427 0109 2D010000 		.4byte	.LASF19
 428 010d 01       		.byte	0x1
 429 010e 92       		.byte	0x92
 430 010f 6B000000 		.4byte	0x6b
 431 0113 00000000 		.4byte	.LFB3
 432 0117 20000000 		.4byte	.LFE3-.LFB3
 433 011b 01       		.uleb128 0x1
 434 011c 9C       		.byte	0x9c
 435 011d 00       		.byte	0
 436              		.section	.debug_abbrev,"",%progbits
 437              	.Ldebug_abbrev0:
 438 0000 01       		.uleb128 0x1
 439 0001 11       		.uleb128 0x11
 440 0002 01       		.byte	0x1
 441 0003 25       		.uleb128 0x25
 442 0004 0E       		.uleb128 0xe
 443 0005 13       		.uleb128 0x13
 444 0006 0B       		.uleb128 0xb
 445 0007 03       		.uleb128 0x3
 446 0008 0E       		.uleb128 0xe
 447 0009 1B       		.uleb128 0x1b
 448 000a 0E       		.uleb128 0xe
 449 000b 55       		.uleb128 0x55
 450 000c 17       		.uleb128 0x17
 451 000d 11       		.uleb128 0x11
 452 000e 01       		.uleb128 0x1
 453 000f 10       		.uleb128 0x10
 454 0010 17       		.uleb128 0x17
 455 0011 00       		.byte	0
 456 0012 00       		.byte	0
 457 0013 02       		.uleb128 0x2
 458 0014 24       		.uleb128 0x24
 459 0015 00       		.byte	0
 460 0016 0B       		.uleb128 0xb
 461 0017 0B       		.uleb128 0xb
 462 0018 3E       		.uleb128 0x3e
 463 0019 0B       		.uleb128 0xb
 464 001a 03       		.uleb128 0x3
 465 001b 0E       		.uleb128 0xe
 466 001c 00       		.byte	0
 467 001d 00       		.byte	0
 468 001e 03       		.uleb128 0x3
 469 001f 24       		.uleb128 0x24
 470 0020 00       		.byte	0
 471 0021 0B       		.uleb128 0xb
 472 0022 0B       		.uleb128 0xb
 473 0023 3E       		.uleb128 0x3e
 474 0024 0B       		.uleb128 0xb
 475 0025 03       		.uleb128 0x3
 476 0026 08       		.uleb128 0x8
 477 0027 00       		.byte	0
 478 0028 00       		.byte	0
ARM GAS  C:\Users\AHMADN~1\AppData\Local\Temp\cctEJpZm.s 			page 12


 479 0029 04       		.uleb128 0x4
 480 002a 16       		.uleb128 0x16
 481 002b 00       		.byte	0
 482 002c 03       		.uleb128 0x3
 483 002d 0E       		.uleb128 0xe
 484 002e 3A       		.uleb128 0x3a
 485 002f 0B       		.uleb128 0xb
 486 0030 3B       		.uleb128 0x3b
 487 0031 05       		.uleb128 0x5
 488 0032 49       		.uleb128 0x49
 489 0033 13       		.uleb128 0x13
 490 0034 00       		.byte	0
 491 0035 00       		.byte	0
 492 0036 05       		.uleb128 0x5
 493 0037 35       		.uleb128 0x35
 494 0038 00       		.byte	0
 495 0039 49       		.uleb128 0x49
 496 003a 13       		.uleb128 0x13
 497 003b 00       		.byte	0
 498 003c 00       		.byte	0
 499 003d 06       		.uleb128 0x6
 500 003e 2E       		.uleb128 0x2e
 501 003f 01       		.byte	0x1
 502 0040 3F       		.uleb128 0x3f
 503 0041 19       		.uleb128 0x19
 504 0042 03       		.uleb128 0x3
 505 0043 0E       		.uleb128 0xe
 506 0044 3A       		.uleb128 0x3a
 507 0045 0B       		.uleb128 0xb
 508 0046 3B       		.uleb128 0x3b
 509 0047 0B       		.uleb128 0xb
 510 0048 27       		.uleb128 0x27
 511 0049 19       		.uleb128 0x19
 512 004a 11       		.uleb128 0x11
 513 004b 01       		.uleb128 0x1
 514 004c 12       		.uleb128 0x12
 515 004d 06       		.uleb128 0x6
 516 004e 40       		.uleb128 0x40
 517 004f 18       		.uleb128 0x18
 518 0050 9742     		.uleb128 0x2117
 519 0052 19       		.uleb128 0x19
 520 0053 01       		.uleb128 0x1
 521 0054 13       		.uleb128 0x13
 522 0055 00       		.byte	0
 523 0056 00       		.byte	0
 524 0057 07       		.uleb128 0x7
 525 0058 05       		.uleb128 0x5
 526 0059 00       		.byte	0
 527 005a 03       		.uleb128 0x3
 528 005b 0E       		.uleb128 0xe
 529 005c 3A       		.uleb128 0x3a
 530 005d 0B       		.uleb128 0xb
 531 005e 3B       		.uleb128 0x3b
 532 005f 0B       		.uleb128 0xb
 533 0060 49       		.uleb128 0x49
 534 0061 13       		.uleb128 0x13
 535 0062 02       		.uleb128 0x2
ARM GAS  C:\Users\AHMADN~1\AppData\Local\Temp\cctEJpZm.s 			page 13


 536 0063 18       		.uleb128 0x18
 537 0064 00       		.byte	0
 538 0065 00       		.byte	0
 539 0066 08       		.uleb128 0x8
 540 0067 34       		.uleb128 0x34
 541 0068 00       		.byte	0
 542 0069 03       		.uleb128 0x3
 543 006a 0E       		.uleb128 0xe
 544 006b 3A       		.uleb128 0x3a
 545 006c 0B       		.uleb128 0xb
 546 006d 3B       		.uleb128 0x3b
 547 006e 0B       		.uleb128 0xb
 548 006f 49       		.uleb128 0x49
 549 0070 13       		.uleb128 0x13
 550 0071 02       		.uleb128 0x2
 551 0072 18       		.uleb128 0x18
 552 0073 00       		.byte	0
 553 0074 00       		.byte	0
 554 0075 09       		.uleb128 0x9
 555 0076 2E       		.uleb128 0x2e
 556 0077 00       		.byte	0
 557 0078 3F       		.uleb128 0x3f
 558 0079 19       		.uleb128 0x19
 559 007a 03       		.uleb128 0x3
 560 007b 0E       		.uleb128 0xe
 561 007c 3A       		.uleb128 0x3a
 562 007d 0B       		.uleb128 0xb
 563 007e 3B       		.uleb128 0x3b
 564 007f 0B       		.uleb128 0xb
 565 0080 27       		.uleb128 0x27
 566 0081 19       		.uleb128 0x19
 567 0082 49       		.uleb128 0x49
 568 0083 13       		.uleb128 0x13
 569 0084 11       		.uleb128 0x11
 570 0085 01       		.uleb128 0x1
 571 0086 12       		.uleb128 0x12
 572 0087 06       		.uleb128 0x6
 573 0088 40       		.uleb128 0x40
 574 0089 18       		.uleb128 0x18
 575 008a 9742     		.uleb128 0x2117
 576 008c 19       		.uleb128 0x19
 577 008d 00       		.byte	0
 578 008e 00       		.byte	0
 579 008f 00       		.byte	0
 580              		.section	.debug_aranges,"",%progbits
 581 0000 34000000 		.4byte	0x34
 582 0004 0200     		.2byte	0x2
 583 0006 00000000 		.4byte	.Ldebug_info0
 584 000a 04       		.byte	0x4
 585 000b 00       		.byte	0
 586 000c 0000     		.2byte	0
 587 000e 0000     		.2byte	0
 588 0010 00000000 		.4byte	.LFB0
 589 0014 34000000 		.4byte	.LFE0-.LFB0
 590 0018 00000000 		.4byte	.LFB1
 591 001c F8000000 		.4byte	.LFE1-.LFB1
 592 0020 00000000 		.4byte	.LFB2
ARM GAS  C:\Users\AHMADN~1\AppData\Local\Temp\cctEJpZm.s 			page 14


 593 0024 20000000 		.4byte	.LFE2-.LFB2
 594 0028 00000000 		.4byte	.LFB3
 595 002c 20000000 		.4byte	.LFE3-.LFB3
 596 0030 00000000 		.4byte	0
 597 0034 00000000 		.4byte	0
 598              		.section	.debug_ranges,"",%progbits
 599              	.Ldebug_ranges0:
 600 0000 00000000 		.4byte	.LFB0
 601 0004 34000000 		.4byte	.LFE0
 602 0008 00000000 		.4byte	.LFB1
 603 000c F8000000 		.4byte	.LFE1
 604 0010 00000000 		.4byte	.LFB2
 605 0014 20000000 		.4byte	.LFE2
 606 0018 00000000 		.4byte	.LFB3
 607 001c 20000000 		.4byte	.LFE3
 608 0020 00000000 		.4byte	0
 609 0024 00000000 		.4byte	0
 610              		.section	.debug_line,"",%progbits
 611              	.Ldebug_line0:
 612 0000 98000000 		.section	.debug_str,"MS",%progbits,1
 612      02004000 
 612      00000201 
 612      FB0E0D00 
 612      01010101 
 613              	.LASF20:
 614 0000 474E5520 		.ascii	"GNU C11 5.4.1 20160609 (release) [ARM/embedded-5-br"
 614      43313120 
 614      352E342E 
 614      31203230 
 614      31363036 
 615 0033 616E6368 		.ascii	"anch revision 237715] -mcpu=cortex-m3 -mthumb -g -O"
 615      20726576 
 615      6973696F 
 615      6E203233 
 615      37373135 
 616 0066 30202D66 		.ascii	"0 -ffunction-sections -ffat-lto-objects\000"
 616      66756E63 
 616      74696F6E 
 616      2D736563 
 616      74696F6E 
 617              	.LASF16:
 618 008e 76616C75 		.ascii	"value\000"
 618      6500
 619              	.LASF23:
 620 0094 73746174 		.ascii	"staticBits\000"
 620      69634269 
 620      747300
 621              	.LASF9:
 622 009f 666C6F61 		.ascii	"float\000"
 622      7400
 623              	.LASF14:
 624 00a5 5647415F 		.ascii	"VGA_Write\000"
 624      57726974 
 624      6500
 625              	.LASF1:
 626 00af 756E7369 		.ascii	"unsigned char\000"
 626      676E6564 
ARM GAS  C:\Users\AHMADN~1\AppData\Local\Temp\cctEJpZm.s 			page 15


 626      20636861 
 626      7200
 627              	.LASF13:
 628 00bd 72656738 		.ascii	"reg8\000"
 628      00
 629              	.LASF5:
 630 00c2 6C6F6E67 		.ascii	"long unsigned int\000"
 630      20756E73 
 630      69676E65 
 630      6420696E 
 630      7400
 631              	.LASF3:
 632 00d4 73686F72 		.ascii	"short unsigned int\000"
 632      7420756E 
 632      7369676E 
 632      65642069 
 632      6E7400
 633              	.LASF22:
 634 00e7 433A5C55 		.ascii	"C:\\Users\\Ahmad Negm\\Desktop\\6.115\\FP\\psoc_vga"
 634      73657273 
 634      5C41686D 
 634      6164204E 
 634      65676D5C 
 635 0114 5F70726F 		.ascii	"_project final\\vga.cydsn\000"
 635      6A656374 
 635      2066696E 
 635      616C5C76 
 635      67612E63 
 636              	.LASF19:
 637 012d 5647415F 		.ascii	"VGA_ReadDataReg\000"
 637      52656164 
 637      44617461 
 637      52656700 
 638              	.LASF10:
 639 013d 646F7562 		.ascii	"double\000"
 639      6C6500
 640              	.LASF8:
 641 0144 756E7369 		.ascii	"unsigned int\000"
 641      676E6564 
 641      20696E74 
 641      00
 642              	.LASF7:
 643 0151 6C6F6E67 		.ascii	"long long unsigned int\000"
 643      206C6F6E 
 643      6720756E 
 643      7369676E 
 643      65642069 
 644              	.LASF15:
 645 0168 5647415F 		.ascii	"VGA_SetDriveMode\000"
 645      53657444 
 645      72697665 
 645      4D6F6465 
 645      00
 646              	.LASF17:
 647 0179 6D6F6465 		.ascii	"mode\000"
 647      00
 648              	.LASF18:
ARM GAS  C:\Users\AHMADN~1\AppData\Local\Temp\cctEJpZm.s 			page 16


 649 017e 5647415F 		.ascii	"VGA_Read\000"
 649      52656164 
 649      00
 650              	.LASF6:
 651 0187 6C6F6E67 		.ascii	"long long int\000"
 651      206C6F6E 
 651      6720696E 
 651      7400
 652              	.LASF11:
 653 0195 63686172 		.ascii	"char\000"
 653      00
 654              	.LASF2:
 655 019a 73686F72 		.ascii	"short int\000"
 655      7420696E 
 655      7400
 656              	.LASF12:
 657 01a4 75696E74 		.ascii	"uint8\000"
 657      3800
 658              	.LASF4:
 659 01aa 6C6F6E67 		.ascii	"long int\000"
 659      20696E74 
 659      00
 660              	.LASF21:
 661 01b3 47656E65 		.ascii	"Generated_Source\\PSoC5\\VGA.c\000"
 661      72617465 
 661      645F536F 
 661      75726365 
 661      5C50536F 
 662              	.LASF0:
 663 01d0 7369676E 		.ascii	"signed char\000"
 663      65642063 
 663      68617200 
 664              		.ident	"GCC: (GNU Tools for ARM Embedded Processors) 5.4.1 20160609 (release) [ARM/embedded-5-bran
