Loading plugins phase: Elapsed time ==> 0s.119ms
<CYPRESSTAG name="CyDsfit arguments...">
cydsfit arguments: -.fdsnotice -.fdswarpdepfile=warp_dependencies.txt -.fdselabdepfile=elab_dependencies.txt -.fdsbldfile=generated_files.txt -.fdsreffile=referenced_files.txt -p C:\Users\Ahmad Negm\Desktop\6.115\FP\psoc_second_device_project final\psoc_second_device_project final.cydsn\psoc_second_device_project final.cyprj -d CY8C5868AXI-LP032 -s C:\Users\Ahmad Negm\Desktop\6.115\FP\psoc_second_device_project final\psoc_second_device_project final.cydsn\Generated_Source\PSoC5 -- -yv2 -q10 -ygs -o2 -v3 -.fftcfgtype=LE
</CYPRESSTAG>
<CYPRESSTAG name="Design elaboration results...">
</CYPRESSTAG>
Elaboration phase: Elapsed time ==> 1s.235ms
<CYPRESSTAG name="HDL generation results...">
</CYPRESSTAG>
HDL generation phase: Elapsed time ==> 0s.023ms
<CYPRESSTAG name="Synthesis results...">

     | | | | | | |
   _________________
  -|               |-
  -|               |-
  -|               |-
  -|    CYPRESS    |-
  -|               |-
  -|               |-   Warp Verilog Synthesis Compiler: Version 6.3 IR 41
  -|               |-   Copyright (C) 1991-2001 Cypress Semiconductor
   |_______________|
     | | | | | | |

======================================================================
Compiling:  psoc_second_device_project final.v
Program  :   C:\Program Files (x86)\Cypress\PSoC Creator\4.3\PSoC Creator\warp\bin\warp.exe
Options  :    -yv2 -q10 -ygs -o2 -v3 -.fftcfgtype=LE -ya -.fftprj=C:\Users\Ahmad Negm\Desktop\6.115\FP\psoc_second_device_project final\psoc_second_device_project final.cydsn\psoc_second_device_project final.cyprj -dcpsoc3 psoc_second_device_project final.v -verilog
======================================================================

======================================================================
Compiling:  psoc_second_device_project final.v
Program  :   C:\Program Files (x86)\Cypress\PSoC Creator\4.3\PSoC Creator\warp\bin\warp.exe
Options  :    -yv2 -q10 -ygs -o2 -v3 -.fftcfgtype=LE -ya -.fftprj=C:\Users\Ahmad Negm\Desktop\6.115\FP\psoc_second_device_project final\psoc_second_device_project final.cydsn\psoc_second_device_project final.cyprj -dcpsoc3 psoc_second_device_project final.v -verilog
======================================================================

======================================================================
Compiling:  psoc_second_device_project final.v
Program  :   vlogfe
Options  :    -yv2 -q10 -ygs -o2 -v3 -.fftcfgtype=LE -ya -.fftprj=C:\Users\Ahmad Negm\Desktop\6.115\FP\psoc_second_device_project final\psoc_second_device_project final.cydsn\psoc_second_device_project final.cyprj -dcpsoc3 -verilog psoc_second_device_project final.v
======================================================================

vlogfe V6.3 IR 41:  Verilog parser
Sun Aug 09 02:38:01 2020


======================================================================
Compiling:  psoc_second_device_project final.v
Program  :   vpp
Options  :    -yv2 -q10 psoc_second_device_project final.v
======================================================================

vpp V6.3 IR 41:  Verilog Pre-Processor
Sun Aug 09 02:38:01 2020

Flattening file 'C:\Program Files (x86)\Cypress\PSoC Creator\4.3\PSoC Creator\psoc\content\CyPrimitives\cyprimitives.cylib\cy_virtualmux_v1_0\cy_virtualmux_v1_0.v'
Flattening file 'C:\Program Files (x86)\Cypress\PSoC Creator\4.3\PSoC Creator\psoc\content\CyComponentLibrary\CyComponentLibrary.cylib\B_UART_v2_50\B_UART_v2_50.v'
Flattening file 'C:\Program Files (x86)\Cypress\PSoC Creator\4.3\PSoC Creator\warp\lib\common\cypress.v'
Flattening file 'C:\Program Files (x86)\Cypress\PSoC Creator\4.3\PSoC Creator\warp\lib\common\cy_psoc3_inc.v'

vpp:  No errors.

Library 'work' => directory 'lcpsoc3'
General_symbol_table
General_symbol_table
Linking 'C:\Program Files (x86)\Cypress\PSoC Creator\4.3\PSoC Creator\warp\lib\common\std.vhd'.
Linking 'C:\Program Files (x86)\Cypress\PSoC Creator\4.3\PSoC Creator\warp\lib\common\cypress.vhd'.
Linking 'C:\Program Files (x86)\Cypress\PSoC Creator\4.3\PSoC Creator\warp\lib\common\work\cypress.vif'.
Linking 'C:\Program Files (x86)\Cypress\PSoC Creator\4.3\PSoC Creator\warp\lib\ieee\work\stdlogic.vif'.
Linking 'C:\Program Files (x86)\Cypress\PSoC Creator\4.3\PSoC Creator\warp\lib\common\stdlogic\lpmpkg.vif'.
Linking 'C:\Program Files (x86)\Cypress\PSoC Creator\4.3\PSoC Creator\warp\lib\common\stdlogic\rtlpkg.vif'.
Linking 'C:\Program Files (x86)\Cypress\PSoC Creator\4.3\PSoC Creator\warp\lib\common\stdlogic\mod_cnst.vif'.
Linking 'C:\Program Files (x86)\Cypress\PSoC Creator\4.3\PSoC Creator\warp\lib\common\stdlogic\mod_mthv.vif'.
Linking 'C:\Program Files (x86)\Cypress\PSoC Creator\4.3\PSoC Creator\warp\lib\common\stdlogic\mod_genv.vif'.
Using control file 'psoc_second_device_project final.ctl'.
C:\Program Files (x86)\Cypress\PSoC Creator\4.3\PSoC Creator\psoc\content\CyComponentLibrary\CyComponentLibrary.cylib\B_UART_v2_50\B_UART_v2_50.v (line 1113, col 55):  Note: Substituting module 'add_vv_vv' for '+'.
C:\Program Files (x86)\Cypress\PSoC Creator\4.3\PSoC Creator\psoc\content\CyComponentLibrary\CyComponentLibrary.cylib\B_UART_v2_50\B_UART_v2_50.v (line 1122, col 48):  Note: Substituting module 'cmp_vv_vv' for '<'.
C:\Program Files (x86)\Cypress\PSoC Creator\4.3\PSoC Creator\psoc\content\CyComponentLibrary\CyComponentLibrary.cylib\B_UART_v2_50\B_UART_v2_50.v (line 1122, col 77):  Note: Substituting module 'cmp_vv_vv' for '<'.
C:\Program Files (x86)\Cypress\PSoC Creator\4.3\PSoC Creator\psoc\content\CyComponentLibrary\CyComponentLibrary.cylib\B_UART_v2_50\B_UART_v2_50.v (line 1389, col 59):  Note: Substituting module 'cmp_vv_vv' for '<'.
C:\Program Files (x86)\Cypress\PSoC Creator\4.3\PSoC Creator\psoc\content\CyComponentLibrary\CyComponentLibrary.cylib\B_UART_v2_50\B_UART_v2_50.v (line 1424, col 61):  Note: Substituting module 'cmp_vv_vv' for '/='.
C:\Program Files (x86)\Cypress\PSoC Creator\4.3\PSoC Creator\psoc\content\CyComponentLibrary\CyComponentLibrary.cylib\B_UART_v2_50\B_UART_v2_50.v (line 1547, col 106):  Note: Substituting module 'cmp_vv_vv' for '<'.
C:\Program Files (x86)\Cypress\PSoC Creator\4.3\PSoC Creator\psoc\content\CyComponentLibrary\CyComponentLibrary.cylib\B_UART_v2_50\B_UART_v2_50.v (line 1603, col 68):  Note: Substituting module 'cmp_vv_vv' for '<'.
C:\Program Files (x86)\Cypress\PSoC Creator\4.3\PSoC Creator\psoc\content\CyComponentLibrary\CyComponentLibrary.cylib\B_UART_v2_50\B_UART_v2_50.v (line 1604, col 68):  Note: Substituting module 'cmp_vv_vv' for '<'.
Linking 'C:\Program Files (x86)\Cypress\PSoC Creator\4.3\PSoC Creator\warp\lib\common\stdlogic\cy_psoc3pkg.vif'.
Linking 'C:\Program Files (x86)\Cypress\PSoC Creator\4.3\PSoC Creator\warp\lib\common\stdlogic\cy_psoc3.vif'.

vlogfe:  No errors.


======================================================================
Compiling:  psoc_second_device_project final.v
Program  :   tovif
Options  :    -yv2 -q10 -ygs -o2 -v3 -.fftcfgtype=LE -ya -.fftprj=C:\Users\Ahmad Negm\Desktop\6.115\FP\psoc_second_device_project final\psoc_second_device_project final.cydsn\psoc_second_device_project final.cyprj -dcpsoc3 -verilog psoc_second_device_project final.v
======================================================================

tovif V6.3 IR 41:  High-level synthesis
Sun Aug 09 02:38:01 2020

Linking 'C:\Program Files (x86)\Cypress\PSoC Creator\4.3\PSoC Creator\warp\lib\common\std.vhd'.
Linking 'C:\Program Files (x86)\Cypress\PSoC Creator\4.3\PSoC Creator\warp\lib\common\cypress.vhd'.
Linking 'C:\Program Files (x86)\Cypress\PSoC Creator\4.3\PSoC Creator\warp\lib\common\work\cypress.vif'.
Linking 'C:\Program Files (x86)\Cypress\PSoC Creator\4.3\PSoC Creator\warp\lib\ieee\work\stdlogic.vif'.
Linking 'C:\Program Files (x86)\Cypress\PSoC Creator\4.3\PSoC Creator\warp\lib\common\stdlogic\lpmpkg.vif'.
Linking 'C:\Program Files (x86)\Cypress\PSoC Creator\4.3\PSoC Creator\warp\lib\common\stdlogic\rtlpkg.vif'.
Linking 'C:\Program Files (x86)\Cypress\PSoC Creator\4.3\PSoC Creator\warp\lib\common\stdlogic\mod_cnst.vif'.
Linking 'C:\Program Files (x86)\Cypress\PSoC Creator\4.3\PSoC Creator\warp\lib\common\stdlogic\mod_mthv.vif'.
Linking 'C:\Program Files (x86)\Cypress\PSoC Creator\4.3\PSoC Creator\warp\lib\common\stdlogic\mod_genv.vif'.
Linking 'C:\Users\Ahmad Negm\Desktop\6.115\FP\psoc_second_device_project final\psoc_second_device_project final.cydsn\codegentemp\psoc_second_device_project final.ctl'.
Linking 'C:\Program Files (x86)\Cypress\PSoC Creator\4.3\PSoC Creator\psoc\content\CyPrimitives\cyprimitives.cylib\cy_virtualmux_v1_0\cy_virtualmux_v1_0.v'.
Linking 'C:\Users\Ahmad Negm\Desktop\6.115\FP\psoc_second_device_project final\psoc_second_device_project final.cydsn\codegentemp\psoc_second_device_project final.v'.
Linking 'C:\Program Files (x86)\Cypress\PSoC Creator\4.3\PSoC Creator\psoc\content\CyComponentLibrary\CyComponentLibrary.cylib\B_UART_v2_50\B_UART_v2_50.v'.
Linking 'C:\Program Files (x86)\Cypress\PSoC Creator\4.3\PSoC Creator\warp\lib\common\cypress.v'.
Linking 'C:\Program Files (x86)\Cypress\PSoC Creator\4.3\PSoC Creator\warp\lib\common\cy_psoc3_inc.v'.
Linking 'C:\Program Files (x86)\Cypress\PSoC Creator\4.3\PSoC Creator\warp\lib\common\stdlogic\cy_psoc3pkg.vif'.
Linking 'C:\Program Files (x86)\Cypress\PSoC Creator\4.3\PSoC Creator\warp\lib\common\stdlogic\cy_psoc3.vif'.
Linking 'C:\Program Files (x86)\Cypress\PSoC Creator\4.3\PSoC Creator\warp\lib\lcpsoc3\stdlogic\mod_cnst.vif'.
Linking 'C:\Program Files (x86)\Cypress\PSoC Creator\4.3\PSoC Creator\warp\lib\common\stdlogic\mcompare.vif'.

tovif:  No errors.


======================================================================
Compiling:  psoc_second_device_project final.v
Program  :   topld
Options  :    -yv2 -q10 -ygs -o2 -v3 -.fftcfgtype=LE -ya -.fftprj=C:\Users\Ahmad Negm\Desktop\6.115\FP\psoc_second_device_project final\psoc_second_device_project final.cydsn\psoc_second_device_project final.cyprj -dcpsoc3 -verilog psoc_second_device_project final.v
======================================================================

topld V6.3 IR 41:  Synthesis and optimization
Sun Aug 09 02:38:01 2020

Linking 'C:\Program Files (x86)\Cypress\PSoC Creator\4.3\PSoC Creator\warp\lib\common\std.vhd'.
Linking 'C:\Program Files (x86)\Cypress\PSoC Creator\4.3\PSoC Creator\warp\lib\common\cypress.vhd'.
Linking 'C:\Program Files (x86)\Cypress\PSoC Creator\4.3\PSoC Creator\warp\lib\common\work\cypress.vif'.
Linking 'C:\Program Files (x86)\Cypress\PSoC Creator\4.3\PSoC Creator\warp\lib\ieee\work\stdlogic.vif'.
Linking 'C:\Program Files (x86)\Cypress\PSoC Creator\4.3\PSoC Creator\warp\lib\common\stdlogic\lpmpkg.vif'.
Linking 'C:\Program Files (x86)\Cypress\PSoC Creator\4.3\PSoC Creator\warp\lib\common\stdlogic\rtlpkg.vif'.
Linking 'C:\Program Files (x86)\Cypress\PSoC Creator\4.3\PSoC Creator\warp\lib\common\stdlogic\mod_cnst.vif'.
Linking 'C:\Program Files (x86)\Cypress\PSoC Creator\4.3\PSoC Creator\warp\lib\common\stdlogic\mod_mthv.vif'.
Linking 'C:\Program Files (x86)\Cypress\PSoC Creator\4.3\PSoC Creator\warp\lib\common\stdlogic\mod_genv.vif'.
Linking 'C:\Users\Ahmad Negm\Desktop\6.115\FP\psoc_second_device_project final\psoc_second_device_project final.cydsn\codegentemp\psoc_second_device_project final.ctl'.
Linking 'C:\Program Files (x86)\Cypress\PSoC Creator\4.3\PSoC Creator\psoc\content\CyPrimitives\cyprimitives.cylib\cy_virtualmux_v1_0\cy_virtualmux_v1_0.v'.
Linking 'C:\Users\Ahmad Negm\Desktop\6.115\FP\psoc_second_device_project final\psoc_second_device_project final.cydsn\codegentemp\psoc_second_device_project final.v'.
Linking 'C:\Program Files (x86)\Cypress\PSoC Creator\4.3\PSoC Creator\psoc\content\CyComponentLibrary\CyComponentLibrary.cylib\B_UART_v2_50\B_UART_v2_50.v'.
Linking 'C:\Program Files (x86)\Cypress\PSoC Creator\4.3\PSoC Creator\warp\lib\common\cypress.v'.
Linking 'C:\Program Files (x86)\Cypress\PSoC Creator\4.3\PSoC Creator\warp\lib\common\cy_psoc3_inc.v'.
Linking 'C:\Program Files (x86)\Cypress\PSoC Creator\4.3\PSoC Creator\warp\lib\common\stdlogic\cy_psoc3pkg.vif'.
Linking 'C:\Program Files (x86)\Cypress\PSoC Creator\4.3\PSoC Creator\warp\lib\common\stdlogic\cy_psoc3.vif'.
Linking 'C:\Program Files (x86)\Cypress\PSoC Creator\4.3\PSoC Creator\warp\lib\lcpsoc3\stdlogic\mod_cnst.vif'.
Linking 'C:\Program Files (x86)\Cypress\PSoC Creator\4.3\PSoC Creator\warp\lib\common\stdlogic\mcompare.vif'.
Linking 'C:\Program Files (x86)\Cypress\PSoC Creator\4.3\PSoC Creator\warp\lib\lcpsoc3\stdlogic\cpsoc3.vif'.

----------------------------------------------------------
Detecting unused logic.
----------------------------------------------------------
    User names
	\UART:BUART:tx_hd_send_break\
	\UART:BUART:tx_ctrl_mark\
	\UART:BUART:reset_sr\
	Net_14
	Net_8
	Net_9
	\UART:BUART:sRX:s23Poll:MODULE_1:g2:a0:b_1\
	\UART:BUART:sRX:s23Poll:MODULE_1:g2:a0:b_0\
	\UART:BUART:sRX:s23Poll:MODULE_2:g2:a0:gta_0\
	\UART:BUART:sRX:s23Poll:MODULE_3:g2:a0:gta_0\
	Net_3
	\UART:BUART:sRX:MODULE_4:g2:a0:gta_0\
	\UART:BUART:sRX:MODULE_5:g1:a0:gx:u0:albi_1\
	\UART:BUART:sRX:MODULE_5:g1:a0:gx:u0:agbi_1\
	\UART:BUART:sRX:MODULE_5:g1:a0:gx:u0:lt_0\
	\UART:BUART:sRX:MODULE_5:g1:a0:gx:u0:gt_0\
	\UART:BUART:sRX:MODULE_5:g1:a0:gx:u0:lti_0\
	\UART:BUART:sRX:MODULE_5:g1:a0:gx:u0:gti_0\
	\UART:BUART:sRX:MODULE_5:g1:a0:gx:u0:albi_0\
	\UART:BUART:sRX:MODULE_5:g1:a0:gx:u0:agbi_0\
	\UART:BUART:sRX:MODULE_5:g1:a0:xeq\
	\UART:BUART:sRX:MODULE_5:g1:a0:xlt\
	\UART:BUART:sRX:MODULE_5:g1:a0:xlte\
	\UART:BUART:sRX:MODULE_5:g1:a0:xgt\
	\UART:BUART:sRX:MODULE_5:g1:a0:xgte\
	\UART:BUART:sRX:MODULE_5:lt\
	\UART:BUART:sRX:MODULE_5:eq\
	\UART:BUART:sRX:MODULE_5:gt\
	\UART:BUART:sRX:MODULE_5:gte\
	\UART:BUART:sRX:MODULE_5:lte\


Deleted 30 User equations/components.
Deleted 0 Synthesized equations/components.

------------------------------------------------------
Alias Detection
------------------------------------------------------
Aliasing \UART:BUART:FinalParityType_1\ to \UART:BUART:HalfDuplexSend\
Aliasing \UART:BUART:FinalParityType_0\ to \UART:BUART:HalfDuplexSend\
Aliasing \UART:BUART:FinalAddrMode_2\ to \UART:BUART:HalfDuplexSend\
Aliasing \UART:BUART:FinalAddrMode_1\ to \UART:BUART:HalfDuplexSend\
Aliasing \UART:BUART:FinalAddrMode_0\ to \UART:BUART:HalfDuplexSend\
Aliasing zero to \UART:BUART:HalfDuplexSend\
Aliasing \UART:BUART:rx_count7_bit8_wire\ to \UART:BUART:HalfDuplexSend\
Aliasing \UART:BUART:sRX:s23Poll:MODULE_1:g2:a0:g1:z1:s0:g1:u0:b_0\ to one
Aliasing \UART:BUART:sRX:s23Poll:MODIN2_1\ to \UART:BUART:sRX:s23Poll:MODIN1_1\
Aliasing \UART:BUART:sRX:s23Poll:MODIN2_0\ to \UART:BUART:sRX:s23Poll:MODIN1_0\
Aliasing \UART:BUART:sRX:s23Poll:MODULE_2:g2:a0:newb_1\ to \UART:BUART:HalfDuplexSend\
Aliasing \UART:BUART:sRX:s23Poll:MODULE_2:g2:a0:newb_0\ to one
Aliasing \UART:BUART:sRX:s23Poll:MODIN3_1\ to \UART:BUART:sRX:s23Poll:MODIN1_1\
Aliasing \UART:BUART:sRX:s23Poll:MODIN3_0\ to \UART:BUART:sRX:s23Poll:MODIN1_0\
Aliasing \UART:BUART:sRX:s23Poll:MODULE_3:g2:a0:newb_1\ to one
Aliasing \UART:BUART:sRX:s23Poll:MODULE_3:g2:a0:newb_0\ to \UART:BUART:HalfDuplexSend\
Aliasing \UART:BUART:rx_status_1\ to \UART:BUART:HalfDuplexSend\
Aliasing \UART:BUART:sRX:MODULE_4:g2:a0:newa_6\ to \UART:BUART:HalfDuplexSend\
Aliasing \UART:BUART:sRX:MODULE_4:g2:a0:newa_5\ to \UART:BUART:HalfDuplexSend\
Aliasing \UART:BUART:sRX:MODULE_4:g2:a0:newa_4\ to \UART:BUART:HalfDuplexSend\
Aliasing \UART:BUART:sRX:MODULE_4:g2:a0:newb_6\ to \UART:BUART:HalfDuplexSend\
Aliasing \UART:BUART:sRX:MODULE_4:g2:a0:newb_5\ to \UART:BUART:HalfDuplexSend\
Aliasing \UART:BUART:sRX:MODULE_4:g2:a0:newb_4\ to \UART:BUART:HalfDuplexSend\
Aliasing \UART:BUART:sRX:MODULE_4:g2:a0:newb_3\ to \UART:BUART:HalfDuplexSend\
Aliasing \UART:BUART:sRX:MODULE_4:g2:a0:newb_2\ to one
Aliasing \UART:BUART:sRX:MODULE_4:g2:a0:newb_1\ to one
Aliasing \UART:BUART:sRX:MODULE_4:g2:a0:newb_0\ to \UART:BUART:HalfDuplexSend\
Aliasing \UART:BUART:sRX:MODULE_5:g1:a0:gx:u0:aeqb_0\ to one
Aliasing tmpOE__Rx_net_0 to one
Aliasing \LCD_Char_1:tmpOE__LCDPort_net_6\ to one
Aliasing \LCD_Char_1:tmpOE__LCDPort_net_5\ to one
Aliasing \LCD_Char_1:tmpOE__LCDPort_net_4\ to one
Aliasing \LCD_Char_1:tmpOE__LCDPort_net_3\ to one
Aliasing \LCD_Char_1:tmpOE__LCDPort_net_2\ to one
Aliasing \LCD_Char_1:tmpOE__LCDPort_net_1\ to one
Aliasing \LCD_Char_1:tmpOE__LCDPort_net_0\ to one
Aliasing \UART:BUART:reset_reg\\D\ to \UART:BUART:HalfDuplexSend\
Aliasing \UART:BUART:rx_break_status\\D\ to \UART:BUART:HalfDuplexSend\
Removing Lhs of wire \UART:Net_61\[2] = \UART:Net_9\[1]
Removing Lhs of wire \UART:BUART:FinalParityType_1\[9] = \UART:BUART:HalfDuplexSend\[8]
Removing Lhs of wire \UART:BUART:FinalParityType_0\[10] = \UART:BUART:HalfDuplexSend\[8]
Removing Lhs of wire \UART:BUART:FinalAddrMode_2\[11] = \UART:BUART:HalfDuplexSend\[8]
Removing Lhs of wire \UART:BUART:FinalAddrMode_1\[12] = \UART:BUART:HalfDuplexSend\[8]
Removing Lhs of wire \UART:BUART:FinalAddrMode_0\[13] = \UART:BUART:HalfDuplexSend\[8]
Removing Rhs of wire zero[30] = \UART:BUART:HalfDuplexSend\[8]
Removing Lhs of wire \UART:BUART:rx_count7_bit8_wire\[76] = zero[30]
Removing Lhs of wire \UART:BUART:sRX:s23Poll:add_vv_vv_MODGEN_1_1\[84] = \UART:BUART:sRX:s23Poll:MODULE_1:g2:a0:s_1\[95]
Removing Lhs of wire \UART:BUART:sRX:s23Poll:add_vv_vv_MODGEN_1_0\[86] = \UART:BUART:sRX:s23Poll:MODULE_1:g2:a0:s_0\[96]
Removing Lhs of wire \UART:BUART:sRX:s23Poll:cmp_vv_vv_MODGEN_2\[87] = \UART:BUART:sRX:s23Poll:MODULE_2:g2:a0:lta_0\[112]
Removing Lhs of wire \UART:BUART:sRX:s23Poll:cmp_vv_vv_MODGEN_3\[88] = \UART:BUART:sRX:s23Poll:MODULE_3:g2:a0:lta_0\[126]
Removing Lhs of wire \UART:BUART:sRX:s23Poll:MODULE_1:g2:a0:a_1\[89] = \UART:BUART:sRX:s23Poll:MODIN1_1\[90]
Removing Lhs of wire \UART:BUART:sRX:s23Poll:MODIN1_1\[90] = \UART:BUART:pollcount_1\[82]
Removing Lhs of wire \UART:BUART:sRX:s23Poll:MODULE_1:g2:a0:a_0\[91] = \UART:BUART:sRX:s23Poll:MODIN1_0\[92]
Removing Lhs of wire \UART:BUART:sRX:s23Poll:MODIN1_0\[92] = \UART:BUART:pollcount_0\[85]
Removing Lhs of wire \UART:BUART:sRX:s23Poll:MODULE_1:g2:a0:g1:z1:s0:g1:u0:c_0\[98] = one[4]
Removing Lhs of wire \UART:BUART:sRX:s23Poll:MODULE_1:g2:a0:g1:z1:s0:g1:u0:b_0\[99] = one[4]
Removing Lhs of wire \UART:BUART:sRX:s23Poll:MODULE_2:g2:a0:newa_1\[100] = \UART:BUART:pollcount_1\[82]
Removing Lhs of wire \UART:BUART:sRX:s23Poll:MODIN2_1\[101] = \UART:BUART:pollcount_1\[82]
Removing Lhs of wire \UART:BUART:sRX:s23Poll:MODULE_2:g2:a0:newa_0\[102] = \UART:BUART:pollcount_0\[85]
Removing Lhs of wire \UART:BUART:sRX:s23Poll:MODIN2_0\[103] = \UART:BUART:pollcount_0\[85]
Removing Lhs of wire \UART:BUART:sRX:s23Poll:MODULE_2:g2:a0:newb_1\[104] = zero[30]
Removing Lhs of wire \UART:BUART:sRX:s23Poll:MODULE_2:g2:a0:newb_0\[105] = one[4]
Removing Lhs of wire \UART:BUART:sRX:s23Poll:MODULE_2:g2:a0:dataa_1\[106] = \UART:BUART:pollcount_1\[82]
Removing Lhs of wire \UART:BUART:sRX:s23Poll:MODULE_2:g2:a0:dataa_0\[107] = \UART:BUART:pollcount_0\[85]
Removing Lhs of wire \UART:BUART:sRX:s23Poll:MODULE_2:g2:a0:datab_1\[108] = zero[30]
Removing Lhs of wire \UART:BUART:sRX:s23Poll:MODULE_2:g2:a0:datab_0\[109] = one[4]
Removing Lhs of wire \UART:BUART:sRX:s23Poll:MODULE_3:g2:a0:newa_1\[114] = \UART:BUART:pollcount_1\[82]
Removing Lhs of wire \UART:BUART:sRX:s23Poll:MODIN3_1\[115] = \UART:BUART:pollcount_1\[82]
Removing Lhs of wire \UART:BUART:sRX:s23Poll:MODULE_3:g2:a0:newa_0\[116] = \UART:BUART:pollcount_0\[85]
Removing Lhs of wire \UART:BUART:sRX:s23Poll:MODIN3_0\[117] = \UART:BUART:pollcount_0\[85]
Removing Lhs of wire \UART:BUART:sRX:s23Poll:MODULE_3:g2:a0:newb_1\[118] = one[4]
Removing Lhs of wire \UART:BUART:sRX:s23Poll:MODULE_3:g2:a0:newb_0\[119] = zero[30]
Removing Lhs of wire \UART:BUART:sRX:s23Poll:MODULE_3:g2:a0:dataa_1\[120] = \UART:BUART:pollcount_1\[82]
Removing Lhs of wire \UART:BUART:sRX:s23Poll:MODULE_3:g2:a0:dataa_0\[121] = \UART:BUART:pollcount_0\[85]
Removing Lhs of wire \UART:BUART:sRX:s23Poll:MODULE_3:g2:a0:datab_1\[122] = one[4]
Removing Lhs of wire \UART:BUART:sRX:s23Poll:MODULE_3:g2:a0:datab_0\[123] = zero[30]
Removing Lhs of wire \UART:BUART:rx_status_1\[130] = zero[30]
Removing Rhs of wire \UART:BUART:rx_status_2\[131] = \UART:BUART:rx_parity_error_status\[132]
Removing Rhs of wire \UART:BUART:rx_status_3\[133] = \UART:BUART:rx_stop_bit_error\[134]
Removing Lhs of wire \UART:BUART:sRX:cmp_vv_vv_MODGEN_4\[144] = \UART:BUART:sRX:MODULE_4:g2:a0:lta_0\[193]
Removing Lhs of wire \UART:BUART:sRX:cmp_vv_vv_MODGEN_5\[148] = \UART:BUART:sRX:MODULE_5:g1:a0:xneq\[215]
Removing Lhs of wire \UART:BUART:sRX:MODULE_4:g2:a0:newa_6\[149] = zero[30]
Removing Lhs of wire \UART:BUART:sRX:MODULE_4:g2:a0:newa_5\[150] = zero[30]
Removing Lhs of wire \UART:BUART:sRX:MODULE_4:g2:a0:newa_4\[151] = zero[30]
Removing Lhs of wire \UART:BUART:sRX:MODULE_4:g2:a0:newa_3\[152] = \UART:BUART:sRX:MODIN4_6\[153]
Removing Lhs of wire \UART:BUART:sRX:MODIN4_6\[153] = \UART:BUART:rx_count_6\[71]
Removing Lhs of wire \UART:BUART:sRX:MODULE_4:g2:a0:newa_2\[154] = \UART:BUART:sRX:MODIN4_5\[155]
Removing Lhs of wire \UART:BUART:sRX:MODIN4_5\[155] = \UART:BUART:rx_count_5\[72]
Removing Lhs of wire \UART:BUART:sRX:MODULE_4:g2:a0:newa_1\[156] = \UART:BUART:sRX:MODIN4_4\[157]
Removing Lhs of wire \UART:BUART:sRX:MODIN4_4\[157] = \UART:BUART:rx_count_4\[73]
Removing Lhs of wire \UART:BUART:sRX:MODULE_4:g2:a0:newa_0\[158] = \UART:BUART:sRX:MODIN4_3\[159]
Removing Lhs of wire \UART:BUART:sRX:MODIN4_3\[159] = \UART:BUART:rx_count_3\[74]
Removing Lhs of wire \UART:BUART:sRX:MODULE_4:g2:a0:newb_6\[160] = zero[30]
Removing Lhs of wire \UART:BUART:sRX:MODULE_4:g2:a0:newb_5\[161] = zero[30]
Removing Lhs of wire \UART:BUART:sRX:MODULE_4:g2:a0:newb_4\[162] = zero[30]
Removing Lhs of wire \UART:BUART:sRX:MODULE_4:g2:a0:newb_3\[163] = zero[30]
Removing Lhs of wire \UART:BUART:sRX:MODULE_4:g2:a0:newb_2\[164] = one[4]
Removing Lhs of wire \UART:BUART:sRX:MODULE_4:g2:a0:newb_1\[165] = one[4]
Removing Lhs of wire \UART:BUART:sRX:MODULE_4:g2:a0:newb_0\[166] = zero[30]
Removing Lhs of wire \UART:BUART:sRX:MODULE_4:g2:a0:dataa_6\[167] = zero[30]
Removing Lhs of wire \UART:BUART:sRX:MODULE_4:g2:a0:dataa_5\[168] = zero[30]
Removing Lhs of wire \UART:BUART:sRX:MODULE_4:g2:a0:dataa_4\[169] = zero[30]
Removing Lhs of wire \UART:BUART:sRX:MODULE_4:g2:a0:dataa_3\[170] = \UART:BUART:rx_count_6\[71]
Removing Lhs of wire \UART:BUART:sRX:MODULE_4:g2:a0:dataa_2\[171] = \UART:BUART:rx_count_5\[72]
Removing Lhs of wire \UART:BUART:sRX:MODULE_4:g2:a0:dataa_1\[172] = \UART:BUART:rx_count_4\[73]
Removing Lhs of wire \UART:BUART:sRX:MODULE_4:g2:a0:dataa_0\[173] = \UART:BUART:rx_count_3\[74]
Removing Lhs of wire \UART:BUART:sRX:MODULE_4:g2:a0:datab_6\[174] = zero[30]
Removing Lhs of wire \UART:BUART:sRX:MODULE_4:g2:a0:datab_5\[175] = zero[30]
Removing Lhs of wire \UART:BUART:sRX:MODULE_4:g2:a0:datab_4\[176] = zero[30]
Removing Lhs of wire \UART:BUART:sRX:MODULE_4:g2:a0:datab_3\[177] = zero[30]
Removing Lhs of wire \UART:BUART:sRX:MODULE_4:g2:a0:datab_2\[178] = one[4]
Removing Lhs of wire \UART:BUART:sRX:MODULE_4:g2:a0:datab_1\[179] = one[4]
Removing Lhs of wire \UART:BUART:sRX:MODULE_4:g2:a0:datab_0\[180] = zero[30]
Removing Lhs of wire \UART:BUART:sRX:MODULE_5:g1:a0:newa_0\[195] = \UART:BUART:rx_postpoll\[29]
Removing Lhs of wire \UART:BUART:sRX:MODULE_5:g1:a0:newb_0\[196] = \UART:BUART:rx_parity_bit\[147]
Removing Lhs of wire \UART:BUART:sRX:MODULE_5:g1:a0:dataa_0\[197] = \UART:BUART:rx_postpoll\[29]
Removing Lhs of wire \UART:BUART:sRX:MODULE_5:g1:a0:datab_0\[198] = \UART:BUART:rx_parity_bit\[147]
Removing Lhs of wire \UART:BUART:sRX:MODULE_5:g1:a0:gx:u0:a_0\[199] = \UART:BUART:rx_postpoll\[29]
Removing Lhs of wire \UART:BUART:sRX:MODULE_5:g1:a0:gx:u0:b_0\[200] = \UART:BUART:rx_parity_bit\[147]
Removing Lhs of wire \UART:BUART:sRX:MODULE_5:g1:a0:gx:u0:aeqb_0\[202] = one[4]
Removing Lhs of wire \UART:BUART:sRX:MODULE_5:g1:a0:gx:u0:eq_0\[203] = \UART:BUART:sRX:MODULE_5:g1:a0:gx:u0:xnor_array_0\[201]
Removing Lhs of wire \UART:BUART:sRX:MODULE_5:g1:a0:gx:u0:eqi_0\[204] = \UART:BUART:sRX:MODULE_5:g1:a0:gx:u0:xnor_array_0\[201]
Removing Lhs of wire tmpOE__Rx_net_0[226] = one[4]
Removing Lhs of wire \LCD_Char_1:tmpOE__LCDPort_net_6\[231] = one[4]
Removing Lhs of wire \LCD_Char_1:tmpOE__LCDPort_net_5\[232] = one[4]
Removing Lhs of wire \LCD_Char_1:tmpOE__LCDPort_net_4\[233] = one[4]
Removing Lhs of wire \LCD_Char_1:tmpOE__LCDPort_net_3\[234] = one[4]
Removing Lhs of wire \LCD_Char_1:tmpOE__LCDPort_net_2\[235] = one[4]
Removing Lhs of wire \LCD_Char_1:tmpOE__LCDPort_net_1\[236] = one[4]
Removing Lhs of wire \LCD_Char_1:tmpOE__LCDPort_net_0\[237] = one[4]
Removing Lhs of wire \UART:BUART:reset_reg\\D\[254] = zero[30]
Removing Lhs of wire \UART:BUART:rx_bitclk\\D\[260] = \UART:BUART:rx_bitclk_pre\[65]
Removing Lhs of wire \UART:BUART:rx_parity_error_pre\\D\[269] = \UART:BUART:rx_parity_error_pre\[142]
Removing Lhs of wire \UART:BUART:rx_break_status\\D\[270] = zero[30]

------------------------------------------------------
Aliased 0 equations, 96 wires.
------------------------------------------------------

----------------------------------------------------------
Circuit simplification
----------------------------------------------------------

Substituting virtuals - pass 1:

Note:  Expanding virtual equation for 'one' (cost = 0):
one <=  ('1') ;

Note:  Expanding virtual equation for 'zero' (cost = 0):
zero <=  ('0') ;

Note:  Expanding virtual equation for '\UART:BUART:rx_addressmatch\' (cost = 0):
\UART:BUART:rx_addressmatch\ <= (\UART:BUART:rx_addressmatch2\
	OR \UART:BUART:rx_addressmatch1\);

Note:  Expanding virtual equation for '\UART:BUART:rx_bitclk_pre\' (cost = 1):
\UART:BUART:rx_bitclk_pre\ <= ((not \UART:BUART:rx_count_2\ and not \UART:BUART:rx_count_1\ and not \UART:BUART:rx_count_0\));

Note:  Expanding virtual equation for '\UART:BUART:rx_bitclk_pre16x\' (cost = 0):
\UART:BUART:rx_bitclk_pre16x\ <= ((not \UART:BUART:rx_count_2\ and \UART:BUART:rx_count_1\ and \UART:BUART:rx_count_0\));

Note:  Expanding virtual equation for '\UART:BUART:rx_poll_bit1\' (cost = 1):
\UART:BUART:rx_poll_bit1\ <= ((not \UART:BUART:rx_count_2\ and not \UART:BUART:rx_count_1\ and \UART:BUART:rx_count_0\));

Note:  Expanding virtual equation for '\UART:BUART:rx_poll_bit2\' (cost = 1):
\UART:BUART:rx_poll_bit2\ <= ((not \UART:BUART:rx_count_2\ and not \UART:BUART:rx_count_1\ and not \UART:BUART:rx_count_0\));

Note:  Expanding virtual equation for '\UART:BUART:pollingrange\' (cost = 4):
\UART:BUART:pollingrange\ <= ((not \UART:BUART:rx_count_2\ and not \UART:BUART:rx_count_1\));

Note:  Expanding virtual equation for '\UART:BUART:sRX:s23Poll:MODULE_1:g2:a0:g1:z1:s0:g1:u0:c_1\' (cost = 0):
\UART:BUART:sRX:s23Poll:MODULE_1:g2:a0:g1:z1:s0:g1:u0:c_1\ <= (\UART:BUART:pollcount_0\);

Note:  Expanding virtual equation for '\UART:BUART:sRX:s23Poll:MODULE_1:g2:a0:s_0\' (cost = 0):
\UART:BUART:sRX:s23Poll:MODULE_1:g2:a0:s_0\ <= (not \UART:BUART:pollcount_0\);

Note:  Expanding virtual equation for '\UART:BUART:sRX:s23Poll:MODULE_2:g2:a0:lta_1\' (cost = 0):
\UART:BUART:sRX:s23Poll:MODULE_2:g2:a0:lta_1\ <=  ('0') ;

Note:  Expanding virtual equation for '\UART:BUART:sRX:s23Poll:MODULE_2:g2:a0:gta_1\' (cost = 0):
\UART:BUART:sRX:s23Poll:MODULE_2:g2:a0:gta_1\ <= (\UART:BUART:pollcount_1\);

Note:  Expanding virtual equation for '\UART:BUART:sRX:s23Poll:MODULE_3:g2:a0:lta_1\' (cost = 0):
\UART:BUART:sRX:s23Poll:MODULE_3:g2:a0:lta_1\ <= (not \UART:BUART:pollcount_1\);

Note:  Expanding virtual equation for '\UART:BUART:sRX:s23Poll:MODULE_3:g2:a0:gta_1\' (cost = 0):
\UART:BUART:sRX:s23Poll:MODULE_3:g2:a0:gta_1\ <=  ('0') ;

Note:  Expanding virtual equation for '\UART:BUART:sRX:MODULE_4:g2:a0:lta_6\' (cost = 0):
\UART:BUART:sRX:MODULE_4:g2:a0:lta_6\ <=  ('0') ;

Note:  Expanding virtual equation for '\UART:BUART:sRX:MODULE_4:g2:a0:gta_6\' (cost = 0):
\UART:BUART:sRX:MODULE_4:g2:a0:gta_6\ <=  ('0') ;

Note:  Expanding virtual equation for '\UART:BUART:sRX:MODULE_4:g2:a0:lta_5\' (cost = 0):
\UART:BUART:sRX:MODULE_4:g2:a0:lta_5\ <=  ('0') ;

Note:  Expanding virtual equation for '\UART:BUART:sRX:MODULE_4:g2:a0:gta_5\' (cost = 0):
\UART:BUART:sRX:MODULE_4:g2:a0:gta_5\ <=  ('0') ;

Note:  Expanding virtual equation for '\UART:BUART:sRX:MODULE_4:g2:a0:lta_4\' (cost = 0):
\UART:BUART:sRX:MODULE_4:g2:a0:lta_4\ <=  ('0') ;

Note:  Expanding virtual equation for '\UART:BUART:sRX:MODULE_4:g2:a0:gta_4\' (cost = 0):
\UART:BUART:sRX:MODULE_4:g2:a0:gta_4\ <=  ('0') ;

Note:  Expanding virtual equation for '\UART:BUART:sRX:MODULE_4:g2:a0:lta_3\' (cost = 0):
\UART:BUART:sRX:MODULE_4:g2:a0:lta_3\ <=  ('0') ;

Note:  Expanding virtual equation for '\UART:BUART:sRX:MODULE_4:g2:a0:gta_3\' (cost = 0):
\UART:BUART:sRX:MODULE_4:g2:a0:gta_3\ <= (\UART:BUART:rx_count_6\);

Note:  Expanding virtual equation for '\UART:BUART:sRX:MODULE_4:g2:a0:lta_2\' (cost = 1):
\UART:BUART:sRX:MODULE_4:g2:a0:lta_2\ <= ((not \UART:BUART:rx_count_6\ and not \UART:BUART:rx_count_5\));

Note:  Expanding virtual equation for '\UART:BUART:sRX:MODULE_4:g2:a0:gta_2\' (cost = 0):
\UART:BUART:sRX:MODULE_4:g2:a0:gta_2\ <= (\UART:BUART:rx_count_6\);

Note:  Expanding virtual equation for '\UART:BUART:sRX:MODULE_4:g2:a0:lta_1\' (cost = 2):
\UART:BUART:sRX:MODULE_4:g2:a0:lta_1\ <= ((not \UART:BUART:rx_count_6\ and not \UART:BUART:rx_count_4\)
	OR (not \UART:BUART:rx_count_6\ and not \UART:BUART:rx_count_5\));

Note:  Expanding virtual equation for '\UART:BUART:sRX:MODULE_4:g2:a0:gta_1\' (cost = 0):
\UART:BUART:sRX:MODULE_4:g2:a0:gta_1\ <= (\UART:BUART:rx_count_6\);

Note:  Expanding virtual equation for '\UART:BUART:sRX:MODULE_4:g2:a0:lta_0\' (cost = 8):
\UART:BUART:sRX:MODULE_4:g2:a0:lta_0\ <= ((not \UART:BUART:rx_count_6\ and not \UART:BUART:rx_count_4\)
	OR (not \UART:BUART:rx_count_6\ and not \UART:BUART:rx_count_5\));


Substituting virtuals - pass 2:

Note:  Expanding virtual equation for '\UART:BUART:sRX:s23Poll:MODULE_2:g2:a0:lta_0\' (cost = 4):
\UART:BUART:sRX:s23Poll:MODULE_2:g2:a0:lta_0\ <= ((not \UART:BUART:pollcount_1\ and not \UART:BUART:pollcount_0\));

Note:  Expanding virtual equation for '\UART:BUART:sRX:s23Poll:MODULE_3:g2:a0:lta_0\' (cost = 0):
\UART:BUART:sRX:s23Poll:MODULE_3:g2:a0:lta_0\ <= (not \UART:BUART:pollcount_1\);

Note:  Expanding virtual equation for '\UART:BUART:sRX:s23Poll:MODULE_1:g2:a0:s_1\' (cost = 2):
\UART:BUART:sRX:s23Poll:MODULE_1:g2:a0:s_1\ <= ((not \UART:BUART:pollcount_0\ and \UART:BUART:pollcount_1\)
	OR (not \UART:BUART:pollcount_1\ and \UART:BUART:pollcount_0\));


Substituting virtuals - pass 3:

Note:  Expanding virtual equation for '\UART:BUART:rx_postpoll\' (cost = 72):
\UART:BUART:rx_postpoll\ <= (\UART:BUART:pollcount_1\
	OR (Net_7 and \UART:BUART:pollcount_0\));

Note:  Expanding virtual equation for '\UART:BUART:sRX:MODULE_5:g1:a0:gx:u0:xnor_array_0\' (cost = 4):
\UART:BUART:sRX:MODULE_5:g1:a0:gx:u0:xnor_array_0\ <= ((not \UART:BUART:pollcount_1\ and not Net_7 and not \UART:BUART:rx_parity_bit\)
	OR (not \UART:BUART:pollcount_1\ and not \UART:BUART:pollcount_0\ and not \UART:BUART:rx_parity_bit\)
	OR (\UART:BUART:pollcount_1\ and \UART:BUART:rx_parity_bit\)
	OR (Net_7 and \UART:BUART:pollcount_0\ and \UART:BUART:rx_parity_bit\));

Note:  Expanding virtual equation for '\UART:BUART:sRX:MODULE_5:g1:a0:gx:u0:aeqb_1\' (cost = 4):
\UART:BUART:sRX:MODULE_5:g1:a0:gx:u0:aeqb_1\ <= ((not \UART:BUART:pollcount_1\ and not Net_7 and not \UART:BUART:rx_parity_bit\)
	OR (not \UART:BUART:pollcount_1\ and not \UART:BUART:pollcount_0\ and not \UART:BUART:rx_parity_bit\)
	OR (\UART:BUART:pollcount_1\ and \UART:BUART:rx_parity_bit\)
	OR (Net_7 and \UART:BUART:pollcount_0\ and \UART:BUART:rx_parity_bit\));


Substituting virtuals - pass 4:


----------------------------------------------------------
Circuit simplification results:

	Expanded 33 signals.
	Turned 0 signals into soft nodes.
	Maximum default expansion cost was set at 3.
----------------------------------------------------------

------------------------------------------------------
Alias Detection
------------------------------------------------------
Aliasing \UART:BUART:rx_status_0\ to zero
Aliasing \UART:BUART:rx_status_6\ to zero
Aliasing \UART:BUART:rx_markspace_status\\D\ to zero
Aliasing \UART:BUART:rx_parity_error_status\\D\ to zero
Aliasing \UART:BUART:rx_addr_match_status\\D\ to zero
Removing Rhs of wire \UART:BUART:rx_bitclk_enable\[28] = \UART:BUART:rx_bitclk\[77]
Removing Lhs of wire \UART:BUART:rx_status_0\[128] = zero[30]
Removing Lhs of wire \UART:BUART:rx_status_6\[137] = zero[30]
Removing Lhs of wire \UART:BUART:rx_markspace_status\\D\[264] = zero[30]
Removing Lhs of wire \UART:BUART:rx_parity_error_status\\D\[265] = zero[30]
Removing Lhs of wire \UART:BUART:rx_addr_match_status\\D\[267] = zero[30]
Removing Lhs of wire \UART:BUART:rx_markspace_pre\\D\[268] = \UART:BUART:rx_markspace_pre\[141]
Removing Lhs of wire \UART:BUART:rx_parity_bit\\D\[273] = \UART:BUART:rx_parity_bit\[147]

------------------------------------------------------
Aliased 0 equations, 8 wires.
------------------------------------------------------

----------------------------------------------------------
Circuit simplification
----------------------------------------------------------

Eliminating unused logic - pass 1:

Note:  Deleted unused equation:
\UART:BUART:sRX:MODULE_5:g1:a0:xneq\ <= ((not \UART:BUART:rx_parity_bit\ and Net_7 and \UART:BUART:pollcount_0\)
	OR (not \UART:BUART:pollcount_1\ and not \UART:BUART:pollcount_0\ and \UART:BUART:rx_parity_bit\)
	OR (not \UART:BUART:pollcount_1\ and not Net_7 and \UART:BUART:rx_parity_bit\)
	OR (not \UART:BUART:rx_parity_bit\ and \UART:BUART:pollcount_1\));


Eliminating unused logic - pass 2:


Substituting virtuals - pass 1:


----------------------------------------------------------
Circuit simplification results:

	Expanded 0 signals.
	Turned 0 signals into soft nodes.
	Maximum default expansion cost was set at 3.
----------------------------------------------------------

topld:  No errors.

CYPRESS_DIR    : C:\Program Files (x86)\Cypress\PSoC Creator\4.3\PSoC Creator\warp
Warp Program   : C:\Program Files (x86)\Cypress\PSoC Creator\4.3\PSoC Creator\warp\bin\warp.exe
Warp Arguments : -yv2 -q10 -ygs -o2 -v3 -.fftcfgtype=LE -ya "-.fftprj=C:\Users\Ahmad Negm\Desktop\6.115\FP\psoc_second_device_project final\psoc_second_device_project final.cydsn\psoc_second_device_project final.cyprj" -dcpsoc3 "psoc_second_device_project final.v" -verilog
</CYPRESSTAG>
Warp synthesis phase: Elapsed time ==> 0s.710ms
<CYPRESSTAG name="Fitter results...">
<CYPRESSTAG name="Fitter startup details...">
cyp3fit: V4.3.0.1445, Family: PSoC3, Started at: Sunday, 09 August 2020 02:38:02
Options: -yv2 -q10 -ygs -o2 -v3 -.fftcfgtype=LE -ya -.fftprj=C:\Users\Ahmad Negm\Desktop\6.115\FP\psoc_second_device_project final\psoc_second_device_project final.cydsn\psoc_second_device_project final.cyprj -d CY8C5868AXI-LP032 psoc_second_device_project final.v -verilog
</CYPRESSTAG>
<CYPRESSTAG name="Design parsing">
Design parsing phase: Elapsed time ==> 0s.010ms
</CYPRESSTAG>
<CYPRESSTAG name="Tech Mapping">
<CYPRESSTAG name="Initial Mapping" icon="FILE_RPT_TECHM">
    Converted constant MacroCell: \UART:BUART:reset_reg\ from registered to combinatorial
    Converted constant MacroCell: \UART:BUART:rx_markspace_status\ from registered to combinatorial
    Converted constant MacroCell: \UART:BUART:rx_status_2\ from registered to combinatorial
    Converted constant MacroCell: \UART:BUART:rx_addr_match_status\ from registered to combinatorial
    Converted constant MacroCell: \UART:BUART:rx_break_status\ from registered to combinatorial
<CYPRESSTAG name="Global Clock Selection" icon="FILE_RPT_TECHM">
    Digital Clock 0: Automatic-assigning  clock 'UART_IntClock'. Fanout=1, Signal=\UART:Net_9\
</CYPRESSTAG>

Removing unused cells resulting from optimization
Done removing unused cells.
<CYPRESSTAG name="UDB Clock/Enable Remapping Results">
    UDB Clk/Enable \UART:BUART:ClkSync\: with output requested to be synchronous
        ClockIn: UART_IntClock was determined to be a global clock that is synchronous to BUS_CLK
        EnableIn: Constant 1 was determined to be synchronous to ClockIn
        ClockOut: UART_IntClock, EnableOut: Constant 1
</CYPRESSTAG>

Removing unused cells resulting from optimization
Done removing unused cells.
<CYPRESSTAG name="Duplicate Macrocell detection">
</CYPRESSTAG>
</CYPRESSTAG>
<CYPRESSTAG name="Duplicate Macrocell detection">

Removing duplicate macrocells
    Removing \UART:BUART:rx_parity_bit\, Duplicate of \UART:BUART:rx_state_1\ 
    MacroCell: Name=\UART:BUART:rx_parity_bit\, Mode=(T-Register)
        Total # of inputs        : 0
        Total # of product terms : 0
        List of special equations: 
            Clock  = (\UART:Net_9\) => Global
            Clock Enable: True
        Main Equation            : 0 pterms
        (
            0
        );
        Output = \UART:BUART:rx_parity_bit\ (fanout=0)

    Removing \UART:BUART:rx_address_detected\, Duplicate of \UART:BUART:rx_state_1\ 
    MacroCell: Name=\UART:BUART:rx_address_detected\, Mode=(T-Register)
        Total # of inputs        : 0
        Total # of product terms : 0
        List of special equations: 
            Clock  = (\UART:Net_9\) => Global
            Clock Enable: True
        Main Equation            : 0 pterms
        (
            0
        );
        Output = \UART:BUART:rx_address_detected\ (fanout=0)

    Removing \UART:BUART:rx_parity_error_pre\, Duplicate of \UART:BUART:rx_state_1\ 
    MacroCell: Name=\UART:BUART:rx_parity_error_pre\, Mode=(T-Register)
        Total # of inputs        : 0
        Total # of product terms : 0
        List of special equations: 
            Clock  = (\UART:Net_9\) => Global
            Clock Enable: True
        Main Equation            : 0 pterms
        (
            0
        );
        Output = \UART:BUART:rx_parity_error_pre\ (fanout=0)

    Removing \UART:BUART:rx_markspace_pre\, Duplicate of \UART:BUART:rx_state_1\ 
    MacroCell: Name=\UART:BUART:rx_markspace_pre\, Mode=(T-Register)
        Total # of inputs        : 0
        Total # of product terms : 0
        List of special equations: 
            Clock  = (\UART:Net_9\) => Global
            Clock Enable: True
        Main Equation            : 0 pterms
        (
            0
        );
        Output = \UART:BUART:rx_markspace_pre\ (fanout=0)

End removing duplicate macrocells: used 1 pass
</CYPRESSTAG>
<CYPRESSTAG name="Design Equations" icon="FILE_RPT_EQUATION">

------------------------------------------------------------
Design Equations
------------------------------------------------------------
    <CYPRESSTAG name="Pin listing">

    ------------------------------------------------------------
    Pin listing
    ------------------------------------------------------------

    Pin : Name = Rx(0)
        Attributes:
            In Group/Port: True
            In Sync Option: SYNC
            Out Sync Option: AUTO
            Interrupt generated: False
            Interrupt mode: NONE
            Drive mode: HI_Z_DIGITAL
            VTrip: CMOS
            Slew: FAST
            Input Sync needed: True
            Output Sync needed: False
            SC shield enabled: False
            POR State: ANY
            LCD Mode: COMMON
            Register Mode: RegComb
            CaSense Mode: NEITHER
            Treat as pin: True
            Is OE Registered: False
            Uses Analog: False
            Can contain Digital: True
            Is SIO: False
            SIO Output Buf: NONREGULATED
            SIO Input Buf: SINGLE_ENDED
            SIO HiFreq: LOW
            SIO Hyst: DISABLED
            SIO Vtrip: MULTIPLIER_0_5
            SIO Multiplier Index: 0
            SIO RefSel: VCC_IO
            Required Capabilities: DIGITAL, ROUTABLE
            Initial Value: 0
            IO Voltage: 0
        PORT MAP (
            pa_out => Rx(0)__PA ,
            fb => Net_7 ,
            pad => Rx(0)_PAD );
        Properties:
        {
        }

    Pin : Name = \LCD_Char_1:LCDPort(0)\
        Attributes:
            In Group/Port: True
            In Sync Option: AUTO
            Out Sync Option: NOSYNC
            Interrupt generated: False
            Interrupt mode: NONE
            Drive mode: CMOS_OUT
            VTrip: EITHER
            Slew: FAST
            Input Sync needed: False
            Output Sync needed: False
            SC shield enabled: False
            POR State: ANY
            LCD Mode: COMMON
            Register Mode: RegComb
            CaSense Mode: NEITHER
            Treat as pin: False
            Is OE Registered: False
            Uses Analog: False
            Can contain Digital: True
            Is SIO: False
            SIO Output Buf: NONREGULATED
            SIO Input Buf: SINGLE_ENDED
            SIO HiFreq: LOW
            SIO Hyst: DISABLED
            SIO Vtrip: MULTIPLIER_0_5
            SIO Multiplier Index: 0
            SIO RefSel: VCC_IO
            Required Capabilities: DIGITAL
            Initial Value: 0
            IO Voltage: 0
        PORT MAP (
            pa_out => \LCD_Char_1:LCDPort(0)\__PA ,
            pad => \LCD_Char_1:LCDPort(0)_PAD\ );
        Properties:
        {
        }

    Pin : Name = \LCD_Char_1:LCDPort(1)\
        Attributes:
            In Group/Port: True
            In Sync Option: AUTO
            Out Sync Option: NOSYNC
            Interrupt generated: False
            Interrupt mode: NONE
            Drive mode: CMOS_OUT
            VTrip: EITHER
            Slew: FAST
            Input Sync needed: False
            Output Sync needed: False
            SC shield enabled: False
            POR State: ANY
            LCD Mode: COMMON
            Register Mode: RegComb
            CaSense Mode: NEITHER
            Treat as pin: False
            Is OE Registered: False
            Uses Analog: False
            Can contain Digital: True
            Is SIO: False
            SIO Output Buf: NONREGULATED
            SIO Input Buf: SINGLE_ENDED
            SIO HiFreq: LOW
            SIO Hyst: DISABLED
            SIO Vtrip: MULTIPLIER_0_5
            SIO Multiplier Index: 0
            SIO RefSel: VCC_IO
            Required Capabilities: DIGITAL
            Initial Value: 0
            IO Voltage: 0
        PORT MAP (
            pa_out => \LCD_Char_1:LCDPort(1)\__PA ,
            pad => \LCD_Char_1:LCDPort(1)_PAD\ );
        Properties:
        {
        }

    Pin : Name = \LCD_Char_1:LCDPort(2)\
        Attributes:
            In Group/Port: True
            In Sync Option: AUTO
            Out Sync Option: NOSYNC
            Interrupt generated: False
            Interrupt mode: NONE
            Drive mode: CMOS_OUT
            VTrip: EITHER
            Slew: FAST
            Input Sync needed: False
            Output Sync needed: False
            SC shield enabled: False
            POR State: ANY
            LCD Mode: COMMON
            Register Mode: RegComb
            CaSense Mode: NEITHER
            Treat as pin: False
            Is OE Registered: False
            Uses Analog: False
            Can contain Digital: True
            Is SIO: False
            SIO Output Buf: NONREGULATED
            SIO Input Buf: SINGLE_ENDED
            SIO HiFreq: LOW
            SIO Hyst: DISABLED
            SIO Vtrip: MULTIPLIER_0_5
            SIO Multiplier Index: 0
            SIO RefSel: VCC_IO
            Required Capabilities: DIGITAL
            Initial Value: 0
            IO Voltage: 0
        PORT MAP (
            pa_out => \LCD_Char_1:LCDPort(2)\__PA ,
            pad => \LCD_Char_1:LCDPort(2)_PAD\ );
        Properties:
        {
        }

    Pin : Name = \LCD_Char_1:LCDPort(3)\
        Attributes:
            In Group/Port: True
            In Sync Option: AUTO
            Out Sync Option: NOSYNC
            Interrupt generated: False
            Interrupt mode: NONE
            Drive mode: CMOS_OUT
            VTrip: EITHER
            Slew: FAST
            Input Sync needed: False
            Output Sync needed: False
            SC shield enabled: False
            POR State: ANY
            LCD Mode: COMMON
            Register Mode: RegComb
            CaSense Mode: NEITHER
            Treat as pin: False
            Is OE Registered: False
            Uses Analog: False
            Can contain Digital: True
            Is SIO: False
            SIO Output Buf: NONREGULATED
            SIO Input Buf: SINGLE_ENDED
            SIO HiFreq: LOW
            SIO Hyst: DISABLED
            SIO Vtrip: MULTIPLIER_0_5
            SIO Multiplier Index: 0
            SIO RefSel: VCC_IO
            Required Capabilities: DIGITAL
            Initial Value: 0
            IO Voltage: 0
        PORT MAP (
            pa_out => \LCD_Char_1:LCDPort(3)\__PA ,
            pad => \LCD_Char_1:LCDPort(3)_PAD\ );
        Properties:
        {
        }

    Pin : Name = \LCD_Char_1:LCDPort(4)\
        Attributes:
            In Group/Port: True
            In Sync Option: AUTO
            Out Sync Option: NOSYNC
            Interrupt generated: False
            Interrupt mode: NONE
            Drive mode: CMOS_OUT
            VTrip: EITHER
            Slew: FAST
            Input Sync needed: False
            Output Sync needed: False
            SC shield enabled: False
            POR State: ANY
            LCD Mode: COMMON
            Register Mode: RegComb
            CaSense Mode: NEITHER
            Treat as pin: False
            Is OE Registered: False
            Uses Analog: False
            Can contain Digital: True
            Is SIO: False
            SIO Output Buf: NONREGULATED
            SIO Input Buf: SINGLE_ENDED
            SIO HiFreq: LOW
            SIO Hyst: DISABLED
            SIO Vtrip: MULTIPLIER_0_5
            SIO Multiplier Index: 0
            SIO RefSel: VCC_IO
            Required Capabilities: DIGITAL
            Initial Value: 0
            IO Voltage: 0
        PORT MAP (
            pa_out => \LCD_Char_1:LCDPort(4)\__PA ,
            pad => \LCD_Char_1:LCDPort(4)_PAD\ );
        Properties:
        {
        }

    Pin : Name = \LCD_Char_1:LCDPort(5)\
        Attributes:
            In Group/Port: True
            In Sync Option: AUTO
            Out Sync Option: NOSYNC
            Interrupt generated: False
            Interrupt mode: NONE
            Drive mode: CMOS_OUT
            VTrip: EITHER
            Slew: FAST
            Input Sync needed: False
            Output Sync needed: False
            SC shield enabled: False
            POR State: ANY
            LCD Mode: COMMON
            Register Mode: RegComb
            CaSense Mode: NEITHER
            Treat as pin: False
            Is OE Registered: False
            Uses Analog: False
            Can contain Digital: True
            Is SIO: False
            SIO Output Buf: NONREGULATED
            SIO Input Buf: SINGLE_ENDED
            SIO HiFreq: LOW
            SIO Hyst: DISABLED
            SIO Vtrip: MULTIPLIER_0_5
            SIO Multiplier Index: 0
            SIO RefSel: VCC_IO
            Required Capabilities: DIGITAL
            Initial Value: 0
            IO Voltage: 0
        PORT MAP (
            pa_out => \LCD_Char_1:LCDPort(5)\__PA ,
            pad => \LCD_Char_1:LCDPort(5)_PAD\ );
        Properties:
        {
        }

    Pin : Name = \LCD_Char_1:LCDPort(6)\
        Attributes:
            In Group/Port: True
            In Sync Option: AUTO
            Out Sync Option: NOSYNC
            Interrupt generated: False
            Interrupt mode: NONE
            Drive mode: CMOS_OUT
            VTrip: EITHER
            Slew: FAST
            Input Sync needed: False
            Output Sync needed: False
            SC shield enabled: False
            POR State: ANY
            LCD Mode: COMMON
            Register Mode: RegComb
            CaSense Mode: NEITHER
            Treat as pin: False
            Is OE Registered: False
            Uses Analog: False
            Can contain Digital: True
            Is SIO: False
            SIO Output Buf: NONREGULATED
            SIO Input Buf: SINGLE_ENDED
            SIO HiFreq: LOW
            SIO Hyst: DISABLED
            SIO Vtrip: MULTIPLIER_0_5
            SIO Multiplier Index: 0
            SIO RefSel: VCC_IO
            Required Capabilities: DIGITAL
            Initial Value: 0
            IO Voltage: 0
        PORT MAP (
            pa_out => \LCD_Char_1:LCDPort(6)\__PA ,
            pad => \LCD_Char_1:LCDPort(6)_PAD\ );
        Properties:
        {
        }
    </CYPRESSTAG>
    <CYPRESSTAG name="Macrocell listing" icon="FILE_RPT_EQUATION">

    ------------------------------------------------------------
    Macrocell listing
    ------------------------------------------------------------

    MacroCell: Name=\UART:BUART:rx_counter_load\, Mode=(Combinatorial)
        Total # of inputs        : 4
        Total # of product terms : 1
            Clock Enable: True
        Main Equation            : 1 pterm
        (
              !\UART:BUART:rx_state_1\ * !\UART:BUART:rx_state_0\ * 
              !\UART:BUART:rx_state_3\ * !\UART:BUART:rx_state_2\
        );
        Output = \UART:BUART:rx_counter_load\ (fanout=1)

    MacroCell: Name=\UART:BUART:rx_postpoll\, Mode=(Combinatorial)
        Total # of inputs        : 3
        Total # of product terms : 2
            Clock Enable: True
        Main Equation            : 2 pterms
        (
              \UART:BUART:pollcount_1\
            + Net_7 * \UART:BUART:pollcount_0\
        );
        Output = \UART:BUART:rx_postpoll\ (fanout=1)

    MacroCell: Name=\UART:BUART:rx_status_4\, Mode=(Combinatorial)
        Total # of inputs        : 2
        Total # of product terms : 1
            Clock Enable: True
        Main Equation            : 1 pterm
        (
              \UART:BUART:rx_load_fifo\ * \UART:BUART:rx_fifofull\
        );
        Output = \UART:BUART:rx_status_4\ (fanout=1)

    MacroCell: Name=\UART:BUART:rx_status_5\, Mode=(Combinatorial)
        Total # of inputs        : 2
        Total # of product terms : 1
            Clock Enable: True
        Main Equation            : 1 pterm
        (
              \UART:BUART:rx_fifonotempty\ * \UART:BUART:rx_state_stop1_reg\
        );
        Output = \UART:BUART:rx_status_5\ (fanout=1)

    MacroCell: Name=\UART:BUART:rx_state_1\, Mode=(T-Register)
        Total # of inputs        : 0
        Total # of product terms : 0
        List of special equations: 
            Clock  = (\UART:Net_9\) => Global
            Clock Enable: True
        Main Equation            : 0 pterms
        (
            0
        );
        Output = \UART:BUART:rx_state_1\ (fanout=8)

    MacroCell: Name=\UART:BUART:rx_state_0\, Mode=(T-Register)
        Total # of inputs        : 11
        Total # of product terms : 4
        List of special equations: 
            Clock  = (\UART:Net_9\) => Global
            Clock Enable: True
        Main Equation            : 4 pterms
        (
              !\UART:BUART:rx_state_1\ * !\UART:BUART:rx_state_0\ * 
              \UART:BUART:rx_bitclk_enable\ * !\UART:BUART:rx_state_3\ * 
              \UART:BUART:rx_state_2\ * !\UART:BUART:pollcount_1\ * !Net_7
            + !\UART:BUART:rx_state_1\ * !\UART:BUART:rx_state_0\ * 
              \UART:BUART:rx_bitclk_enable\ * !\UART:BUART:rx_state_3\ * 
              \UART:BUART:rx_state_2\ * !\UART:BUART:pollcount_1\ * 
              !\UART:BUART:pollcount_0\
            + !\UART:BUART:rx_state_1\ * \UART:BUART:rx_state_0\ * 
              !\UART:BUART:rx_state_3\ * !\UART:BUART:rx_state_2\ * 
              !\UART:BUART:rx_count_6\ * !\UART:BUART:rx_count_5\
            + !\UART:BUART:rx_state_1\ * \UART:BUART:rx_state_0\ * 
              !\UART:BUART:rx_state_3\ * !\UART:BUART:rx_state_2\ * 
              !\UART:BUART:rx_count_6\ * !\UART:BUART:rx_count_4\
        );
        Output = \UART:BUART:rx_state_0\ (fanout=8)

    MacroCell: Name=\UART:BUART:rx_load_fifo\, Mode=(D-Register)
        Total # of inputs        : 8
        Total # of product terms : 3
        List of special equations: 
            Clock  = (\UART:Net_9\) => Global
            Clock Enable: True
        Main Equation            : 3 pterms
        (
              !\UART:BUART:rx_state_1\ * !\UART:BUART:rx_state_0\ * 
              \UART:BUART:rx_bitclk_enable\ * \UART:BUART:rx_state_3\ * 
              !\UART:BUART:rx_state_2\
            + !\UART:BUART:rx_state_1\ * \UART:BUART:rx_state_0\ * 
              !\UART:BUART:rx_state_3\ * !\UART:BUART:rx_state_2\ * 
              !\UART:BUART:rx_count_6\ * !\UART:BUART:rx_count_5\
            + !\UART:BUART:rx_state_1\ * \UART:BUART:rx_state_0\ * 
              !\UART:BUART:rx_state_3\ * !\UART:BUART:rx_state_2\ * 
              !\UART:BUART:rx_count_6\ * !\UART:BUART:rx_count_4\
        );
        Output = \UART:BUART:rx_load_fifo\ (fanout=2)

    MacroCell: Name=\UART:BUART:rx_state_3\, Mode=(T-Register)
        Total # of inputs        : 8
        Total # of product terms : 3
        List of special equations: 
            Clock  = (\UART:Net_9\) => Global
            Clock Enable: True
        Main Equation            : 3 pterms
        (
              !\UART:BUART:rx_state_1\ * !\UART:BUART:rx_state_0\ * 
              \UART:BUART:rx_bitclk_enable\ * \UART:BUART:rx_state_3\ * 
              \UART:BUART:rx_state_2\
            + !\UART:BUART:rx_state_1\ * \UART:BUART:rx_state_0\ * 
              !\UART:BUART:rx_state_3\ * !\UART:BUART:rx_state_2\ * 
              !\UART:BUART:rx_count_6\ * !\UART:BUART:rx_count_5\
            + !\UART:BUART:rx_state_1\ * \UART:BUART:rx_state_0\ * 
              !\UART:BUART:rx_state_3\ * !\UART:BUART:rx_state_2\ * 
              !\UART:BUART:rx_count_6\ * !\UART:BUART:rx_count_4\
        );
        Output = \UART:BUART:rx_state_3\ (fanout=7)

    MacroCell: Name=\UART:BUART:rx_state_2\, Mode=(T-Register)
        Total # of inputs        : 10
        Total # of product terms : 5
        List of special equations: 
            Clock  = (\UART:Net_9\) => Global
            Clock Enable: True
        Main Equation            : 5 pterms
        (
              !\UART:BUART:rx_state_1\ * !\UART:BUART:rx_state_0\ * 
              \UART:BUART:rx_bitclk_enable\ * \UART:BUART:rx_state_3\
            + !\UART:BUART:rx_state_1\ * !\UART:BUART:rx_state_0\ * 
              \UART:BUART:rx_bitclk_enable\ * \UART:BUART:rx_state_2\
            + !\UART:BUART:rx_state_1\ * !\UART:BUART:rx_state_0\ * 
              !\UART:BUART:rx_state_3\ * !\UART:BUART:rx_state_2\ * !Net_7 * 
              \UART:BUART:rx_last\
            + !\UART:BUART:rx_state_1\ * \UART:BUART:rx_state_0\ * 
              !\UART:BUART:rx_state_3\ * !\UART:BUART:rx_state_2\ * 
              !\UART:BUART:rx_count_6\ * !\UART:BUART:rx_count_5\
            + !\UART:BUART:rx_state_1\ * \UART:BUART:rx_state_0\ * 
              !\UART:BUART:rx_state_3\ * !\UART:BUART:rx_state_2\ * 
              !\UART:BUART:rx_count_6\ * !\UART:BUART:rx_count_4\
        );
        Output = \UART:BUART:rx_state_2\ (fanout=7)

    MacroCell: Name=\UART:BUART:rx_bitclk_enable\, Mode=(D-Register)
        Total # of inputs        : 3
        Total # of product terms : 1
        List of special equations: 
            Clock  = (\UART:Net_9\) => Global
            Clock Enable: True
        Main Equation            : 1 pterm
        (
              !\UART:BUART:rx_count_2\ * !\UART:BUART:rx_count_1\ * 
              !\UART:BUART:rx_count_0\
        );
        Output = \UART:BUART:rx_bitclk_enable\ (fanout=6)

    MacroCell: Name=\UART:BUART:rx_state_stop1_reg\, Mode=(D-Register)
        Total # of inputs        : 4
        Total # of product terms : 1
        List of special equations: 
            Clock  = (\UART:Net_9\) => Global
            Clock Enable: True
        Main Equation            : 1 pterm
        !(
              !\UART:BUART:rx_state_1\ * !\UART:BUART:rx_state_0\ * 
              \UART:BUART:rx_state_3\ * \UART:BUART:rx_state_2\
        );
        Output = \UART:BUART:rx_state_stop1_reg\ (fanout=1)

    MacroCell: Name=\UART:BUART:pollcount_1\, Mode=(D-Register)
        Total # of inputs        : 5
        Total # of product terms : 3
        List of special equations: 
            Clock  = (\UART:Net_9\) => Global
            Clock Enable: True
        Main Equation            : 3 pterms
        (
              !\UART:BUART:rx_count_2\ * !\UART:BUART:rx_count_1\ * 
              !\UART:BUART:pollcount_1\ * Net_7 * \UART:BUART:pollcount_0\
            + !\UART:BUART:rx_count_2\ * !\UART:BUART:rx_count_1\ * 
              \UART:BUART:pollcount_1\ * !Net_7
            + !\UART:BUART:rx_count_2\ * !\UART:BUART:rx_count_1\ * 
              \UART:BUART:pollcount_1\ * !\UART:BUART:pollcount_0\
        );
        Output = \UART:BUART:pollcount_1\ (fanout=4)

    MacroCell: Name=\UART:BUART:pollcount_0\, Mode=(D-Register)
        Total # of inputs        : 4
        Total # of product terms : 2
        List of special equations: 
            Clock  = (\UART:Net_9\) => Global
            Clock Enable: True
        Main Equation            : 2 pterms
        (
              !\UART:BUART:rx_count_2\ * !\UART:BUART:rx_count_1\ * !Net_7 * 
              \UART:BUART:pollcount_0\
            + !\UART:BUART:rx_count_2\ * !\UART:BUART:rx_count_1\ * Net_7 * 
              !\UART:BUART:pollcount_0\
        );
        Output = \UART:BUART:pollcount_0\ (fanout=5)

    MacroCell: Name=\UART:BUART:rx_status_3\, Mode=(D-Register)
        Total # of inputs        : 8
        Total # of product terms : 2
        List of special equations: 
            Clock  = (\UART:Net_9\) => Global
            Clock Enable: True
        Main Equation            : 2 pterms
        (
              !\UART:BUART:rx_state_1\ * !\UART:BUART:rx_state_0\ * 
              \UART:BUART:rx_bitclk_enable\ * \UART:BUART:rx_state_3\ * 
              \UART:BUART:rx_state_2\ * !\UART:BUART:pollcount_1\ * !Net_7
            + !\UART:BUART:rx_state_1\ * !\UART:BUART:rx_state_0\ * 
              \UART:BUART:rx_bitclk_enable\ * \UART:BUART:rx_state_3\ * 
              \UART:BUART:rx_state_2\ * !\UART:BUART:pollcount_1\ * 
              !\UART:BUART:pollcount_0\
        );
        Output = \UART:BUART:rx_status_3\ (fanout=1)

    MacroCell: Name=\UART:BUART:rx_last\, Mode=(D-Register)
        Total # of inputs        : 1
        Total # of product terms : 1
        List of special equations: 
            Clock  = (\UART:Net_9\) => Global
            Clock Enable: True
        Main Equation            : 1 pterm
        (
              Net_7
        );
        Output = \UART:BUART:rx_last\ (fanout=1)
    </CYPRESSTAG>
    <CYPRESSTAG name="Datapath listing">

    ------------------------------------------------------------
    Datapath listing
    ------------------------------------------------------------

    datapathcell: Name =\UART:BUART:sRX:RxShifter:u0\
        PORT MAP (
            clock => \UART:Net_9\ ,
            cs_addr_2 => \UART:BUART:rx_state_1\ ,
            cs_addr_1 => \UART:BUART:rx_state_0\ ,
            cs_addr_0 => \UART:BUART:rx_bitclk_enable\ ,
            route_si => \UART:BUART:rx_postpoll\ ,
            f0_load => \UART:BUART:rx_load_fifo\ ,
            f0_bus_stat_comb => \UART:BUART:rx_fifonotempty\ ,
            f0_blk_stat_comb => \UART:BUART:rx_fifofull\ );
        Properties:
        {
            a0_init = "00000000"
            a1_init = "00000000"
            ce0_sync = 1
            ce1_sync = 1
            cl0_sync = 1
            cl1_sync = 1
            cmsb_sync = 1
            co_msb_sync = 1
            cy_dpconfig = "0000000000000000000000000000000000000000000000000000001001000000000100000000000000010000001100000001000000000000000100100001000011111111000000001111111111111111101000000110001001000001111100000000000000001100"
            d0_init = "00000000"
            d1_init = "00000000"
            f0_blk_sync = 1
            f0_bus_sync = 1
            f1_blk_sync = 1
            f1_bus_sync = 1
            ff0_sync = 1
            ff1_sync = 1
            ov_msb_sync = 1
            so_sync = 1
            z0_sync = 1
            z1_sync = 1
        }
        Clock Polarity: Active High
        Clock Enable: True
    </CYPRESSTAG>
    <CYPRESSTAG name="Status register listing">
    </CYPRESSTAG>
    <CYPRESSTAG name="StatusI register listing">

    ------------------------------------------------------------
    StatusI register listing
    ------------------------------------------------------------

    statusicell: Name =\UART:BUART:sRX:RxSts\
        PORT MAP (
            clock => \UART:Net_9\ ,
            status_5 => \UART:BUART:rx_status_5\ ,
            status_4 => \UART:BUART:rx_status_4\ ,
            status_3 => \UART:BUART:rx_status_3\ );
        Properties:
        {
            cy_force_order = 1
            cy_int_mask = "1111111"
            cy_md_select = "1011111"
        }
        Clock Polarity: Active High
        Clock Enable: True
    </CYPRESSTAG>
    <CYPRESSTAG name="Sync listing">
    </CYPRESSTAG>
    <CYPRESSTAG name="Control register listing">
    </CYPRESSTAG>
    <CYPRESSTAG name="Count7 listing">

    ------------------------------------------------------------
    Count7 listing
    ------------------------------------------------------------

    count7cell: Name =\UART:BUART:sRX:RxBitCounter\
        PORT MAP (
            clock => \UART:Net_9\ ,
            load => \UART:BUART:rx_counter_load\ ,
            count_6 => \UART:BUART:rx_count_6\ ,
            count_5 => \UART:BUART:rx_count_5\ ,
            count_4 => \UART:BUART:rx_count_4\ ,
            count_3 => \UART:BUART:rx_count_3\ ,
            count_2 => \UART:BUART:rx_count_2\ ,
            count_1 => \UART:BUART:rx_count_1\ ,
            count_0 => \UART:BUART:rx_count_0\ ,
            tc => \UART:BUART:rx_count7_tc\ );
        Properties:
        {
            cy_alt_mode = 0
            cy_init_value = "0000000"
            cy_period = "1110010"
            cy_route_en = 1
            cy_route_ld = 1
        }
        Clock Polarity: Active High
        Clock Enable: True
    </CYPRESSTAG>
    <CYPRESSTAG name="DRQ listing">
    </CYPRESSTAG>
    <CYPRESSTAG name="Interrupt listing">
    </CYPRESSTAG>
</CYPRESSTAG>
<CYPRESSTAG name="Technology mapping summary" expanded>

------------------------------------------------------------
Technology mapping summary
------------------------------------------------------------

Resource Type                 : Used : Free :  Max :  % Used
============================================================
Digital Clocks                :    1 :    7 :    8 : 12.50 %
Analog Clocks                 :    0 :    4 :    4 :  0.00 %
CapSense Buffers              :    0 :    2 :    2 :  0.00 %
Digital Filter Block          :    0 :    1 :    1 :  0.00 %
Interrupts                    :    0 :   32 :   32 :  0.00 %
IO                            :   11 :   61 :   72 : 15.28 %
Segment LCD                   :    0 :    1 :    1 :  0.00 %
I2C                           :    0 :    1 :    1 :  0.00 %
USB                           :    0 :    1 :    1 :  0.00 %
DMA Channels                  :    0 :   24 :   24 :  0.00 %
Timer                         :    0 :    4 :    4 :  0.00 %
UDB                           :      :      :      :        
  Macrocells                  :   15 :  177 :  192 :  7.81 %
  Unique P-terms              :   24 :  360 :  384 :  6.25 %
  Total P-terms               :   30 :      :      :        
  Datapath Cells              :    1 :   23 :   24 :  4.17 %
  Status Cells                :    2 :   22 :   24 :  8.33 %
    StatusI Registers         :    1 :      :      :        
    Routed Count7 Load/Enable :    1 :      :      :        
  Control Cells               :    1 :   23 :   24 :  4.17 %
    Count7 Cells              :    1 :      :      :        
Opamp                         :    0 :    4 :    4 :  0.00 %
Comparator                    :    0 :    4 :    4 :  0.00 %
Delta-Sigma ADC               :    0 :    1 :    1 :  0.00 %
LPF                           :    0 :    2 :    2 :  0.00 %
SAR ADC                       :    0 :    2 :    2 :  0.00 %
Analog (SC/CT) Blocks         :    0 :    4 :    4 :  0.00 %
DAC                           :      :      :      :        
  VIDAC                       :    0 :    4 :    4 :  0.00 %
</CYPRESSTAG>
Technology Mapping: Elapsed time ==> 0s.120ms
Tech Mapping phase: Elapsed time ==> 0s.170ms
</CYPRESSTAG>
<CYPRESSTAG name="Analog Placement">
Initial Analog Placement Results:
IO_6@[IOP=(1)][IoId=(6)] : Rx(0) (fixed)
IO_0@[IOP=(2)][IoId=(0)] : \LCD_Char_1:LCDPort(0)\ (fixed)
IO_1@[IOP=(2)][IoId=(1)] : \LCD_Char_1:LCDPort(1)\ (fixed)
IO_2@[IOP=(2)][IoId=(2)] : \LCD_Char_1:LCDPort(2)\ (fixed)
IO_3@[IOP=(2)][IoId=(3)] : \LCD_Char_1:LCDPort(3)\ (fixed)
IO_4@[IOP=(2)][IoId=(4)] : \LCD_Char_1:LCDPort(4)\ (fixed)
IO_5@[IOP=(2)][IoId=(5)] : \LCD_Char_1:LCDPort(5)\ (fixed)
IO_6@[IOP=(2)][IoId=(6)] : \LCD_Char_1:LCDPort(6)\ (fixed)
Analog Placement phase: Elapsed time ==> 0s.010ms
</CYPRESSTAG>
<CYPRESSTAG name="Analog Routing">
Analog Routing phase: Elapsed time ==> 0s.000ms
</CYPRESSTAG>
<CYPRESSTAG name="Analog Code Generation">
============ Analog Final Answer Routes ============
Dump of CyAnalogRoutingResultsDB
Map of net to items {
}
Map of item to net {
}
Mux Info {
}
Dump of CyP35AnalogRoutingResultsDB
IsVddaHalfUsedForComp = False
IsVddaHalfUsedForSar0 = False
IsVddaHalfUsedForSar1 = False
Analog Code Generation phase: Elapsed time ==> 0s.249ms
</CYPRESSTAG>
<CYPRESSTAG name="Digital Placement">
<CYPRESSTAG name="Detailed placement messages">
I2076: Total run-time: 0.6 sec.

</CYPRESSTAG>
<CYPRESSTAG name="PLD Packing">
<CYPRESSTAG name="PLD Packing Summary" expanded>

------------------------------------------------------------
PLD Packing Summary
------------------------------------------------------------
            Resource Type : Used : Free :  Max :  % Used
    ====================================================
                     PLDs :    7 :   41 :   48 :  14.58%

<CYPRESSTAG name="PLD Statistics">

        PLD Resource Type :     Average/LAB
    =======================================
                   Inputs :            7.57
                   Pterms :            4.29
               Macrocells :            2.14
</CYPRESSTAG>
<CYPRESSTAG name="Packed PLD Contents">
Packed PLD Contents not displayed at this verbose level.</CYPRESSTAG>
</CYPRESSTAG>
PLD Packing: Elapsed time ==> 0s.000ms
</CYPRESSTAG>
<CYPRESSTAG name="Partitioning">
<CYPRESSTAG name="Initial Partitioning Summary">
Initial Partitioning Summary not displayed at this verbose level.</CYPRESSTAG>
<CYPRESSTAG name="Final Partitioning Summary">
Final Partitioning Summary not displayed at this verbose level.</CYPRESSTAG>
Partitioning: Elapsed time ==> 0s.009ms
</CYPRESSTAG>
<CYPRESSTAG name="Final Placement Summary">

------------------------------------------------------------
Final Placement Summary
------------------------------------------------------------

       Resource Type :      Count : Avg Inputs : Avg Outputs
    ========================================================
                 UDB :          4 :      10.50 :       3.75
<CYPRESSTAG name="Final Placement Details">
<CYPRESSTAG name="Component Details">

------------------------------------------------------------
Component Placement Details
------------------------------------------------------------
UDB [UDB=(0,0)] is empty.
UDB [UDB=(0,1)] contents:
LAB@[UDB=(0,1)][LB=0] #macrocells=1, #inputs=11, #pterms=4
{
    [McSlotId=0]:     MacroCell: Name=\UART:BUART:rx_state_0\, Mode=(T-Register) @ [UDB=(0,1)][LB=0][MC=0]
        Total # of inputs        : 11
        Total # of product terms : 4
        List of special equations: 
            Clock  = (\UART:Net_9\) => Global
            Clock Enable: True
        Main Equation            : 4 pterms
        (
              !\UART:BUART:rx_state_1\ * !\UART:BUART:rx_state_0\ * 
              \UART:BUART:rx_bitclk_enable\ * !\UART:BUART:rx_state_3\ * 
              \UART:BUART:rx_state_2\ * !\UART:BUART:pollcount_1\ * !Net_7
            + !\UART:BUART:rx_state_1\ * !\UART:BUART:rx_state_0\ * 
              \UART:BUART:rx_bitclk_enable\ * !\UART:BUART:rx_state_3\ * 
              \UART:BUART:rx_state_2\ * !\UART:BUART:pollcount_1\ * 
              !\UART:BUART:pollcount_0\
            + !\UART:BUART:rx_state_1\ * \UART:BUART:rx_state_0\ * 
              !\UART:BUART:rx_state_3\ * !\UART:BUART:rx_state_2\ * 
              !\UART:BUART:rx_count_6\ * !\UART:BUART:rx_count_5\
            + !\UART:BUART:rx_state_1\ * \UART:BUART:rx_state_0\ * 
              !\UART:BUART:rx_state_3\ * !\UART:BUART:rx_state_2\ * 
              !\UART:BUART:rx_count_6\ * !\UART:BUART:rx_count_4\
        );
        Output = \UART:BUART:rx_state_0\ (fanout=8)
        Properties               : 
        {
        }

    [McSlotId=1]: (empty)
    [McSlotId=2]: (empty)
    [McSlotId=3]: (empty)
}

LAB@[UDB=(0,1)][LB=1] #macrocells=3, #inputs=12, #pterms=8
{
    [McSlotId=0]:     MacroCell: Name=\UART:BUART:rx_state_2\, Mode=(T-Register) @ [UDB=(0,1)][LB=1][MC=0]
        Total # of inputs        : 10
        Total # of product terms : 5
        List of special equations: 
            Clock  = (\UART:Net_9\) => Global
            Clock Enable: True
        Main Equation            : 5 pterms
        (
              !\UART:BUART:rx_state_1\ * !\UART:BUART:rx_state_0\ * 
              \UART:BUART:rx_bitclk_enable\ * \UART:BUART:rx_state_3\
            + !\UART:BUART:rx_state_1\ * !\UART:BUART:rx_state_0\ * 
              \UART:BUART:rx_bitclk_enable\ * \UART:BUART:rx_state_2\
            + !\UART:BUART:rx_state_1\ * !\UART:BUART:rx_state_0\ * 
              !\UART:BUART:rx_state_3\ * !\UART:BUART:rx_state_2\ * !Net_7 * 
              \UART:BUART:rx_last\
            + !\UART:BUART:rx_state_1\ * \UART:BUART:rx_state_0\ * 
              !\UART:BUART:rx_state_3\ * !\UART:BUART:rx_state_2\ * 
              !\UART:BUART:rx_count_6\ * !\UART:BUART:rx_count_5\
            + !\UART:BUART:rx_state_1\ * \UART:BUART:rx_state_0\ * 
              !\UART:BUART:rx_state_3\ * !\UART:BUART:rx_state_2\ * 
              !\UART:BUART:rx_count_6\ * !\UART:BUART:rx_count_4\
        );
        Output = \UART:BUART:rx_state_2\ (fanout=7)
        Properties               : 
        {
        }

    [McSlotId=1]:     MacroCell: Name=\UART:BUART:rx_last\, Mode=(D-Register) @ [UDB=(0,1)][LB=1][MC=1]
        Total # of inputs        : 1
        Total # of product terms : 1
        List of special equations: 
            Clock  = (\UART:Net_9\) => Global
            Clock Enable: True
        Main Equation            : 1 pterm
        (
              Net_7
        );
        Output = \UART:BUART:rx_last\ (fanout=1)
        Properties               : 
        {
        }

    [McSlotId=2]:     MacroCell: Name=\UART:BUART:rx_status_3\, Mode=(D-Register) @ [UDB=(0,1)][LB=1][MC=2]
        Total # of inputs        : 8
        Total # of product terms : 2
        List of special equations: 
            Clock  = (\UART:Net_9\) => Global
            Clock Enable: True
        Main Equation            : 2 pterms
        (
              !\UART:BUART:rx_state_1\ * !\UART:BUART:rx_state_0\ * 
              \UART:BUART:rx_bitclk_enable\ * \UART:BUART:rx_state_3\ * 
              \UART:BUART:rx_state_2\ * !\UART:BUART:pollcount_1\ * !Net_7
            + !\UART:BUART:rx_state_1\ * !\UART:BUART:rx_state_0\ * 
              \UART:BUART:rx_bitclk_enable\ * \UART:BUART:rx_state_3\ * 
              \UART:BUART:rx_state_2\ * !\UART:BUART:pollcount_1\ * 
              !\UART:BUART:pollcount_0\
        );
        Output = \UART:BUART:rx_status_3\ (fanout=1)
        Properties               : 
        {
        }

    [McSlotId=3]: (empty)
}

count7cell: Name =\UART:BUART:sRX:RxBitCounter\
    PORT MAP (
        clock => \UART:Net_9\ ,
        load => \UART:BUART:rx_counter_load\ ,
        count_6 => \UART:BUART:rx_count_6\ ,
        count_5 => \UART:BUART:rx_count_5\ ,
        count_4 => \UART:BUART:rx_count_4\ ,
        count_3 => \UART:BUART:rx_count_3\ ,
        count_2 => \UART:BUART:rx_count_2\ ,
        count_1 => \UART:BUART:rx_count_1\ ,
        count_0 => \UART:BUART:rx_count_0\ ,
        tc => \UART:BUART:rx_count7_tc\ );
    Properties:
    {
        cy_alt_mode = 0
        cy_init_value = "0000000"
        cy_period = "1110010"
        cy_route_en = 1
        cy_route_ld = 1
    }
    Clock Polarity: Active High
    Clock Enable: True

UDB [UDB=(0,2)] contents:
LAB@[UDB=(0,2)][LB=0] #macrocells=4, #inputs=6, #pterms=8
{
    [McSlotId=0]:     MacroCell: Name=\UART:BUART:pollcount_1\, Mode=(D-Register) @ [UDB=(0,2)][LB=0][MC=0]
        Total # of inputs        : 5
        Total # of product terms : 3
        List of special equations: 
            Clock  = (\UART:Net_9\) => Global
            Clock Enable: True
        Main Equation            : 3 pterms
        (
              !\UART:BUART:rx_count_2\ * !\UART:BUART:rx_count_1\ * 
              !\UART:BUART:pollcount_1\ * Net_7 * \UART:BUART:pollcount_0\
            + !\UART:BUART:rx_count_2\ * !\UART:BUART:rx_count_1\ * 
              \UART:BUART:pollcount_1\ * !Net_7
            + !\UART:BUART:rx_count_2\ * !\UART:BUART:rx_count_1\ * 
              \UART:BUART:pollcount_1\ * !\UART:BUART:pollcount_0\
        );
        Output = \UART:BUART:pollcount_1\ (fanout=4)
        Properties               : 
        {
        }

    [McSlotId=1]:     MacroCell: Name=\UART:BUART:rx_postpoll\, Mode=(Combinatorial) @ [UDB=(0,2)][LB=0][MC=1]
        Total # of inputs        : 3
        Total # of product terms : 2
            Clock Enable: True
        Main Equation            : 2 pterms
        (
              \UART:BUART:pollcount_1\
            + Net_7 * \UART:BUART:pollcount_0\
        );
        Output = \UART:BUART:rx_postpoll\ (fanout=1)
        Properties               : 
        {
        }

    [McSlotId=2]:     MacroCell: Name=\UART:BUART:pollcount_0\, Mode=(D-Register) @ [UDB=(0,2)][LB=0][MC=2]
        Total # of inputs        : 4
        Total # of product terms : 2
        List of special equations: 
            Clock  = (\UART:Net_9\) => Global
            Clock Enable: True
        Main Equation            : 2 pterms
        (
              !\UART:BUART:rx_count_2\ * !\UART:BUART:rx_count_1\ * !Net_7 * 
              \UART:BUART:pollcount_0\
            + !\UART:BUART:rx_count_2\ * !\UART:BUART:rx_count_1\ * Net_7 * 
              !\UART:BUART:pollcount_0\
        );
        Output = \UART:BUART:pollcount_0\ (fanout=5)
        Properties               : 
        {
        }

    [McSlotId=3]:     MacroCell: Name=\UART:BUART:rx_bitclk_enable\, Mode=(D-Register) @ [UDB=(0,2)][LB=0][MC=3]
        Total # of inputs        : 3
        Total # of product terms : 1
        List of special equations: 
            Clock  = (\UART:Net_9\) => Global
            Clock Enable: True
        Main Equation            : 1 pterm
        (
              !\UART:BUART:rx_count_2\ * !\UART:BUART:rx_count_1\ * 
              !\UART:BUART:rx_count_0\
        );
        Output = \UART:BUART:rx_bitclk_enable\ (fanout=6)
        Properties               : 
        {
        }
}

LAB@[UDB=(0,2)][LB=1] #macrocells=2, #inputs=10, #pterms=4
{
    [McSlotId=0]:     MacroCell: Name=\UART:BUART:rx_status_4\, Mode=(Combinatorial) @ [UDB=(0,2)][LB=1][MC=0]
        Total # of inputs        : 2
        Total # of product terms : 1
            Clock Enable: True
        Main Equation            : 1 pterm
        (
              \UART:BUART:rx_load_fifo\ * \UART:BUART:rx_fifofull\
        );
        Output = \UART:BUART:rx_status_4\ (fanout=1)
        Properties               : 
        {
        }

    [McSlotId=1]:     MacroCell: Name=\UART:BUART:rx_load_fifo\, Mode=(D-Register) @ [UDB=(0,2)][LB=1][MC=1]
        Total # of inputs        : 8
        Total # of product terms : 3
        List of special equations: 
            Clock  = (\UART:Net_9\) => Global
            Clock Enable: True
        Main Equation            : 3 pterms
        (
              !\UART:BUART:rx_state_1\ * !\UART:BUART:rx_state_0\ * 
              \UART:BUART:rx_bitclk_enable\ * \UART:BUART:rx_state_3\ * 
              !\UART:BUART:rx_state_2\
            + !\UART:BUART:rx_state_1\ * \UART:BUART:rx_state_0\ * 
              !\UART:BUART:rx_state_3\ * !\UART:BUART:rx_state_2\ * 
              !\UART:BUART:rx_count_6\ * !\UART:BUART:rx_count_5\
            + !\UART:BUART:rx_state_1\ * \UART:BUART:rx_state_0\ * 
              !\UART:BUART:rx_state_3\ * !\UART:BUART:rx_state_2\ * 
              !\UART:BUART:rx_count_6\ * !\UART:BUART:rx_count_4\
        );
        Output = \UART:BUART:rx_load_fifo\ (fanout=2)
        Properties               : 
        {
        }

    [McSlotId=2]: (empty)
    [McSlotId=3]: (empty)
}

datapathcell: Name =\UART:BUART:sRX:RxShifter:u0\
    PORT MAP (
        clock => \UART:Net_9\ ,
        cs_addr_2 => \UART:BUART:rx_state_1\ ,
        cs_addr_1 => \UART:BUART:rx_state_0\ ,
        cs_addr_0 => \UART:BUART:rx_bitclk_enable\ ,
        route_si => \UART:BUART:rx_postpoll\ ,
        f0_load => \UART:BUART:rx_load_fifo\ ,
        f0_bus_stat_comb => \UART:BUART:rx_fifonotempty\ ,
        f0_blk_stat_comb => \UART:BUART:rx_fifofull\ );
    Properties:
    {
        a0_init = "00000000"
        a1_init = "00000000"
        ce0_sync = 1
        ce1_sync = 1
        cl0_sync = 1
        cl1_sync = 1
        cmsb_sync = 1
        co_msb_sync = 1
        cy_dpconfig = "0000000000000000000000000000000000000000000000000000001001000000000100000000000000010000001100000001000000000000000100100001000011111111000000001111111111111111101000000110001001000001111100000000000000001100"
        d0_init = "00000000"
        d1_init = "00000000"
        f0_blk_sync = 1
        f0_bus_sync = 1
        f1_blk_sync = 1
        f1_bus_sync = 1
        ff0_sync = 1
        ff1_sync = 1
        ov_msb_sync = 1
        so_sync = 1
        z0_sync = 1
        z1_sync = 1
    }
    Clock Polarity: Active High
    Clock Enable: True

statusicell: Name =\UART:BUART:sRX:RxSts\
    PORT MAP (
        clock => \UART:Net_9\ ,
        status_5 => \UART:BUART:rx_status_5\ ,
        status_4 => \UART:BUART:rx_status_4\ ,
        status_3 => \UART:BUART:rx_status_3\ );
    Properties:
    {
        cy_force_order = 1
        cy_int_mask = "1111111"
        cy_md_select = "1011111"
    }
    Clock Polarity: Active High
    Clock Enable: True

UDB [UDB=(0,3)] is empty.
UDB [UDB=(0,4)] is empty.
UDB [UDB=(0,5)] is empty.
UDB [UDB=(1,0)] is empty.
UDB [UDB=(1,1)] contents:
LAB@[UDB=(1,1)][LB=0] #macrocells=2, #inputs=8, #pterms=4
{
    [McSlotId=0]: (empty)
    [McSlotId=1]: (empty)
    [McSlotId=2]:     MacroCell: Name=\UART:BUART:rx_counter_load\, Mode=(Combinatorial) @ [UDB=(1,1)][LB=0][MC=2]
        Total # of inputs        : 4
        Total # of product terms : 1
            Clock Enable: True
        Main Equation            : 1 pterm
        (
              !\UART:BUART:rx_state_1\ * !\UART:BUART:rx_state_0\ * 
              !\UART:BUART:rx_state_3\ * !\UART:BUART:rx_state_2\
        );
        Output = \UART:BUART:rx_counter_load\ (fanout=2)
        Properties               : 
        {
        }

    [McSlotId=3]:     MacroCell: Name=\UART:BUART:rx_state_3\, Mode=(T-Register) @ [UDB=(1,1)][LB=0][MC=3]
        Total # of inputs        : 8
        Total # of product terms : 3
        List of special equations: 
            Clock  = (\UART:Net_9\) => Global
            Clock Enable: True
        Main Equation            : 3 pterms
        (
              !\UART:BUART:rx_state_1\ * !\UART:BUART:rx_state_0\ * 
              \UART:BUART:rx_bitclk_enable\ * \UART:BUART:rx_state_3\ * 
              \UART:BUART:rx_state_2\
            + !\UART:BUART:rx_state_1\ * \UART:BUART:rx_state_0\ * 
              !\UART:BUART:rx_state_3\ * !\UART:BUART:rx_state_2\ * 
              !\UART:BUART:rx_count_6\ * !\UART:BUART:rx_count_5\
            + !\UART:BUART:rx_state_1\ * \UART:BUART:rx_state_0\ * 
              !\UART:BUART:rx_state_3\ * !\UART:BUART:rx_state_2\ * 
              !\UART:BUART:rx_count_6\ * !\UART:BUART:rx_count_4\
        );
        Output = \UART:BUART:rx_state_3\ (fanout=7)
        Properties               : 
        {
        }
}

UDB [UDB=(1,2)] contents:
LAB@[UDB=(1,2)][LB=0] #macrocells=2, #inputs=6, #pterms=2
{
    [McSlotId=0]:     MacroCell: Name=\UART:BUART:rx_state_stop1_reg\, Mode=(D-Register) @ [UDB=(1,2)][LB=0][MC=0]
        Total # of inputs        : 4
        Total # of product terms : 1
        List of special equations: 
            Clock  = (\UART:Net_9\) => Global
            Clock Enable: True
        Main Equation            : 1 pterm
        !(
              !\UART:BUART:rx_state_1\ * !\UART:BUART:rx_state_0\ * 
              \UART:BUART:rx_state_3\ * \UART:BUART:rx_state_2\
        );
        Output = \UART:BUART:rx_state_stop1_reg\ (fanout=1)
        Properties               : 
        {
        }

    [McSlotId=1]:     MacroCell: Name=\UART:BUART:rx_status_5\, Mode=(Combinatorial) @ [UDB=(1,2)][LB=0][MC=1]
        Total # of inputs        : 2
        Total # of product terms : 1
            Clock Enable: True
        Main Equation            : 1 pterm
        (
              \UART:BUART:rx_fifonotempty\ * \UART:BUART:rx_state_stop1_reg\
        );
        Output = \UART:BUART:rx_status_5\ (fanout=1)
        Properties               : 
        {
        }

    [McSlotId=2]: (empty)
    [McSlotId=3]: (empty)
}

LAB@[UDB=(1,2)][LB=1] #macrocells=1, #inputs=0, #pterms=0
{
    [McSlotId=0]: (empty)
    [McSlotId=1]:     MacroCell: Name=\UART:BUART:rx_state_1\, Mode=(T-Register) @ [UDB=(1,2)][LB=1][MC=1]
        Total # of inputs        : 0
        Total # of product terms : 0
        List of special equations: 
            Clock  = (\UART:Net_9\) => Global
            Clock Enable: True
        Main Equation            : 0 pterms
        (
            0
        );
        Output = \UART:BUART:rx_state_1\ (fanout=8)
        Properties               : 
        {
        }

    [McSlotId=2]: (empty)
    [McSlotId=3]: (empty)
}

UDB [UDB=(1,3)] is empty.
UDB [UDB=(1,4)] is empty.
UDB [UDB=(1,5)] is empty.
UDB [UDB=(2,0)] is empty.
UDB [UDB=(2,1)] is empty.
UDB [UDB=(2,2)] is empty.
UDB [UDB=(2,3)] is empty.
UDB [UDB=(2,4)] is empty.
UDB [UDB=(2,5)] is empty.
UDB [UDB=(3,0)] is empty.
UDB [UDB=(3,1)] is empty.
UDB [UDB=(3,2)] is empty.
UDB [UDB=(3,3)] is empty.
UDB [UDB=(3,4)] is empty.
UDB [UDB=(3,5)] is empty.
Intr container @ [IntrContainer=(0)]: empty
Drq container @ [DrqContainer=(0)]: empty
Port 0 contains the following IO cells:
Port 1 contains the following IO cells:
[IoId=6]: 
Pin : Name = Rx(0)
    Attributes:
        In Group/Port: True
        In Sync Option: SYNC
        Out Sync Option: AUTO
        Interrupt generated: False
        Interrupt mode: NONE
        Drive mode: HI_Z_DIGITAL
        VTrip: CMOS
        Slew: FAST
        Input Sync needed: True
        Output Sync needed: False
        SC shield enabled: False
        POR State: ANY
        LCD Mode: COMMON
        Register Mode: RegComb
        CaSense Mode: NEITHER
        Treat as pin: True
        Is OE Registered: False
        Uses Analog: False
        Can contain Digital: True
        Is SIO: False
        SIO Output Buf: NONREGULATED
        SIO Input Buf: SINGLE_ENDED
        SIO HiFreq: LOW
        SIO Hyst: DISABLED
        SIO Vtrip: MULTIPLIER_0_5
        SIO Multiplier Index: 0
        SIO RefSel: VCC_IO
        Required Capabilities: DIGITAL, ROUTABLE
        Initial Value: 0
        IO Voltage: 0
    PORT MAP (
        pa_out => Rx(0)__PA ,
        fb => Net_7 ,
        pad => Rx(0)_PAD );
    Properties:
    {
    }

Port 2 contains the following IO cells:
[IoId=0]: 
Pin : Name = \LCD_Char_1:LCDPort(0)\
    Attributes:
        In Group/Port: True
        In Sync Option: AUTO
        Out Sync Option: NOSYNC
        Interrupt generated: False
        Interrupt mode: NONE
        Drive mode: CMOS_OUT
        VTrip: EITHER
        Slew: FAST
        Input Sync needed: False
        Output Sync needed: False
        SC shield enabled: False
        POR State: ANY
        LCD Mode: COMMON
        Register Mode: RegComb
        CaSense Mode: NEITHER
        Treat as pin: False
        Is OE Registered: False
        Uses Analog: False
        Can contain Digital: True
        Is SIO: False
        SIO Output Buf: NONREGULATED
        SIO Input Buf: SINGLE_ENDED
        SIO HiFreq: LOW
        SIO Hyst: DISABLED
        SIO Vtrip: MULTIPLIER_0_5
        SIO Multiplier Index: 0
        SIO RefSel: VCC_IO
        Required Capabilities: DIGITAL
        Initial Value: 0
        IO Voltage: 0
    PORT MAP (
        pa_out => \LCD_Char_1:LCDPort(0)\__PA ,
        pad => \LCD_Char_1:LCDPort(0)_PAD\ );
    Properties:
    {
    }

[IoId=1]: 
Pin : Name = \LCD_Char_1:LCDPort(1)\
    Attributes:
        In Group/Port: True
        In Sync Option: AUTO
        Out Sync Option: NOSYNC
        Interrupt generated: False
        Interrupt mode: NONE
        Drive mode: CMOS_OUT
        VTrip: EITHER
        Slew: FAST
        Input Sync needed: False
        Output Sync needed: False
        SC shield enabled: False
        POR State: ANY
        LCD Mode: COMMON
        Register Mode: RegComb
        CaSense Mode: NEITHER
        Treat as pin: False
        Is OE Registered: False
        Uses Analog: False
        Can contain Digital: True
        Is SIO: False
        SIO Output Buf: NONREGULATED
        SIO Input Buf: SINGLE_ENDED
        SIO HiFreq: LOW
        SIO Hyst: DISABLED
        SIO Vtrip: MULTIPLIER_0_5
        SIO Multiplier Index: 0
        SIO RefSel: VCC_IO
        Required Capabilities: DIGITAL
        Initial Value: 0
        IO Voltage: 0
    PORT MAP (
        pa_out => \LCD_Char_1:LCDPort(1)\__PA ,
        pad => \LCD_Char_1:LCDPort(1)_PAD\ );
    Properties:
    {
    }

[IoId=2]: 
Pin : Name = \LCD_Char_1:LCDPort(2)\
    Attributes:
        In Group/Port: True
        In Sync Option: AUTO
        Out Sync Option: NOSYNC
        Interrupt generated: False
        Interrupt mode: NONE
        Drive mode: CMOS_OUT
        VTrip: EITHER
        Slew: FAST
        Input Sync needed: False
        Output Sync needed: False
        SC shield enabled: False
        POR State: ANY
        LCD Mode: COMMON
        Register Mode: RegComb
        CaSense Mode: NEITHER
        Treat as pin: False
        Is OE Registered: False
        Uses Analog: False
        Can contain Digital: True
        Is SIO: False
        SIO Output Buf: NONREGULATED
        SIO Input Buf: SINGLE_ENDED
        SIO HiFreq: LOW
        SIO Hyst: DISABLED
        SIO Vtrip: MULTIPLIER_0_5
        SIO Multiplier Index: 0
        SIO RefSel: VCC_IO
        Required Capabilities: DIGITAL
        Initial Value: 0
        IO Voltage: 0
    PORT MAP (
        pa_out => \LCD_Char_1:LCDPort(2)\__PA ,
        pad => \LCD_Char_1:LCDPort(2)_PAD\ );
    Properties:
    {
    }

[IoId=3]: 
Pin : Name = \LCD_Char_1:LCDPort(3)\
    Attributes:
        In Group/Port: True
        In Sync Option: AUTO
        Out Sync Option: NOSYNC
        Interrupt generated: False
        Interrupt mode: NONE
        Drive mode: CMOS_OUT
        VTrip: EITHER
        Slew: FAST
        Input Sync needed: False
        Output Sync needed: False
        SC shield enabled: False
        POR State: ANY
        LCD Mode: COMMON
        Register Mode: RegComb
        CaSense Mode: NEITHER
        Treat as pin: False
        Is OE Registered: False
        Uses Analog: False
        Can contain Digital: True
        Is SIO: False
        SIO Output Buf: NONREGULATED
        SIO Input Buf: SINGLE_ENDED
        SIO HiFreq: LOW
        SIO Hyst: DISABLED
        SIO Vtrip: MULTIPLIER_0_5
        SIO Multiplier Index: 0
        SIO RefSel: VCC_IO
        Required Capabilities: DIGITAL
        Initial Value: 0
        IO Voltage: 0
    PORT MAP (
        pa_out => \LCD_Char_1:LCDPort(3)\__PA ,
        pad => \LCD_Char_1:LCDPort(3)_PAD\ );
    Properties:
    {
    }

[IoId=4]: 
Pin : Name = \LCD_Char_1:LCDPort(4)\
    Attributes:
        In Group/Port: True
        In Sync Option: AUTO
        Out Sync Option: NOSYNC
        Interrupt generated: False
        Interrupt mode: NONE
        Drive mode: CMOS_OUT
        VTrip: EITHER
        Slew: FAST
        Input Sync needed: False
        Output Sync needed: False
        SC shield enabled: False
        POR State: ANY
        LCD Mode: COMMON
        Register Mode: RegComb
        CaSense Mode: NEITHER
        Treat as pin: False
        Is OE Registered: False
        Uses Analog: False
        Can contain Digital: True
        Is SIO: False
        SIO Output Buf: NONREGULATED
        SIO Input Buf: SINGLE_ENDED
        SIO HiFreq: LOW
        SIO Hyst: DISABLED
        SIO Vtrip: MULTIPLIER_0_5
        SIO Multiplier Index: 0
        SIO RefSel: VCC_IO
        Required Capabilities: DIGITAL
        Initial Value: 0
        IO Voltage: 0
    PORT MAP (
        pa_out => \LCD_Char_1:LCDPort(4)\__PA ,
        pad => \LCD_Char_1:LCDPort(4)_PAD\ );
    Properties:
    {
    }

[IoId=5]: 
Pin : Name = \LCD_Char_1:LCDPort(5)\
    Attributes:
        In Group/Port: True
        In Sync Option: AUTO
        Out Sync Option: NOSYNC
        Interrupt generated: False
        Interrupt mode: NONE
        Drive mode: CMOS_OUT
        VTrip: EITHER
        Slew: FAST
        Input Sync needed: False
        Output Sync needed: False
        SC shield enabled: False
        POR State: ANY
        LCD Mode: COMMON
        Register Mode: RegComb
        CaSense Mode: NEITHER
        Treat as pin: False
        Is OE Registered: False
        Uses Analog: False
        Can contain Digital: True
        Is SIO: False
        SIO Output Buf: NONREGULATED
        SIO Input Buf: SINGLE_ENDED
        SIO HiFreq: LOW
        SIO Hyst: DISABLED
        SIO Vtrip: MULTIPLIER_0_5
        SIO Multiplier Index: 0
        SIO RefSel: VCC_IO
        Required Capabilities: DIGITAL
        Initial Value: 0
        IO Voltage: 0
    PORT MAP (
        pa_out => \LCD_Char_1:LCDPort(5)\__PA ,
        pad => \LCD_Char_1:LCDPort(5)_PAD\ );
    Properties:
    {
    }

[IoId=6]: 
Pin : Name = \LCD_Char_1:LCDPort(6)\
    Attributes:
        In Group/Port: True
        In Sync Option: AUTO
        Out Sync Option: NOSYNC
        Interrupt generated: False
        Interrupt mode: NONE
        Drive mode: CMOS_OUT
        VTrip: EITHER
        Slew: FAST
        Input Sync needed: False
        Output Sync needed: False
        SC shield enabled: False
        POR State: ANY
        LCD Mode: COMMON
        Register Mode: RegComb
        CaSense Mode: NEITHER
        Treat as pin: False
        Is OE Registered: False
        Uses Analog: False
        Can contain Digital: True
        Is SIO: False
        SIO Output Buf: NONREGULATED
        SIO Input Buf: SINGLE_ENDED
        SIO HiFreq: LOW
        SIO Hyst: DISABLED
        SIO Vtrip: MULTIPLIER_0_5
        SIO Multiplier Index: 0
        SIO RefSel: VCC_IO
        Required Capabilities: DIGITAL
        Initial Value: 0
        IO Voltage: 0
    PORT MAP (
        pa_out => \LCD_Char_1:LCDPort(6)\__PA ,
        pad => \LCD_Char_1:LCDPort(6)_PAD\ );
    Properties:
    {
    }

Port 3 contains the following IO cells:
Port 4 contains the following IO cells:
Port 5 contains the following IO cells:
Port 6 contains the following IO cells:
Port 12 contains the following IO cells:
Port 15 contains the following IO cells:
ARM group 0: empty
Cache group 0: empty
CapSense group 0: empty
Clock group 0: 
    Clock Block @ F(Clock,0): 
    clockblockcell: Name =ClockBlock
        PORT MAP (
            imo => ClockBlock_IMO ,
            pllout => ClockBlock_PLL_OUT ,
            ilo => ClockBlock_ILO ,
            clk_100k => ClockBlock_100k ,
            clk_1k => ClockBlock_1k ,
            clk_32k => ClockBlock_32k ,
            xtal => ClockBlock_XTAL ,
            clk_32k_xtal => ClockBlock_XTAL_32KHZ ,
            clk_sync => ClockBlock_MASTER_CLK ,
            clk_bus_glb => ClockBlock_BUS_CLK ,
            clk_bus => ClockBlock_BUS_CLK_local ,
            dclk_glb_0 => \UART:Net_9\ ,
            dclk_0 => \UART:Net_9_local\ );
        Properties:
        {
        }
Comparator group 0: empty
DFB group 0: empty
DSM group 0: empty
Decimator group 0: empty
EMIF group 0: empty
I2C group 0: empty
LCD group 0: empty
LVD group 0: empty
PICU group 0: empty
PM group 0: empty
SC group 0: empty
SPC group 0: empty
Timer group 0: empty
USB group 0: empty
VIDAC group 0: empty
OpAmp group 0: empty
CsAbuf group 0: empty
Vref group 0: empty
LPF group 0: empty
SAR group 0: empty
ANAIF group 0: empty
PHUB group 0: empty
</CYPRESSTAG>
<CYPRESSTAG name="Port Configuration Details">

------------------------------------------------------------
Port Configuration report
------------------------------------------------------------
     |     |       | Interrupt |                  |                         | 
Port | Pin | Fixed |      Type |       Drive Mode |                    Name | Connections
-----+-----+-------+-----------+------------------+-------------------------+------------
   1 |   6 |     * |      NONE |     HI_Z_DIGITAL |                   Rx(0) | FB(Net_7)
-----+-----+-------+-----------+------------------+-------------------------+------------
   2 |   0 |     * |      NONE |         CMOS_OUT | \LCD_Char_1:LCDPort(0)\ | 
     |   1 |     * |      NONE |         CMOS_OUT | \LCD_Char_1:LCDPort(1)\ | 
     |   2 |     * |      NONE |         CMOS_OUT | \LCD_Char_1:LCDPort(2)\ | 
     |   3 |     * |      NONE |         CMOS_OUT | \LCD_Char_1:LCDPort(3)\ | 
     |   4 |     * |      NONE |         CMOS_OUT | \LCD_Char_1:LCDPort(4)\ | 
     |   5 |     * |      NONE |         CMOS_OUT | \LCD_Char_1:LCDPort(5)\ | 
     |   6 |     * |      NONE |         CMOS_OUT | \LCD_Char_1:LCDPort(6)\ | 
-----------------------------------------------------------------------------------------
</CYPRESSTAG>
</CYPRESSTAG>
</CYPRESSTAG>
Digital component placer commit/Report: Elapsed time ==> 0s.020ms
Digital Placement phase: Elapsed time ==> 0s.850ms
</CYPRESSTAG>
<CYPRESSTAG name="Digital Routing">
"C:\Program Files (x86)\Cypress\PSoC Creator\4.3\PSoC Creator\bin/sjrouter.exe" --xml-path "C:\Program Files (x86)\Cypress\PSoC Creator\4.3\PSoC Creator\dev\psoc5/psoc5lp/route_arch-rrg.cydata" --vh2-path "psoc_second_device_project final_r.vh2" --pcf-path "psoc_second_device_project final.pco" --des-name "psoc_second_device_project final" --dsf-path "psoc_second_device_project final.dsf" --sdc-path "psoc_second_device_project final.sdc" --lib-path "psoc_second_device_project final_r.lib"
Routing successful.
Digital Routing phase: Elapsed time ==> 1s.299ms
</CYPRESSTAG>
<CYPRESSTAG name="Bitstream Generation">
Bitstream Generation phase: Elapsed time ==> 0s.196ms
</CYPRESSTAG>
<CYPRESSTAG name="Bitstream Verification">
Bitstream Verification phase: Elapsed time ==> 0s.023ms
</CYPRESSTAG>
<CYPRESSTAG name="Static timing analysis">
Timing report is in psoc_second_device_project final_timing.html.
Static timing analysis phase: Elapsed time ==> 0s.300ms
</CYPRESSTAG>
<CYPRESSTAG name="Data reporting">
Data reporting phase: Elapsed time ==> 0s.000ms
</CYPRESSTAG>
<CYPRESSTAG name="Database update...">
Design database save phase: Elapsed time ==> 0s.160ms
</CYPRESSTAG>
cydsfit: Elapsed time ==> 3s.309ms
</CYPRESSTAG>
Fitter phase: Elapsed time ==> 3s.309ms
API generation phase: Elapsed time ==> 0s.910ms
Dependency generation phase: Elapsed time ==> 0s.029ms
Cleanup phase: Elapsed time ==> 0s.000ms
