--------------- Clean Started: 05/11/2020 05:58:29 Project: vga, Configuration: ARM GCC 5.4-2016-q2-update Debug ---------------
Deleting file ".\CortexM3\ARM_GCC_541\Debug\main.o"
Deleting file ".\CortexM3\ARM_GCC_541\Debug\draw.o"
Deleting file ".\CortexM3\ARM_GCC_541\Debug\cyfitter_cfg.o"
Deleting file ".\CortexM3\ARM_GCC_541\Debug\cymetadata.o"
Deleting file ".\CortexM3\ARM_GCC_541\Debug\VERT.o"
Deleting file ".\CortexM3\ARM_GCC_541\Debug\VERT_PM.o"
Deleting file ".\CortexM3\ARM_GCC_541\Debug\VGA.o"
Deleting file ".\CortexM3\ARM_GCC_541\Debug\HORIZ.o"
Deleting file ".\CortexM3\ARM_GCC_541\Debug\HORIZ_PM.o"
Deleting file ".\CortexM3\ARM_GCC_541\Debug\DMA_dma.o"
Deleting file ".\CortexM3\ARM_GCC_541\Debug\VGA_CLK.o"
Deleting file ".\CortexM3\ARM_GCC_541\Debug\NEWLINE.o"
Deleting file ".\CortexM3\ARM_GCC_541\Debug\VSYNC.o"
Deleting file ".\CortexM3\ARM_GCC_541\Debug\VSYNC_PM.o"
Deleting file ".\CortexM3\ARM_GCC_541\Debug\HSYNC.o"
Deleting file ".\CortexM3\ARM_GCC_541\Debug\HSYNC_PM.o"
Deleting file ".\CortexM3\ARM_GCC_541\Debug\PIXEL.o"
Deleting file ".\CortexM3\ARM_GCC_541\Debug\PIXEL_PM.o"
Deleting file ".\CortexM3\ARM_GCC_541\Debug\HSYNC_OUT.o"
Deleting file ".\CortexM3\ARM_GCC_541\Debug\VSYNC_OUT.o"
Deleting file ".\CortexM3\ARM_GCC_541\Debug\Cm3Start.o"
Deleting file ".\CortexM3\ARM_GCC_541\Debug\CyBootAsmGnu.o"
Deleting file ".\CortexM3\ARM_GCC_541\Debug\CyDmac.o"
Deleting file ".\CortexM3\ARM_GCC_541\Debug\CyFlash.o"
Deleting file ".\CortexM3\ARM_GCC_541\Debug\CyLib.o"
Deleting file ".\CortexM3\ARM_GCC_541\Debug\cyPm.o"
Deleting file ".\CortexM3\ARM_GCC_541\Debug\CySpc.o"
Deleting file ".\CortexM3\ARM_GCC_541\Debug\cyutils.o"
Deleting file ".\CortexM3\ARM_GCC_541\Debug\cy_em_eeprom.o"
Deleting file ".\CortexM3\ARM_GCC_541\Debug\VRx.o"
Deleting file ".\CortexM3\ARM_GCC_541\Debug\VRy.o"
Deleting file ".\CortexM3\ARM_GCC_541\Debug\ADC_SAR_1.o"
Deleting file ".\CortexM3\ARM_GCC_541\Debug\ADC_SAR_1_INT.o"
Deleting file ".\CortexM3\ARM_GCC_541\Debug\ADC_SAR_1_PM.o"
Deleting file ".\CortexM3\ARM_GCC_541\Debug\ADC_SAR_1_IRQ.o"
Deleting file ".\CortexM3\ARM_GCC_541\Debug\ADC_SAR_1_theACLK.o"
Deleting file ".\CortexM3\ARM_GCC_541\Debug\ADC_SAR_2.o"
Deleting file ".\CortexM3\ARM_GCC_541\Debug\ADC_SAR_2_INT.o"
Deleting file ".\CortexM3\ARM_GCC_541\Debug\ADC_SAR_2_PM.o"
Deleting file ".\CortexM3\ARM_GCC_541\Debug\ADC_SAR_2_IRQ.o"
Deleting file ".\CortexM3\ARM_GCC_541\Debug\ADC_SAR_2_theACLK.o"
Deleting file ".\CortexM3\ARM_GCC_541\Debug\LCD_Char_1.o"
Deleting file ".\CortexM3\ARM_GCC_541\Debug\LCD_Char_1_PM.o"
Deleting file ".\CortexM3\ARM_GCC_541\Debug\LCD_Char_1_LCDPort.o"
Deleting file ".\CortexM3\ARM_GCC_541\Debug\vga.hex"
Deleting file ".\CortexM3\ARM_GCC_541\Debug\vga.elf"
Deleting file ".\CortexM3\ARM_GCC_541\Debug\vga.map"
Deleting file ".\vga.cycdx"
Deleting file ".\vga.svd"
Deleting file ".\vga.rpt"
Deleting file ".\vga_timing.html"
Deleting file ".\CortexM3\ARM_GCC_541\Debug\.deps\SOURCE_C__ARM_GCC_GENERIC.P"
Deleting file ".\CortexM3\ARM_GCC_541\Debug\.deps\SOURCE_ASM__ARM_GCC_GENERIC.P"
--------------- Clean Succeeded: 05/11/2020 05:58:29 ---------------
