ARM GAS  C:\Users\AHMADN~1\AppData\Local\Temp\ccrNURlr.s 			page 1


   1              		.syntax unified
   2              		.cpu cortex-m3
   3              		.fpu softvfp
   4              		.eabi_attribute 20, 1
   5              		.eabi_attribute 21, 1
   6              		.eabi_attribute 23, 3
   7              		.eabi_attribute 24, 1
   8              		.eabi_attribute 25, 1
   9              		.eabi_attribute 26, 1
  10              		.eabi_attribute 30, 1
  11              		.eabi_attribute 34, 1
  12              		.eabi_attribute 18, 4
  13              		.thumb
  14              		.syntax unified
  15              		.file	"cymetadata.c"
  16              		.text
  17              	.Ltext0:
  18              		.cfi_sections	.debug_frame
  19              		.global	cy_metadata
  20              		.global	cy_meta_flashprotect
  21              		.global	cy_meta_wonvl
  22              		.global	cy_meta_custnvl
  23              		.global	cy_meta_configecc
  24              		.section	.cyconfigecc,"a",%progbits
  25              		.align	2
  26              		.type	cy_meta_configecc, %object
  27              		.size	cy_meta_configecc, 560
  28              	cy_meta_configecc:
  29 0000 01       		.byte	1
  30 0001 52       		.byte	82
  31 0002 00       		.byte	0
  32 0003 40       		.byte	64
  33 0004 01       		.byte	1
  34 0005 64       		.byte	100
  35 0006 00       		.byte	0
  36 0007 40       		.byte	64
  37 0008 01       		.byte	1
  38 0009 65       		.byte	101
  39 000a 00       		.byte	0
  40 000b 40       		.byte	64
  41 000c 48       		.byte	72
  42 000d 08       		.byte	8
  43 000e 01       		.byte	1
  44 000f 40       		.byte	64
  45 0010 2F       		.byte	47
  46 0011 09       		.byte	9
  47 0012 01       		.byte	1
  48 0013 40       		.byte	64
  49 0014 3A       		.byte	58
  50 0015 18       		.byte	24
  51 0016 01       		.byte	1
  52 0017 40       		.byte	64
  53 0018 3B       		.byte	59
  54 0019 19       		.byte	25
  55 001a 01       		.byte	1
  56 001b 40       		.byte	64
  57 001c 03       		.byte	3
ARM GAS  C:\Users\AHMADN~1\AppData\Local\Temp\ccrNURlr.s 			page 2


  58 001d 1B       		.byte	27
  59 001e 01       		.byte	1
  60 001f 40       		.byte	64
  61 0020 02       		.byte	2
  62 0021 4C       		.byte	76
  63 0022 01       		.byte	1
  64 0023 40       		.byte	64
  65 0024 02       		.byte	2
  66 0025 4D       		.byte	77
  67 0026 01       		.byte	1
  68 0027 40       		.byte	64
  69 0028 04       		.byte	4
  70 0029 50       		.byte	80
  71 002a 01       		.byte	1
  72 002b 40       		.byte	64
  73 002c 0C       		.byte	12
  74 002d 40       		.byte	64
  75 002e 89       		.byte	-119
  76 002f 38       		.byte	56
  77 0030 89       		.byte	-119
  78 0031 72       		.byte	114
  79 0032 00       		.byte	0
  80 0033 01       		.byte	1
  81 0034 0A       		.byte	10
  82 0035 02       		.byte	2
  83 0036 0E       		.byte	14
  84 0037 01       		.byte	1
  85 0038 12       		.byte	18
  86 0039 02       		.byte	2
  87 003a 22       		.byte	34
  88 003b 01       		.byte	1
  89 003c 2C       		.byte	44
  90 003d 01       		.byte	1
  91 003e 30       		.byte	48
  92 003f 01       		.byte	1
  93 0040 34       		.byte	52
  94 0041 02       		.byte	2
  95 0042 38       		.byte	56
  96 0043 02       		.byte	2
  97 0044 3B       		.byte	59
  98 0045 02       		.byte	2
  99 0046 3E       		.byte	62
 100 0047 10       		.byte	16
 101 0048 58       		.byte	88
 102 0049 04       		.byte	4
 103 004a 59       		.byte	89
 104 004b 04       		.byte	4
 105 004c 5F       		.byte	95
 106 004d 01       		.byte	1
 107 004e 80       		.byte	-128
 108 004f 22       		.byte	34
 109 0050 82       		.byte	-126
 110 0051 51       		.byte	81
 111 0052 83       		.byte	-125
 112 0053 01       		.byte	1
 113 0054 8B       		.byte	-117
 114 0055 01       		.byte	1
ARM GAS  C:\Users\AHMADN~1\AppData\Local\Temp\ccrNURlr.s 			page 3


 115 0056 8C       		.byte	-116
 116 0057 80       		.byte	-128
 117 0058 8D       		.byte	-115
 118 0059 0E       		.byte	14
 119 005a 90       		.byte	-112
 120 005b 01       		.byte	1
 121 005c 91       		.byte	-111
 122 005d 0C       		.byte	12
 123 005e 92       		.byte	-110
 124 005f 0E       		.byte	14
 125 0060 93       		.byte	-109
 126 0061 02       		.byte	2
 127 0062 94       		.byte	-108
 128 0063 E7       		.byte	-25
 129 0064 97       		.byte	-105
 130 0065 02       		.byte	2
 131 0066 98       		.byte	-104
 132 0067 44       		.byte	68
 133 0068 99       		.byte	-103
 134 0069 04       		.byte	4
 135 006a 9A       		.byte	-102
 136 006b 31       		.byte	49
 137 006c 9D       		.byte	-99
 138 006d 0E       		.byte	14
 139 006e A1       		.byte	-95
 140 006f 02       		.byte	2
 141 0070 A3       		.byte	-93
 142 0071 0C       		.byte	12
 143 0072 A4       		.byte	-92
 144 0073 E7       		.byte	-25
 145 0074 A9       		.byte	-87
 146 0075 0C       		.byte	12
 147 0076 AD       		.byte	-83
 148 0077 08       		.byte	8
 149 0078 B0       		.byte	-80
 150 0079 07       		.byte	7
 151 007a B2       		.byte	-78
 152 007b 80       		.byte	-128
 153 007c B3       		.byte	-77
 154 007d 0E       		.byte	14
 155 007e B4       		.byte	-76
 156 007f 60       		.byte	96
 157 0080 B5       		.byte	-75
 158 0081 01       		.byte	1
 159 0082 B6       		.byte	-74
 160 0083 18       		.byte	24
 161 0084 BE       		.byte	-66
 162 0085 40       		.byte	64
 163 0086 BF       		.byte	-65
 164 0087 10       		.byte	16
 165 0088 C0       		.byte	-64
 166 0089 53       		.byte	83
 167 008a C1       		.byte	-63
 168 008b 04       		.byte	4
 169 008c C2       		.byte	-62
 170 008d 06       		.byte	6
 171 008e C4       		.byte	-60
ARM GAS  C:\Users\AHMADN~1\AppData\Local\Temp\ccrNURlr.s 			page 4


 172 008f 01       		.byte	1
 173 0090 C6       		.byte	-58
 174 0091 E0       		.byte	-32
 175 0092 C7       		.byte	-57
 176 0093 C0       		.byte	-64
 177 0094 C8       		.byte	-56
 178 0095 28       		.byte	40
 179 0096 C9       		.byte	-55
 180 0097 FF       		.byte	-1
 181 0098 CA       		.byte	-54
 182 0099 FF       		.byte	-1
 183 009a CB       		.byte	-53
 184 009b FF       		.byte	-1
 185 009c CC       		.byte	-52
 186 009d 62       		.byte	98
 187 009e CD       		.byte	-51
 188 009f A0       		.byte	-96
 189 00a0 CE       		.byte	-50
 190 00a1 F0       		.byte	-16
 191 00a2 CF       		.byte	-49
 192 00a3 41       		.byte	65
 193 00a4 D0       		.byte	-48
 194 00a5 0C       		.byte	12
 195 00a6 D4       		.byte	-44
 196 00a7 18       		.byte	24
 197 00a8 D8       		.byte	-40
 198 00a9 04       		.byte	4
 199 00aa D9       		.byte	-39
 200 00ab 04       		.byte	4
 201 00ac DA       		.byte	-38
 202 00ad 04       		.byte	4
 203 00ae DB       		.byte	-37
 204 00af 04       		.byte	4
 205 00b0 DF       		.byte	-33
 206 00b1 01       		.byte	1
 207 00b2 E6       		.byte	-26
 208 00b3 40       		.byte	64
 209 00b4 E7       		.byte	-25
 210 00b5 02       		.byte	2
 211 00b6 E9       		.byte	-23
 212 00b7 10       		.byte	16
 213 00b8 EA       		.byte	-22
 214 00b9 30       		.byte	48
 215 00ba EB       		.byte	-21
 216 00bb 10       		.byte	16
 217 00bc ED       		.byte	-19
 218 00bd 10       		.byte	16
 219 00be EE       		.byte	-18
 220 00bf 10       		.byte	16
 221 00c0 EF       		.byte	-17
 222 00c1 12       		.byte	18
 223 00c2 00       		.byte	0
 224 00c3 02       		.byte	2
 225 00c4 01       		.byte	1
 226 00c5 40       		.byte	64
 227 00c6 04       		.byte	4
 228 00c7 20       		.byte	32
ARM GAS  C:\Users\AHMADN~1\AppData\Local\Temp\ccrNURlr.s 			page 5


 229 00c8 05       		.byte	5
 230 00c9 01       		.byte	1
 231 00ca 07       		.byte	7
 232 00cb 01       		.byte	1
 233 00cc 08       		.byte	8
 234 00cd 01       		.byte	1
 235 00ce 0A       		.byte	10
 236 00cf 64       		.byte	100
 237 00d0 0E       		.byte	14
 238 00d1 80       		.byte	-128
 239 00d2 11       		.byte	17
 240 00d3 04       		.byte	4
 241 00d4 14       		.byte	20
 242 00d5 40       		.byte	64
 243 00d6 17       		.byte	23
 244 00d7 82       		.byte	-126
 245 00d8 18       		.byte	24
 246 00d9 01       		.byte	1
 247 00da 19       		.byte	25
 248 00db 04       		.byte	4
 249 00dc 1A       		.byte	26
 250 00dd 54       		.byte	84
 251 00de 1D       		.byte	29
 252 00df 10       		.byte	16
 253 00e0 1E       		.byte	30
 254 00e1 80       		.byte	-128
 255 00e2 21       		.byte	33
 256 00e3 20       		.byte	32
 257 00e4 23       		.byte	35
 258 00e5 10       		.byte	16
 259 00e6 24       		.byte	36
 260 00e7 80       		.byte	-128
 261 00e8 25       		.byte	37
 262 00e9 02       		.byte	2
 263 00ea 27       		.byte	39
 264 00eb 80       		.byte	-128
 265 00ec 29       		.byte	41
 266 00ed 41       		.byte	65
 267 00ee 2A       		.byte	42
 268 00ef 20       		.byte	32
 269 00f0 30       		.byte	48
 270 00f1 60       		.byte	96
 271 00f2 31       		.byte	49
 272 00f3 04       		.byte	4
 273 00f4 33       		.byte	51
 274 00f5 03       		.byte	3
 275 00f6 38       		.byte	56
 276 00f7 82       		.byte	-126
 277 00f8 3B       		.byte	59
 278 00f9 10       		.byte	16
 279 00fa 40       		.byte	64
 280 00fb 01       		.byte	1
 281 00fc 41       		.byte	65
 282 00fd 02       		.byte	2
 283 00fe 42       		.byte	66
 284 00ff 10       		.byte	16
 285 0100 49       		.byte	73
ARM GAS  C:\Users\AHMADN~1\AppData\Local\Temp\ccrNURlr.s 			page 6


 286 0101 80       		.byte	-128
 287 0102 4B       		.byte	75
 288 0103 10       		.byte	16
 289 0104 50       		.byte	80
 290 0105 11       		.byte	17
 291 0106 5A       		.byte	90
 292 0107 02       		.byte	2
 293 0108 61       		.byte	97
 294 0109 10       		.byte	16
 295 010a 62       		.byte	98
 296 010b 40       		.byte	64
 297 010c C0       		.byte	-64
 298 010d D9       		.byte	-39
 299 010e C2       		.byte	-62
 300 010f 1E       		.byte	30
 301 0110 C4       		.byte	-60
 302 0111 94       		.byte	-108
 303 0112 CA       		.byte	-54
 304 0113 0D       		.byte	13
 305 0114 CC       		.byte	-52
 306 0115 0F       		.byte	15
 307 0116 CE       		.byte	-50
 308 0117 0D       		.byte	13
 309 0118 D0       		.byte	-48
 310 0119 0B       		.byte	11
 311 011a D2       		.byte	-46
 312 011b 0C       		.byte	12
 313 011c D6       		.byte	-42
 314 011d 01       		.byte	1
 315 011e D8       		.byte	-40
 316 011f 0C       		.byte	12
 317 0120 00       		.byte	0
 318 0121 0F       		.byte	15
 319 0122 0C       		.byte	12
 320 0123 03       		.byte	3
 321 0124 0E       		.byte	14
 322 0125 0C       		.byte	12
 323 0126 10       		.byte	16
 324 0127 0D       		.byte	13
 325 0128 12       		.byte	18
 326 0129 02       		.byte	2
 327 012a 16       		.byte	22
 328 012b 02       		.byte	2
 329 012c 1C       		.byte	28
 330 012d 08       		.byte	8
 331 012e 20       		.byte	32
 332 012f 0D       		.byte	13
 333 0130 22       		.byte	34
 334 0131 02       		.byte	2
 335 0132 24       		.byte	36
 336 0133 04       		.byte	4
 337 0134 28       		.byte	40
 338 0135 0C       		.byte	12
 339 0136 30       		.byte	48
 340 0137 0E       		.byte	14
 341 0138 34       		.byte	52
 342 0139 01       		.byte	1
ARM GAS  C:\Users\AHMADN~1\AppData\Local\Temp\ccrNURlr.s 			page 7


 343 013a 3A       		.byte	58
 344 013b 02       		.byte	2
 345 013c 3E       		.byte	62
 346 013d 10       		.byte	16
 347 013e 58       		.byte	88
 348 013f 04       		.byte	4
 349 0140 5F       		.byte	95
 350 0141 01       		.byte	1
 351 0142 80       		.byte	-128
 352 0143 01       		.byte	1
 353 0144 81       		.byte	-127
 354 0145 DF       		.byte	-33
 355 0146 84       		.byte	-124
 356 0147 0F       		.byte	15
 357 0148 85       		.byte	-123
 358 0149 18       		.byte	24
 359 014a 89       		.byte	-119
 360 014b 08       		.byte	8
 361 014c 8C       		.byte	-116
 362 014d 0F       		.byte	15
 363 014e 8D       		.byte	-115
 364 014f C7       		.byte	-57
 365 0150 8F       		.byte	-113
 366 0151 18       		.byte	24
 367 0152 90       		.byte	-112
 368 0153 03       		.byte	3
 369 0154 91       		.byte	-111
 370 0155 1C       		.byte	28
 371 0156 92       		.byte	-110
 372 0157 0C       		.byte	12
 373 0158 93       		.byte	-109
 374 0159 C1       		.byte	-63
 375 015a 96       		.byte	-106
 376 015b 03       		.byte	3
 377 015c 97       		.byte	-105
 378 015d 04       		.byte	4
 379 015e 98       		.byte	-104
 380 015f 02       		.byte	2
 381 0160 99       		.byte	-103
 382 0161 80       		.byte	-128
 383 0162 9C       		.byte	-100
 384 0163 08       		.byte	8
 385 0164 9D       		.byte	-99
 386 0165 10       		.byte	16
 387 0166 A0       		.byte	-96
 388 0167 0C       		.byte	12
 389 0168 A1       		.byte	-95
 390 0169 44       		.byte	68
 391 016a A2       		.byte	-94
 392 016b 03       		.byte	3
 393 016c A3       		.byte	-93
 394 016d 20       		.byte	32
 395 016e A4       		.byte	-92
 396 016f 04       		.byte	4
 397 0170 A7       		.byte	-89
 398 0171 C3       		.byte	-61
 399 0172 A8       		.byte	-88
ARM GAS  C:\Users\AHMADN~1\AppData\Local\Temp\ccrNURlr.s 			page 8


 400 0173 0C       		.byte	12
 401 0174 A9       		.byte	-87
 402 0175 1C       		.byte	28
 403 0176 AB       		.byte	-85
 404 0177 C2       		.byte	-62
 405 0178 AC       		.byte	-84
 406 0179 03       		.byte	3
 407 017a AD       		.byte	-83
 408 017b C0       		.byte	-64
 409 017c B0       		.byte	-80
 410 017d 0F       		.byte	15
 411 017e B1       		.byte	-79
 412 017f C0       		.byte	-64
 413 0180 B3       		.byte	-77
 414 0181 20       		.byte	32
 415 0182 B7       		.byte	-73
 416 0183 1F       		.byte	31
 417 0184 BA       		.byte	-70
 418 0185 02       		.byte	2
 419 0186 BB       		.byte	-69
 420 0187 80       		.byte	-128
 421 0188 D6       		.byte	-42
 422 0189 02       		.byte	2
 423 018a D7       		.byte	-41
 424 018b 11       		.byte	17
 425 018c D8       		.byte	-40
 426 018d 04       		.byte	4
 427 018e D9       		.byte	-39
 428 018f 04       		.byte	4
 429 0190 DB       		.byte	-37
 430 0191 04       		.byte	4
 431 0192 DF       		.byte	-33
 432 0193 01       		.byte	1
 433 0194 00       		.byte	0
 434 0195 02       		.byte	2
 435 0196 02       		.byte	2
 436 0197 10       		.byte	16
 437 0198 03       		.byte	3
 438 0199 02       		.byte	2
 439 019a 04       		.byte	4
 440 019b 82       		.byte	-126
 441 019c 05       		.byte	5
 442 019d 80       		.byte	-128
 443 019e 07       		.byte	7
 444 019f 80       		.byte	-128
 445 01a0 08       		.byte	8
 446 01a1 10       		.byte	16
 447 01a2 09       		.byte	9
 448 01a3 80       		.byte	-128
 449 01a4 0A       		.byte	10
 450 01a5 54       		.byte	84
 451 01a6 0D       		.byte	13
 452 01a7 80       		.byte	-128
 453 01a8 0E       		.byte	14
 454 01a9 90       		.byte	-112
 455 01aa 0F       		.byte	15
 456 01ab 20       		.byte	32
ARM GAS  C:\Users\AHMADN~1\AppData\Local\Temp\ccrNURlr.s 			page 9


 457 01ac 10       		.byte	16
 458 01ad 21       		.byte	33
 459 01ae 13       		.byte	19
 460 01af 22       		.byte	34
 461 01b0 17       		.byte	23
 462 01b1 2A       		.byte	42
 463 01b2 18       		.byte	24
 464 01b3 80       		.byte	-128
 465 01b4 19       		.byte	25
 466 01b5 01       		.byte	1
 467 01b6 1A       		.byte	26
 468 01b7 40       		.byte	64
 469 01b8 1D       		.byte	29
 470 01b9 10       		.byte	16
 471 01ba 1E       		.byte	30
 472 01bb 80       		.byte	-128
 473 01bc 1F       		.byte	31
 474 01bd 02       		.byte	2
 475 01be 21       		.byte	33
 476 01bf 08       		.byte	8
 477 01c0 22       		.byte	34
 478 01c1 01       		.byte	1
 479 01c2 23       		.byte	35
 480 01c3 02       		.byte	2
 481 01c4 28       		.byte	40
 482 01c5 01       		.byte	1
 483 01c6 29       		.byte	41
 484 01c7 20       		.byte	32
 485 01c8 2B       		.byte	43
 486 01c9 90       		.byte	-112
 487 01ca 30       		.byte	48
 488 01cb 10       		.byte	16
 489 01cc 31       		.byte	49
 490 01cd 48       		.byte	72
 491 01ce 33       		.byte	51
 492 01cf 02       		.byte	2
 493 01d0 38       		.byte	56
 494 01d1 AA       		.byte	-86
 495 01d2 59       		.byte	89
 496 01d3 10       		.byte	16
 497 01d4 69       		.byte	105
 498 01d5 44       		.byte	68
 499 01d6 6A       		.byte	106
 500 01d7 20       		.byte	32
 501 01d8 70       		.byte	112
 502 01d9 34       		.byte	52
 503 01da 71       		.byte	113
 504 01db C0       		.byte	-64
 505 01dc 72       		.byte	114
 506 01dd 20       		.byte	32
 507 01de 73       		.byte	115
 508 01df 28       		.byte	40
 509 01e0 8A       		.byte	-118
 510 01e1 10       		.byte	16
 511 01e2 8B       		.byte	-117
 512 01e3 80       		.byte	-128
 513 01e4 92       		.byte	-110
ARM GAS  C:\Users\AHMADN~1\AppData\Local\Temp\ccrNURlr.s 			page 10


 514 01e5 14       		.byte	20
 515 01e6 95       		.byte	-107
 516 01e7 44       		.byte	68
 517 01e8 96       		.byte	-106
 518 01e9 22       		.byte	34
 519 01ea 98       		.byte	-104
 520 01eb 01       		.byte	1
 521 01ec 9B       		.byte	-101
 522 01ed 80       		.byte	-128
 523 01ee 9D       		.byte	-99
 524 01ef C1       		.byte	-63
 525 01f0 9E       		.byte	-98
 526 01f1 20       		.byte	32
 527 01f2 9F       		.byte	-97
 528 01f3 02       		.byte	2
 529 01f4 A4       		.byte	-92
 530 01f5 21       		.byte	33
 531 01f6 A7       		.byte	-89
 532 01f7 02       		.byte	2
 533 01f8 B1       		.byte	-79
 534 01f9 20       		.byte	32
 535 01fa B2       		.byte	-78
 536 01fb 40       		.byte	64
 537 01fc C0       		.byte	-64
 538 01fd 9D       		.byte	-99
 539 01fe C2       		.byte	-62
 540 01ff BF       		.byte	-65
 541 0200 C4       		.byte	-60
 542 0201 7F       		.byte	127
 543 0202 CA       		.byte	-54
 544 0203 0F       		.byte	15
 545 0204 CC       		.byte	-52
 546 0205 0F       		.byte	15
 547 0206 CE       		.byte	-50
 548 0207 0F       		.byte	15
 549 0208 D6       		.byte	-42
 550 0209 04       		.byte	4
 551 020a B0       		.byte	-80
 552 020b 01       		.byte	1
 553 020c B1       		.byte	-79
 554 020d 20       		.byte	32
 555 020e B3       		.byte	-77
 556 020f 82       		.byte	-126
 557 0210 08       		.byte	8
 558 0211 40       		.byte	64
 559 0212 C2       		.byte	-62
 560 0213 02       		.byte	2
 561 0214 B0       		.byte	-80
 562 0215 40       		.byte	64
 563 0216 EA       		.byte	-22
 564 0217 01       		.byte	1
 565 0218 00       		.byte	0
 566 0219 01       		.byte	1
 567 021a 0C       		.byte	12
 568 021b 01       		.byte	1
 569 021c 10       		.byte	16
 570 021d 01       		.byte	1
ARM GAS  C:\Users\AHMADN~1\AppData\Local\Temp\ccrNURlr.s 			page 11


 571 021e 1C       		.byte	28
 572 021f 01       		.byte	1
 573 0220 40       		.byte	64
 574 0221 0B       		.byte	11
 575 0222 0B       		.byte	11
 576 0223 00       		.byte	0
 577 0224 00       		.byte	0
 578 0225 00       		.byte	0
 579 0226 00       		.byte	0
 580 0227 00       		.byte	0
 581 0228 00       		.byte	0
 582 0229 7F       		.byte	127
 583 022a 7F       		.byte	127
 584 022b 00       		.byte	0
 585 022c 00       		.byte	0
 586 022d 00       		.byte	0
 587 022e 00       		.byte	0
 588 022f 00       		.byte	0
 589              		.section	.cywolatch,"a",%progbits
 590              		.align	2
 591              		.type	cy_meta_wonvl, %object
 592              		.size	cy_meta_wonvl, 4
 593              	cy_meta_wonvl:
 594 0000 BC       		.byte	-68
 595 0001 90       		.byte	-112
 596 0002 AC       		.byte	-84
 597 0003 AF       		.byte	-81
 598              		.section	.cycustnvl,"a",%progbits
 599              		.align	2
 600              		.type	cy_meta_custnvl, %object
 601              		.size	cy_meta_custnvl, 4
 602              	cy_meta_custnvl:
 603 0000 00       		.byte	0
 604 0001 00       		.byte	0
 605 0002 40       		.byte	64
 606 0003 05       		.byte	5
 607              		.section	.cymeta,"a",%progbits
 608              		.align	2
 609              		.type	cy_metadata, %object
 610              		.size	cy_metadata, 12
 611              	cy_metadata:
 612 0000 00       		.byte	0
 613 0001 01       		.byte	1
 614 0002 2E       		.byte	46
 615 0003 12       		.byte	18
 616 0004 00       		.byte	0
 617 0005 69       		.byte	105
 618 0006 00       		.byte	0
 619 0007 01       		.byte	1
 620 0008 00       		.byte	0
 621 0009 00       		.byte	0
 622 000a 00       		.byte	0
 623 000b 00       		.byte	0
 624              		.section	.cyflashprotect,"a",%progbits
 625              		.align	2
 626              		.type	cy_meta_flashprotect, %object
 627              		.size	cy_meta_flashprotect, 256
ARM GAS  C:\Users\AHMADN~1\AppData\Local\Temp\ccrNURlr.s 			page 12


 628              	cy_meta_flashprotect:
 629 0000 00000000 		.space	256
 629      00000000 
 629      00000000 
 629      00000000 
 629      00000000 
 630              		.text
 631              	.Letext0:
 632              		.file 1 "c:\\program files (x86)\\cypress\\psoc creator\\4.3\\psoc creator\\import\\gnu\\arm\\5.4.
 633              		.file 2 "c:\\program files (x86)\\cypress\\psoc creator\\4.3\\psoc creator\\import\\gnu\\arm\\5.4.
 634              		.file 3 "Generated_Source\\PSoC5\\cymetadata.c"
 635              		.section	.debug_info,"",%progbits
 636              	.Ldebug_info0:
 637 0000 31010000 		.4byte	0x131
 638 0004 0400     		.2byte	0x4
 639 0006 00000000 		.4byte	.Ldebug_abbrev0
 640 000a 04       		.byte	0x4
 641 000b 01       		.uleb128 0x1
 642 000c 91000000 		.4byte	.LASF17
 643 0010 0C       		.byte	0xc
 644 0011 EB010000 		.4byte	.LASF18
 645 0015 0A000000 		.4byte	.LASF19
 646 0019 00000000 		.4byte	.Ldebug_line0
 647 001d 02       		.uleb128 0x2
 648 001e 01       		.byte	0x1
 649 001f 06       		.byte	0x6
 650 0020 DF010000 		.4byte	.LASF0
 651 0024 03       		.uleb128 0x3
 652 0025 00000000 		.4byte	.LASF9
 653 0029 01       		.byte	0x1
 654 002a 1D       		.byte	0x1d
 655 002b 2F000000 		.4byte	0x2f
 656 002f 02       		.uleb128 0x2
 657 0030 01       		.byte	0x1
 658 0031 08       		.byte	0x8
 659 0032 83000000 		.4byte	.LASF1
 660 0036 02       		.uleb128 0x2
 661 0037 02       		.byte	0x2
 662 0038 05       		.byte	0x5
 663 0039 CC010000 		.4byte	.LASF2
 664 003d 02       		.uleb128 0x2
 665 003e 02       		.byte	0x2
 666 003f 07       		.byte	0x7
 667 0040 31010000 		.4byte	.LASF3
 668 0044 02       		.uleb128 0x2
 669 0045 04       		.byte	0x4
 670 0046 05       		.byte	0x5
 671 0047 D6010000 		.4byte	.LASF4
 672 004b 02       		.uleb128 0x2
 673 004c 04       		.byte	0x4
 674 004d 07       		.byte	0x7
 675 004e 1F010000 		.4byte	.LASF5
 676 0052 02       		.uleb128 0x2
 677 0053 08       		.byte	0x8
 678 0054 05       		.byte	0x5
 679 0055 BE010000 		.4byte	.LASF6
 680 0059 02       		.uleb128 0x2
ARM GAS  C:\Users\AHMADN~1\AppData\Local\Temp\ccrNURlr.s 			page 13


 681 005a 08       		.byte	0x8
 682 005b 07       		.byte	0x7
 683 005c 73010000 		.4byte	.LASF7
 684 0060 04       		.uleb128 0x4
 685 0061 04       		.byte	0x4
 686 0062 05       		.byte	0x5
 687 0063 696E7400 		.ascii	"int\000"
 688 0067 02       		.uleb128 0x2
 689 0068 04       		.byte	0x4
 690 0069 07       		.byte	0x7
 691 006a 66010000 		.4byte	.LASF8
 692 006e 03       		.uleb128 0x3
 693 006f 8A010000 		.4byte	.LASF10
 694 0073 02       		.byte	0x2
 695 0074 18       		.byte	0x18
 696 0075 24000000 		.4byte	0x24
 697 0079 05       		.uleb128 0x5
 698 007a 91000000 		.4byte	0x91
 699 007e 8A000000 		.4byte	0x8a
 700 0082 06       		.uleb128 0x6
 701 0083 8A000000 		.4byte	0x8a
 702 0087 2F02     		.2byte	0x22f
 703 0089 00       		.byte	0
 704 008a 02       		.uleb128 0x2
 705 008b 04       		.byte	0x4
 706 008c 07       		.byte	0x7
 707 008d B5010000 		.4byte	.LASF11
 708 0091 07       		.uleb128 0x7
 709 0092 6E000000 		.4byte	0x6e
 710 0096 08       		.uleb128 0x8
 711 0097 54010000 		.4byte	.LASF12
 712 009b 03       		.byte	0x3
 713 009c 1F       		.byte	0x1f
 714 009d A7000000 		.4byte	0xa7
 715 00a1 05       		.uleb128 0x5
 716 00a2 03       		.byte	0x3
 717 00a3 00000000 		.4byte	cy_meta_configecc
 718 00a7 07       		.uleb128 0x7
 719 00a8 79000000 		.4byte	0x79
 720 00ac 05       		.uleb128 0x5
 721 00ad 91000000 		.4byte	0x91
 722 00b1 BC000000 		.4byte	0xbc
 723 00b5 09       		.uleb128 0x9
 724 00b6 8A000000 		.4byte	0x8a
 725 00ba 03       		.byte	0x3
 726 00bb 00       		.byte	0
 727 00bc 08       		.uleb128 0x8
 728 00bd 44010000 		.4byte	.LASF13
 729 00c1 03       		.byte	0x3
 730 00c2 72       		.byte	0x72
 731 00c3 CD000000 		.4byte	0xcd
 732 00c7 05       		.uleb128 0x5
 733 00c8 03       		.byte	0x3
 734 00c9 00000000 		.4byte	cy_meta_custnvl
 735 00cd 07       		.uleb128 0x7
 736 00ce AC000000 		.4byte	0xac
 737 00d2 08       		.uleb128 0x8
ARM GAS  C:\Users\AHMADN~1\AppData\Local\Temp\ccrNURlr.s 			page 14


 738 00d3 A7010000 		.4byte	.LASF14
 739 00d7 03       		.byte	0x3
 740 00d8 80       		.byte	0x80
 741 00d9 E3000000 		.4byte	0xe3
 742 00dd 05       		.uleb128 0x5
 743 00de 03       		.byte	0x3
 744 00df 00000000 		.4byte	cy_meta_wonvl
 745 00e3 07       		.uleb128 0x7
 746 00e4 AC000000 		.4byte	0xac
 747 00e8 05       		.uleb128 0x5
 748 00e9 91000000 		.4byte	0x91
 749 00ed F8000000 		.4byte	0xf8
 750 00f1 09       		.uleb128 0x9
 751 00f2 8A000000 		.4byte	0x8a
 752 00f6 FF       		.byte	0xff
 753 00f7 00       		.byte	0
 754 00f8 08       		.uleb128 0x8
 755 00f9 92010000 		.4byte	.LASF15
 756 00fd 03       		.byte	0x3
 757 00fe 8E       		.byte	0x8e
 758 00ff 09010000 		.4byte	0x109
 759 0103 05       		.uleb128 0x5
 760 0104 03       		.byte	0x3
 761 0105 00000000 		.4byte	cy_meta_flashprotect
 762 0109 07       		.uleb128 0x7
 763 010a E8000000 		.4byte	0xe8
 764 010e 05       		.uleb128 0x5
 765 010f 91000000 		.4byte	0x91
 766 0113 1E010000 		.4byte	0x11e
 767 0117 09       		.uleb128 0x9
 768 0118 8A000000 		.4byte	0x8a
 769 011c 0B       		.byte	0xb
 770 011d 00       		.byte	0
 771 011e 08       		.uleb128 0x8
 772 011f 77000000 		.4byte	.LASF16
 773 0123 03       		.byte	0x3
 774 0124 BB       		.byte	0xbb
 775 0125 2F010000 		.4byte	0x12f
 776 0129 05       		.uleb128 0x5
 777 012a 03       		.byte	0x3
 778 012b 00000000 		.4byte	cy_metadata
 779 012f 07       		.uleb128 0x7
 780 0130 0E010000 		.4byte	0x10e
 781 0134 00       		.byte	0
 782              		.section	.debug_abbrev,"",%progbits
 783              	.Ldebug_abbrev0:
 784 0000 01       		.uleb128 0x1
 785 0001 11       		.uleb128 0x11
 786 0002 01       		.byte	0x1
 787 0003 25       		.uleb128 0x25
 788 0004 0E       		.uleb128 0xe
 789 0005 13       		.uleb128 0x13
 790 0006 0B       		.uleb128 0xb
 791 0007 03       		.uleb128 0x3
 792 0008 0E       		.uleb128 0xe
 793 0009 1B       		.uleb128 0x1b
 794 000a 0E       		.uleb128 0xe
ARM GAS  C:\Users\AHMADN~1\AppData\Local\Temp\ccrNURlr.s 			page 15


 795 000b 10       		.uleb128 0x10
 796 000c 17       		.uleb128 0x17
 797 000d 00       		.byte	0
 798 000e 00       		.byte	0
 799 000f 02       		.uleb128 0x2
 800 0010 24       		.uleb128 0x24
 801 0011 00       		.byte	0
 802 0012 0B       		.uleb128 0xb
 803 0013 0B       		.uleb128 0xb
 804 0014 3E       		.uleb128 0x3e
 805 0015 0B       		.uleb128 0xb
 806 0016 03       		.uleb128 0x3
 807 0017 0E       		.uleb128 0xe
 808 0018 00       		.byte	0
 809 0019 00       		.byte	0
 810 001a 03       		.uleb128 0x3
 811 001b 16       		.uleb128 0x16
 812 001c 00       		.byte	0
 813 001d 03       		.uleb128 0x3
 814 001e 0E       		.uleb128 0xe
 815 001f 3A       		.uleb128 0x3a
 816 0020 0B       		.uleb128 0xb
 817 0021 3B       		.uleb128 0x3b
 818 0022 0B       		.uleb128 0xb
 819 0023 49       		.uleb128 0x49
 820 0024 13       		.uleb128 0x13
 821 0025 00       		.byte	0
 822 0026 00       		.byte	0
 823 0027 04       		.uleb128 0x4
 824 0028 24       		.uleb128 0x24
 825 0029 00       		.byte	0
 826 002a 0B       		.uleb128 0xb
 827 002b 0B       		.uleb128 0xb
 828 002c 3E       		.uleb128 0x3e
 829 002d 0B       		.uleb128 0xb
 830 002e 03       		.uleb128 0x3
 831 002f 08       		.uleb128 0x8
 832 0030 00       		.byte	0
 833 0031 00       		.byte	0
 834 0032 05       		.uleb128 0x5
 835 0033 01       		.uleb128 0x1
 836 0034 01       		.byte	0x1
 837 0035 49       		.uleb128 0x49
 838 0036 13       		.uleb128 0x13
 839 0037 01       		.uleb128 0x1
 840 0038 13       		.uleb128 0x13
 841 0039 00       		.byte	0
 842 003a 00       		.byte	0
 843 003b 06       		.uleb128 0x6
 844 003c 21       		.uleb128 0x21
 845 003d 00       		.byte	0
 846 003e 49       		.uleb128 0x49
 847 003f 13       		.uleb128 0x13
 848 0040 2F       		.uleb128 0x2f
 849 0041 05       		.uleb128 0x5
 850 0042 00       		.byte	0
 851 0043 00       		.byte	0
ARM GAS  C:\Users\AHMADN~1\AppData\Local\Temp\ccrNURlr.s 			page 16


 852 0044 07       		.uleb128 0x7
 853 0045 26       		.uleb128 0x26
 854 0046 00       		.byte	0
 855 0047 49       		.uleb128 0x49
 856 0048 13       		.uleb128 0x13
 857 0049 00       		.byte	0
 858 004a 00       		.byte	0
 859 004b 08       		.uleb128 0x8
 860 004c 34       		.uleb128 0x34
 861 004d 00       		.byte	0
 862 004e 03       		.uleb128 0x3
 863 004f 0E       		.uleb128 0xe
 864 0050 3A       		.uleb128 0x3a
 865 0051 0B       		.uleb128 0xb
 866 0052 3B       		.uleb128 0x3b
 867 0053 0B       		.uleb128 0xb
 868 0054 49       		.uleb128 0x49
 869 0055 13       		.uleb128 0x13
 870 0056 3F       		.uleb128 0x3f
 871 0057 19       		.uleb128 0x19
 872 0058 02       		.uleb128 0x2
 873 0059 18       		.uleb128 0x18
 874 005a 00       		.byte	0
 875 005b 00       		.byte	0
 876 005c 09       		.uleb128 0x9
 877 005d 21       		.uleb128 0x21
 878 005e 00       		.byte	0
 879 005f 49       		.uleb128 0x49
 880 0060 13       		.uleb128 0x13
 881 0061 2F       		.uleb128 0x2f
 882 0062 0B       		.uleb128 0xb
 883 0063 00       		.byte	0
 884 0064 00       		.byte	0
 885 0065 00       		.byte	0
 886              		.section	.debug_aranges,"",%progbits
 887 0000 14000000 		.4byte	0x14
 888 0004 0200     		.2byte	0x2
 889 0006 00000000 		.4byte	.Ldebug_info0
 890 000a 04       		.byte	0x4
 891 000b 00       		.byte	0
 892 000c 0000     		.2byte	0
 893 000e 0000     		.2byte	0
 894 0010 00000000 		.4byte	0
 895 0014 00000000 		.4byte	0
 896              		.section	.debug_line,"",%progbits
 897              	.Ldebug_line0:
 898 0000 3D010000 		.section	.debug_str,"MS",%progbits,1
 898      02003701 
 898      00000201 
 898      FB0E0D00 
 898      01010101 
 899              	.LASF9:
 900 0000 5F5F7569 		.ascii	"__uint8_t\000"
 900      6E74385F 
 900      7400
 901              	.LASF19:
 902 000a 433A5C55 		.ascii	"C:\\Users\\Ahmad Negm\\Desktop\\6.115\\FP\\psoc_sec"
ARM GAS  C:\Users\AHMADN~1\AppData\Local\Temp\ccrNURlr.s 			page 17


 902      73657273 
 902      5C41686D 
 902      6164204E 
 902      65676D5C 
 903 0037 6F6E645F 		.ascii	"ond_device_project final\\psoc_second_device_projec"
 903      64657669 
 903      63655F70 
 903      726F6A65 
 903      63742066 
 904 0069 74206669 		.ascii	"t final.cydsn\000"
 904      6E616C2E 
 904      63796473 
 904      6E00
 905              	.LASF16:
 906 0077 63795F6D 		.ascii	"cy_metadata\000"
 906      65746164 
 906      61746100 
 907              	.LASF1:
 908 0083 756E7369 		.ascii	"unsigned char\000"
 908      676E6564 
 908      20636861 
 908      7200
 909              	.LASF17:
 910 0091 474E5520 		.ascii	"GNU C11 5.4.1 20160609 (release) [ARM/embedded-5-br"
 910      43313120 
 910      352E342E 
 910      31203230 
 910      31363036 
 911 00c4 616E6368 		.ascii	"anch revision 237715] -mcpu=cortex-m3 -mthumb -g -O"
 911      20726576 
 911      6973696F 
 911      6E203233 
 911      37373135 
 912 00f7 67202D66 		.ascii	"g -ffunction-sections -ffat-lto-objects\000"
 912      66756E63 
 912      74696F6E 
 912      2D736563 
 912      74696F6E 
 913              	.LASF5:
 914 011f 6C6F6E67 		.ascii	"long unsigned int\000"
 914      20756E73 
 914      69676E65 
 914      6420696E 
 914      7400
 915              	.LASF3:
 916 0131 73686F72 		.ascii	"short unsigned int\000"
 916      7420756E 
 916      7369676E 
 916      65642069 
 916      6E7400
 917              	.LASF13:
 918 0144 63795F6D 		.ascii	"cy_meta_custnvl\000"
 918      6574615F 
 918      63757374 
 918      6E766C00 
 919              	.LASF12:
 920 0154 63795F6D 		.ascii	"cy_meta_configecc\000"
ARM GAS  C:\Users\AHMADN~1\AppData\Local\Temp\ccrNURlr.s 			page 18


 920      6574615F 
 920      636F6E66 
 920      69676563 
 920      6300
 921              	.LASF8:
 922 0166 756E7369 		.ascii	"unsigned int\000"
 922      676E6564 
 922      20696E74 
 922      00
 923              	.LASF7:
 924 0173 6C6F6E67 		.ascii	"long long unsigned int\000"
 924      206C6F6E 
 924      6720756E 
 924      7369676E 
 924      65642069 
 925              	.LASF10:
 926 018a 75696E74 		.ascii	"uint8_t\000"
 926      385F7400 
 927              	.LASF15:
 928 0192 63795F6D 		.ascii	"cy_meta_flashprotect\000"
 928      6574615F 
 928      666C6173 
 928      6870726F 
 928      74656374 
 929              	.LASF14:
 930 01a7 63795F6D 		.ascii	"cy_meta_wonvl\000"
 930      6574615F 
 930      776F6E76 
 930      6C00
 931              	.LASF11:
 932 01b5 73697A65 		.ascii	"sizetype\000"
 932      74797065 
 932      00
 933              	.LASF6:
 934 01be 6C6F6E67 		.ascii	"long long int\000"
 934      206C6F6E 
 934      6720696E 
 934      7400
 935              	.LASF2:
 936 01cc 73686F72 		.ascii	"short int\000"
 936      7420696E 
 936      7400
 937              	.LASF4:
 938 01d6 6C6F6E67 		.ascii	"long int\000"
 938      20696E74 
 938      00
 939              	.LASF0:
 940 01df 7369676E 		.ascii	"signed char\000"
 940      65642063 
 940      68617200 
 941              	.LASF18:
 942 01eb 47656E65 		.ascii	"Generated_Source\\PSoC5\\cymetadata.c\000"
 942      72617465 
 942      645F536F 
 942      75726365 
 942      5C50536F 
 943              		.ident	"GCC: (GNU Tools for ARM Embedded Processors) 5.4.1 20160609 (release) [ARM/embedded-5-bran
ARM GAS  C:\Users\AHMADN~1\AppData\Local\Temp\ccrNURlr.s 			page 19


